  MPI: initialised 2 processes
  MPI: rank = 0, PID = 4180
  MPI: rank = 1, PID = 4181
  running POST for EnKF version 0.50:
  2014-07-09 10:42:29
  reading system specs from "enkf.prm":
    MODE = EnKF
    SCHEME = DEnKF
    OBS = "obs.prm"
    DATE = "6565.5 days since 1990-01-01"
    MODEL PRM = "model.prm"
    GRID PRM = "grid.prm"
    ENSEMBLE DIR = "ensemble_6565"
    ENSEMBLE SIZE = 96
    VARNAMES = eta_t temp salt u v
    OBS2VAR = { SST temp } { SLA eta_t } { TEM temp } { SAL salt }
    HFUNCTIONS = { SST standard } { SLA standard } { TEM standard } { SAL standard }
    KFACTOR = 999.0
    RFACTOR SST = 1.0
    RFACTOR SLA = 1.0
    RFACTOR TEM = 1.0
    RFACTOR SAL = 1.0
    LOCRAD = 200
    STRIDE = 3
    FIELDBUFFERSIZE = 4
    INFLATION eta_t = 1.000
    INFLATION temp = 1.000
    INFLATION salt = 1.000
    INFLATION u = 1.000
    INFLATION v = 1.000
    REGION Global: lon = [0.0, 360.0], lat = [-90.0, 90.0]
    POINTLOG 30 30
    SOBSTRIDE = 1
    EnKF flags:
      enkf_exitaction  = [BACKTRACE]
      enkf_obstype     = [VALUE]
      enkf_separateout = [+]
      enkf_directwrite = [-]
    compile flags:
      CHECK_X5         = [-]
      CHECK_G          = [-]
      SHUFFLE_ROWS     = [-]
      HE_VIAFILE       = [-]
  initialising the system:
    grid dimensions = 100 x 100 x 2
  grid prm info:
    name = "t-grid"
    file = "conf/grid_spec.nc"
    xdimname = "grid_x_T"
    ydimname = "grid_y_T"
    zdimname = "zt"
    xvarname = "grid_x_T"
    yvarname = "grid_y_T"
    zvarname = "zt"
    depthvarname = "depth_t"
    numlevelsvarname = "num_levels"
  grid info:
    type = LATLON_REGULAR
    periodic by X = no
    periodic by Y = no
    dims = 100 x 100 x 2
    longitude range = [0, 360]
  model info:
    name = Tasman
    type = z-model
    MSL file = conf/eta_mean-bran.nc
    MSL variable = eta_t
  using assembled write
  updating the ensemble:
    96 members
    9 fields
    allocating disk space for spread:
    defining state variables in point logs:
    distributing iterations:
      all processes get 48 iterations
      process 0: 0 - 47
    2014-07-09 10:42:29
    allocating disk space for analysis:................................................................................................................................................................................................................................................................................................................................................................................................................................................................................................
    2014-07-09 10:42:29
    distributing iterations:
      process 0: 0 - 4
    processing fields:
      eta_t    0   (0: 0: 20.0%)
      u        0   (1: 5: 25.0%)
      temp     0   (0: 1: 40.0%)
      u        1   (1: 6: 50.0%)
      temp     1   (0: 2: 60.0%)
      v        0   (1: 7: 75.0%)
      salt     0   (0: 3: 80.0%)
      v        1   (1: 8: 100.0%)
      salt     1   (0: 4: 100.0%)

  2014-07-09 10:42:33
  assembling analysis:
    distributing iterations:
      all processes get 48 iterations
      process 0: 0 - 47
    eta_t:................................................
    temp:................................................
    salt:................................................
    u:................................................
    v:................................................
  assembling spread:
    eta_t:.
    temp:..
    salt:..
    u:..
    v:..
  2014-07-09 10:42:36
  finished
