  running PREP for EnKF version 0.48:
  2014-06-27 13:58:18
  reading prep specs from "enkf.prm":
    MODE = EnKF
    SCHEME = DEnKF
    OBS = "obs.prm"
    DATE = "6565.5 days since 1990-01-01"
    MODEL PRM = "model.prm"
    GRID PRM = "grid.prm"
    ENSEMBLE DIR = "ensemble_6565"
    ENSEMBLE SIZE = 96
    VARNAMES = eta_t temp salt u v
    OBS2VAR = { SST temp } { SLA eta_t } { TEM temp } { SAL salt }
    HFUNCTIONS = { SST standard } { SLA standard } { TEM standard } { SAL standard }
    KFACTOR = 999.0
    RFACTOR SST = 1.0
    RFACTOR SLA = 1.0
    RFACTOR TEM = 1.0
    RFACTOR SAL = 1.0
    LOCRAD = 200
    STRIDE = 3
    FIELDBUFFERSIZE = 4
    INFLATION eta_t = 1.000
    INFLATION temp = 1.000
    INFLATION salt = 1.000
    INFLATION u = 1.000
    INFLATION v = 1.000
    REGION Global: lon = [0.0, 360.0], lat = [-90.0, 90.0]
    POINTLOG 30 30
    SOBSTRIDE = 1
    EnKF flags:
      enkf_exitaction  = [BACKTRACE]
      enkf_obstype     = [VALUE]
      enkf_separateout = [-]
      enkf_directwrite = [-]
    compile flags:
      CHECK_X5         = [-]
      CHECK_G          = [-]
      SHUFFLE_ROWS     = [-]
      HE_VIAFILE       = [-]
  reading observation specs from "obs.prm":
    PRODUCT = RADS
      READER = standard2
      TYPE = SLA
      File:        obsmeta.c = obs/RADS-IB/y2007/m12/??_d19.nc
      File:        obsmeta.c = obs/RADS-IB/y2007/m12/??_d20.nc
      File:        obsmeta.c = obs/RADS-IB/y2007/m12/??_d21.nc
      File:        obsmeta.c = obs/RADS-IB/y2007/m12/??_d22.nc
      File:        obsmeta.c = obs/RADS-IB/y2007/m12/??_d23.nc
    PRODUCT = NAVO
      READER = standard
      TYPE = SST
      File:        obsmeta.c = obs/NAVO/navo_20071219.nc
      File:        obsmeta.c = obs/NAVO/navo_20071220.nc
      File:        obsmeta.c = obs/NAVO/navo_20071221.nc
      File:        obsmeta.c = obs/NAVO/navo_20071222.nc
      File:        obsmeta.c = obs/NAVO/navo_20071223.nc
    PRODUCT = WindSat
      READER = standard
      TYPE = SST
      File:        obsmeta.c = obs/WINDSAT/windsat_20071219.nc
      File:        obsmeta.c = obs/WINDSAT/windsat_20071220.nc
      File:        obsmeta.c = obs/WINDSAT/windsat_20071221.nc
      File:        obsmeta.c = obs/WINDSAT/windsat_20071222.nc
      File:        obsmeta.c = obs/WINDSAT/windsat_20071223.nc
    PRODUCT = CARS
      READER = standard
      TYPE = TEM
      File:        obsmeta.c = obs/TS-SEP-2011/y2007/m12/cars_temp_d19.nc
      File:        obsmeta.c = obs/TS-SEP-2011/y2007/m12/cars_temp_d20.nc
      File:        obsmeta.c = obs/TS-SEP-2011/y2007/m12/cars_temp_d21.nc
      File:        obsmeta.c = obs/TS-SEP-2011/y2007/m12/cars_temp_d22.nc
      File:        obsmeta.c = obs/TS-SEP-2011/y2007/m12/cars_temp_d23.nc
      ERROR_STD = 0.5
    PRODUCT = CARS
      READER = standard
      TYPE = SAL
      File:        obsmeta.c = obs/TS-SEP-2011/y2007/m12/cars_salt_d19.nc
      File:        obsmeta.c = obs/TS-SEP-2011/y2007/m12/cars_salt_d20.nc
      File:        obsmeta.c = obs/TS-SEP-2011/y2007/m12/cars_salt_d21.nc
      File:        obsmeta.c = obs/TS-SEP-2011/y2007/m12/cars_salt_d22.nc
      File:        obsmeta.c = obs/TS-SEP-2011/y2007/m12/cars_salt_d23.nc
      ERROR_STD = 0.1
  setting the model grid:
    grid dimensions = 100 x 100 x 2
  grid prm info:
    name = "t-grid"
    file = "conf/grid_spec.nc"
    xdimname = "grid_x_T"
    ydimname = "grid_y_T"
    zdimname = "zt"
    xvarname = "grid_x_T"
    yvarname = "grid_y_T"
    zvarname = "zt"
    depthvarname = "depth_t"
    numlevelsvarname = "num_levels"
  grid info:
    type = LATLON_REGULAR
    periodic by X = no
    periodic by Y = no
    dims = 100 x 100 x 2
    longitude range = [0, 360]
  model info:
    name = TASMAN
    type = MOM4
    MSL file = conf/eta_mean-bran.nc
    MSL variable = eta_t
  reading observations:
    PRODUCT = RADS, TYPE = SLA, reader = standard2
      reading obs/RADS-IB/y2007/m12/e2_d19.nc:
        nobs = 5394
        error_std = 0.05
      reading obs/RADS-IB/y2007/m12/j1_d19.nc:
        nobs = 50386
        error_std = 0.03
      reading obs/RADS-IB/y2007/m12/ls: cannot access obs/WINDSAT/windsat_20071221.nc: No such file or directory
ls: cannot access obs/WINDSAT/windsat_20071222.nc: No such file or directory
ls: cannot access obs/WINDSAT/windsat_20071223.nc: No such file or directory
n1_d19.nc:
        nobs = 40491
        error_std = 0.05
      reading obs/RADS-IB/y2007/m12/e2_d20.nc:
        nobs = 6177
        error_std = 0.05
      reading obs/RADS-IB/y2007/m12/j1_d20.nc:
        nobs = 50153
        error_std = 0.03
      reading obs/RADS-IB/y2007/m12/n1_d20.nc:
        nobs = 39486
        error_std = 0.05
      reading obs/RADS-IB/y2007/m12/e2_d21.nc:
        nobs = 5364
        error_std = 0.05
      reading obs/RADS-IB/y2007/m12/j1_d21.nc:
        nobs = 51928
        error_std = 0.03
      reading obs/RADS-IB/y2007/m12/n1_d21.nc:
        nobs = 39512
        error_std = 0.05
      reading obs/RADS-IB/y2007/m12/e2_d22.nc:
        nobs = 5200
        error_std = 0.05
      reading obs/RADS-IB/y2007/m12/j1_d22.nc:
        nobs = 51022
        error_std = 0.03
      reading obs/RADS-IB/y2007/m12/n1_d22.nc:
        nobs = 41034
        error_std = 0.05
      reading obs/RADS-IB/y2007/m12/e2_d23.nc:
        nobs = 6030
        error_std = 0.05
      reading obs/RADS-IB/y2007/m12/j1_d23.nc:
        nobs = 49922
        error_std = 0.03
      reading obs/RADS-IB/y2007/m12/n1_d23.nc:
        nobs = 38946
        error_std = 0.05
      id = 0 - 481044
      total 481045 observations
      998 valid observations
      min date = -4.000
      max date = 0.000
    PRODUCT = NAVO, TYPE = SST, reader = standard
      reading obs/NAVO/navo_20071219.nc:
        nobs = 21372
      reading obs/NAVO/navo_20071220.nc:
        nobs = 18990
      reading obs/NAVO/navo_20071221.nc:
        nobs = 31481
      reading obs/NAVO/navo_20071222.nc:
        nobs = 20804
      reading obs/NAVO/navo_20071223.nc:
        nobs = 28440
      id = 481045 - 488260
      total 7216 observations
      7216 valid observations
      min date = -4.039
      max date = 0.453
    PRODUCT = WindSat, TYPE = SST, reader = standard
      reading obs/WINDSAT/windsat_20071219.nc:
        nobs = 320738
      reading obs/WINDSAT/windsat_20071220.nc:
        nobs = 29534
      id = 488261 - 489428
      total 1168 observations
      1168 valid observations
      min date = -4.000
      max date = -4.000
    PRODUCT = CARS, TYPE = TEM, reader = standard
      reading obs/TS-SEP-2011/y2007/m12/cars_temp_d19.nc:
        # profiles = 384
        # z levels = 191
        nobs = 176
      reading obs/TS-SEP-2011/y2007/m12/cars_temp_d20.nc:
        # profiles = 377
        # z levels = 191
        nobs = 56
      reading obs/TS-SEP-2011/y2007/m12/cars_temp_d21.nc:
        # profiles = 329
        # z levels = 191
        nobs = 56
      reading obs/TS-SEP-2011/y2007/m12/cars_temp_d22.nc:
        # profiles = 350
        # z levels = 191
        nobs = 0
      reading obs/TS-SEP-2011/y2007/m12/cars_temp_d23.nc:
        # profiles = 344
        # z levels = 191
        nobs = 0
      id = 489429 - 489716
      total 288 observations
      288 valid observations
      adding error_std = 0.5:
      min date = -4.000
      max date = -2.000
    PRODUCT = CARS, TYPE = SAL, reader = standard
      reading obs/TS-SEP-2011/y2007/m12/cars_salt_d19.nc:
        # profiles = 366
        # z levels = 191
        nobs = 176
      reading obs/TS-SEP-2011/y2007/m12/cars_salt_d20.nc:
        # profiles = 360
        # z levels = 191
        nobs = 56
      reading obs/TS-SEP-2011/y2007/m12/cars_salt_d21.nc:
        # profiles = 314
        # z levels = 191
        nobs = 56
      reading obs/TS-SEP-2011/y2007/m12/cars_salt_d22.nc:
        # profiles = 323
        # z levels = 191
        nobs = 0
      reading obs/TS-SEP-2011/y2007/m12/cars_salt_d23.nc:
        # profiles = 325
        # z levels = 191
        nobs = 0
      id = 489717 - 490004
      total 288 observations
      288 valid observations
      adding error_std = 0.1:
      min date = -4.000
      max date = -2.000
    compacting obs:
    calculating obs stats:
  writing observations to "observations-orig.nc":
  superobing:
    3927 superoobservations
    calculating obs stats:
  writing superobservations to "observations.nc":
  printing observation statistics:
    type    # used     # dropped  # outside  # land     # shallow  # badvalue # superobs.
    ----------------------------------------------------------------------------------------
    SST     8384       0          0          0          0          0          3255      
    SLA     998        480047     480035     0          8          4          652       
    TEM     288        0          0          0          0          0          10        
    SAL     288        0          0          0          0          0          10        
    total   9958       480047     480035     0          8          4          3927      
  2014-06-27 13:58:19
  finished
