  MPI: initialised 4 process(es)
  running UPDATE for EnKF-C version 2.43.0:
    command = "./enkf_update --calculate-spread --write-inflation --output-increment hybrid.prm"
    dir = "/home/599/pxs599/src/enkf-c.fieldsplit/enkf/examples/1"
  2025-12-24 08:31:23
  reading system specs from "hybrid.prm":
    MODE = Hybrid
    SCHEME = DEnKF
    MODEL PRM = "model.prm"
    GRID PRM = "grid.prm"
    DYNAMIC ENSEMBLE DIR = "ensemble_6565"
    STATIC ENSEMBLE DIR = "ensemble_static"
    ENSEMBLE SIZE = <FULL>
    DYNAMIC ENSEMBLE SIZE = <FULL>
    STATIC ENSEMBLE SIZE = <FULL>
    GAMMA = 0.250
    INFLATION BASE = 1.1000
    INFLATION MODE = CAPPED, MAX RATIO = 1.00
    STRIDE = 3
    FIELDBUFFERSIZE = 4
    FIELDSPLIT = 1
    POINTLOG 156.000 -32.000 
    NCFORMAT = NETCDF4
    NCCOMPRESSION = 0
    EnKF flags:
      enkf_exitaction  = [SEGFAULT]
      enkf_obstype     = [VALUE]
    enkf_update compile flags:
      NCW_SKIPSINGLE   = [-]
      USE_MPIQUEUE     = [+]
      DEFLATE_ALL      = [-]
  update specs:
    do model fields   = [+]
    do spread         = [+]
    do pointlogs      = [+]
    output increment  = [+]
  initialising the system:
    grid prm info:
      NAME = "t-grid"
      DOMAIN = ALL
      DATA = "conf/grid_spec.nc"
      VTYPE = "z"
      VDIR = FROMSURF
      GEOGRAPHIC = 1
      ZVARNAME = "zt"
      ZCVARNAME = <none>
      DEPTHVARNAME = "depth_t"
      NUMLEVELSVARNAME = "num_levels"
      VDIR = "FROMSURF"
      XVARNAME = "lon"
      YVARNAME = "lat"
      ZSTATINTS = [0 50] [50 500] [500 9999] 
    grid info:
      size = 100 x 100 x 2
      h type = RECTANGULAR
      periodic by X = no
      longitude range = any
      v type = Z
      v dir = FROMSURF
      STRIDE = 0
  model info:
    name = Tasman
    5 variables:
      eta_t:
        grid = "t-grid"
        inflation = 1.100 1.00
      temp:
        grid = "t-grid"
        inflation = 1.100 1.00
      salt:
        grid = "t-grid"
        inflation = 1.100 1.00
      u:
        grid = "t-grid"
        inflation = 1.100 1.00
      v:
        grid = "t-grid"
        inflation = 1.100 1.00
  setting the ensemble size:
    96 dynamic members
    144 static members
  initialising pointlogs:
    pointlog (156.000, -32.000):
      t-grid: (i, j) = (49.500, 49.500)
  defining state variables in point logs:
  writing forecast variables to point logs:
    2025-12-24 08:31:23
    distributing 240 iterations:
      4 processes get 60 iterations each
    eta_t:............................................................
    temp:........................................................................................................................
    salt:........................................................................................................................
    u:........................................................................................................................
    v:........................................................................................................................
  allocating disk space for spread:
    2025-12-24 08:31:24
    2025-12-24 08:31:24
    allocating disk space for inflation:
      2025-12-24 08:31:24
    allocating disk space for analysis:
      2025-12-24 08:31:24
      distributing 96 iterations:
        4 processes get 24 iterations each
      ........................................................................................................................
    updating 9 fields using 4 processes:
      2025-12-24 08:31:25
      eta_t  0   (1: 0: 11.1%)
      temp   1   (3: 2: 33.3%)
      temp   0   (2: 1: 22.2%)
      salt   0   (1: 3: 44.4%)
      salt   1   (2: 4: 55.6%)
      u      0   (3: 5: 66.7%)
      u      1   (3: 6: 77.8%)
      v      0   (2: 7: 88.9%)
      v      1   (1: 8: 100.0%)
  assembling members:
    2025-12-24 08:31:28
    distributing 480 iterations:
      4 processes get 120 iterations each
    ........................................................................................................................
  assembling spread:
    2025-12-24 08:31:30
    eta_t:.
    temp:..
    salt:..
    u:..
    v:..
  assembling inflation:
    2025-12-24 08:31:30
    eta_t:.
    temp:..
    salt:..
    u:..
    v:..
  writing analysed variables to point logs:
  2025-12-24 08:31:31
    distributing 96 iterations:
      4 processes get 24 iterations each
    eta_t:........................
    temp:................................................
    salt:................................................
    u:................................................
    v:................................................
  2025-12-24 08:31:32
  finished
