  MPI: initialised 2 process(es)
  MPI: rank = 0, PID = 5252
  MPI: rank = 1, PID = 5253
  running CALC for EnKF-C version 1.110.1:
    command = "./enkf_calc --point-logs-only pointlogs.prm"
    dir = "/home/pavel/src/enkf-c/trunk/enkf/examples/1"
  2020-03-11 13:06:13
  reading system specs from "pointlogs.prm":
    MODE = EnKF
    SCHEME = DEnKF
    MODEL PRM = "model.prm"
    GRID PRM = "grid.prm"
    OBS TYPES PRM = "obstypes.prm"
    OBS PRM = "obs.prm"
    DATE = "6565.5 days since 1990-01-01"
    ENSEMBLE DIR = "ensemble_6565"
    ENSEMBLE SIZE = 96
    RFACTOR BASE = 2.0
    INFLATION BASE = 1.1000
    INFLATION MODE = SPREAD LIMITED, MAX RATIO = 1.00
    KFACTOR = 999.0
      LOCRAD  = 200
      LOCWEIGHT =  1
    STRIDE = 3
    FIELDBUFFERSIZE = 4
    REGION Global: x = [0.0, 360.0], y = [-90.0, 90.0]
    POINTLOG 156.000 -32.000 
    POINTLOG 160.000 -29.000 
    POINTLOG 152.000 -36.000 
    NCFORMAT = 64BIT
    NCCOMPRESSION = 0
    EnKF flags:
      enkf_exitaction  = [SEGFAULT]
      enkf_obstype     = [VALUE]
    compile flags:
      SHUFFLE_ROWS     = [-]
      HE_VIASHMEM      = [+]
      MINIMISE_ALLOC   = [+]
      OBS_SHUFFLE      = [-]
      INTERNAL_QSORT_R = [-]
  initialising the system:
  reading observation type specs from "obstypes.prm":
    NAME = SLA
    ISSURFACE = 1
      VAR = eta_t
      ID = 0
      OFFSET = conf/eta_mean-bran.nc eta_t
      HFUNCTION = standard
      ALLOWED MIN = -1
      ALLOWED MAX = 1
      ASYNCHRONOUS = no
      LOCRAD  = 200
      LOCWEIGHT =  1
      RFACTOR = 2
    NAME = SST
    ISSURFACE = 1
      VAR = temp
      ID = 1
      HFUNCTION = standard
      ALLOWED MIN = -2
      ALLOWED MAX = 42
      ASYNCHRONOUS = no
      LOCRAD  = 200
      LOCWEIGHT =  1
      RFACTOR = 4
    NAME = TEM
    ISSURFACE = 0
      VAR = temp
      ID = 2
      HFUNCTION = standard
      ALLOWED MIN = -2
      ALLOWED MAX = 42
      ASYNCHRONOUS = no
      LOCRAD  = 800
      LOCWEIGHT =  1
      RFACTOR = 8
    NAME = SAL
    ISSURFACE = 0
      VAR = salt
      ID = 3
      HFUNCTION = standard
      ALLOWED MIN = 28
      ALLOWED MAX = 39
      ASYNCHRONOUS = no
      LOCRAD  = 800
      LOCWEIGHT =  1
      RFACTOR = 8
    grid prm info:
      NAME = "t-grid"
      DOMAIN = Default
      DATA = "conf/grid_spec.nc"
      VTYPE = "z"
      ZVARNAME = "zt"
      ZCVARNAME = <none>
      DEPTHVARNAME = "depth_t"
      NUMLEVELSVARNAME = "num_levels"
      VDIR = "FROMSURF"
      XVARNAME = "lon"
      YVARNAME = "lat"
      ZSTATINTS = [0 50] [50 500] [500 9999] 
    grid info:
      hor type = LATLON
      periodic by X = no
      dims = 100 x 100 x 2
      longitude range = [0.000, 360.000]
      v type = Z
      v dir = FROMSURF
      STRIDE = 0
  setting the ensemble size:
    96 members
  reading observations from "observations.nc":
    3813 observations
    allocating 457560 bytes for array of observations
  calculating ensemble observations:
  2020-03-11 13:06:13
    allocating 2928384 bytes for HE array:
    distributing iterations:
      2 processes get 48 iterations each
    SLA ................................................
    SST ................................................
    TEM ................................................
    SAL ................................................
  adding forecast innovations and spread to "observations.nc":
  2020-03-11 13:06:13
    Hx_f already added to "observations.nc" (skipping)
  moderating observations:
    already done
      kdtree "SLA":
        645 nodes
        41280 bytes (externally allocated)
      kdtree "SST":
        3154 nodes
        201856 bytes (externally allocated)
      kdtree "TEM":
        7 nodes
        448 bytes (externally allocated)
      kdtree "SAL":
        7 nodes
        448 bytes (externally allocated)
  writing point logs:
    calculating transforms for log point (156.000,-32.000): 539 obs
    writing log for point (156.000,-32.000) on grid "t-grid":
    calculating transforms for log point (160.000,-29.000): 427 obs
    writing log for point (160.000,-29.000) on grid "t-grid":
    calculating transforms for log point (152.000,-36.000): 280 obs
    writing log for point (152.000,-36.000) on grid "t-grid":
  2020-03-11 13:06:13
  finished
