  MPI: initialised 4 process(es)
  Using MPI-3 shared memory:
    sm_comm size = 4
    node_comm size = 1
  running CALC for EnKF-C version 2.28.6:
    command = "./enkf_calc enkf-global.prm"
    dir = "/home/599/pxs599/tmp/enkf-c/enkf/examples/1"
  2024-05-05 14:34:11
  reading system specs from "enkf-global.prm":
    MODE = EnKF
    SCHEME = DEnKF
    MODEL PRM = "model.prm"
    GRID PRM = "grid.prm"
    OBS TYPES PRM = "obstypes-global.prm"
    OBS PRM = "obs.prm"
    DATE = "6565.5 days since 1990-01-01"
    ENSEMBLE DIR = "ensemble_6565"
    ENSEMBLE SIZE = 96
    RFACTOR BASE = 2.0
    KFACTOR = 999.0
    LOCRAD  = 1e+06
    LOCWEIGHT =  1
    STRIDE = 999999
    REGION Global: x = [0.0, 360.0], y = [-90.0, 90.0]
    POINTLOG 156.000 -32.000 
    NCFORMAT = NETCDF4
    NCCOMPRESSION = 0
    EnKF flags:
      enkf_exitaction  = [BACKTRACE]
      enkf_obstype     = [VALUE]
    enkf_calc compile flags:
      SHUFFLE_ROWS     = [-]
      USE_SHMEM        = [+]
      MINIMISE_ALLOC   = [+]
      OBS_SHUFFLE      = [-]
      TW_VIAFILE       = [+]
      USE_MPIQUEUE     = [+]
      INTERNAL_QSORT_R = [-]
      DEFLATE_ALL      = [-]
  initialising the system:
  reading observation type specs from "obstypes-global.prm":
    NAME = SLA
    ISSURFACE = 1
      VAR = eta_t
      ID = 0
      OFFSET = conf/eta_mean-bran.nc eta_t
      HFUNCTION = standard
      ALLOWED MIN = -1
      ALLOWED MAX = 1
      ASYNCHRONOUS = no
      LOCRAD  = 1e+06
      LOCWEIGHT =  1
      RFACTOR = 2
      PERMIT_LOCATION_BASED_THINNING = YES
    NAME = SST
    ISSURFACE = 1
      VAR = temp
      ID = 1
      HFUNCTION = standard
      ALLOWED MIN = -2
      ALLOWED MAX = 42
      ASYNCHRONOUS = no
      LOCRAD  = 1e+06
      LOCWEIGHT =  1
      RFACTOR = 4
      PERMIT_LOCATION_BASED_THINNING = YES
    NAME = TEM
    ISSURFACE = 0
      VAR = temp
      ID = 2
      HFUNCTION = standard
      ALLOWED MIN = -2
      ALLOWED MAX = 42
      ASYNCHRONOUS = no
      LOCRAD  = 1e+06
      LOCWEIGHT =  1
      RFACTOR = 2
      PERMIT_LOCATION_BASED_THINNING = YES
    NAME = SAL
    ISSURFACE = 0
      VAR = salt
      ID = 3
      HFUNCTION = standard
      ALLOWED MIN = 28
      ALLOWED MAX = 39
      ASYNCHRONOUS = no
      LOCRAD  = 1e+06
      LOCWEIGHT =  1
      RFACTOR = 2
      PERMIT_LOCATION_BASED_THINNING = YES
    grid prm info:
      NAME = "t-grid"
      DOMAIN = ALL
      DATA = "conf/grid_spec.nc"
      VTYPE = "z"
      VDIR = FROMSURF
      GEOGRAPHIC = yes
      ZVARNAME = "zt"
      ZCVARNAME = <none>
      DEPTHVARNAME = "depth_t"
      NUMLEVELSVARNAME = "num_levels"
      VDIR = "FROMSURF"
      XVARNAME = "lon"
      YVARNAME = "lat"
      ZSTATINTS = [0 50] [50 500] [500 9999] 
    grid info:
      size = 100 x 100 x 2
      h type = RECTANGULAR
      periodic by X = no
      longitude range = [0.000, 360.000]
      v type = Z
      v dir = FROMSURF
      STRIDE = 0
  model info:
    name = Tasman
    5 variables:
      eta_t:
        grid = "t-grid"
      temp:
        grid = "t-grid"
      salt:
        grid = "t-grid"
      u:
        grid = "t-grid"
      v:
        grid = "t-grid"
  setting the ensemble size:
    96 members
  initialising pointlogs:
    pointlog (156.000, -32.000):
      t-grid: (i, j) = (49.500, 49.500)
  reading observations from "observations.nc":
    10250 observations
    allocating 984000 bytes for array of observations
    creating kd-trees for observations:
      kdtree "SLA":
        652 nodes
        41776 bytes
      kdtree "SST":
        9554 nodes
        611504 bytes
      kdtree "TEM":
        39 nodes
        2544 bytes
      kdtree "SAL":
        5 nodes
        368 bytes
  calculating ensemble observations:
  2024-05-05 14:34:11
    allocating 3936000 bytes for HE array:
    allocating 3936000 bytes for HE^T array:
    distributing 96 iterations:
      4 processes get 24 iterations each
    SLA ........................
    SST ........................
    TEM ........................
    SAL ........................
  gathering:
  2024-05-05 14:34:12
  calculating innovations and spread:
  2024-05-05 14:34:12
  writing forecast innovations and spread to "observations.nc":
  2024-05-05 14:34:12
  identifying observation batches:
    SLA     9   
    SST     27  
    TEM     10  
    SAL     4   
    total:  50  
  moderating observations:
    observations substantially modified:
      SLA          0 (0.0%)
      SST          0 (0.0%)
      TEM          0 (0.0%)
      SAL          0 (0.0%)
      total        0 (0.0%)
  writing modified obs errors to "observations.nc":
  calculating transforms:
  2024-05-05 14:34:12
    calculating transforms for t-grid:
      main cycle for t-grid (1 x 1 local analyses):
        j = 0 (1: 0: 0.0%)
      creating empty file "transforms.nc":
      assembling "transforms.nc":.
      assembling "enkf_diag.nc":.
    finished calculating transforms for t-grid
    summary stats on t-grid:
      # of local analyses = 1
      average # of local obs = 10250.0
      # of inversions in obs space = 0
      # of inversions in ens space = 1
  writing point logs:
    calculating transforms for log point (156.000,-32.000): 10250 obs
    writing transforms for point (156.000,-32.000) on grid "t-grid":
  calculating analysed observations:
  2024-05-05 14:34:12
    sorting obs by ij:
    2024-05-05 14:34:12
    updating HE:
    distributing 10250 iterations:
      4 processes get 2563 or 2562 iterations
    2024-05-05 14:34:12
  adding analysis innovations and spread to "observations.nc":
  printing observation statistics:
    region obs.type   # obs.  |for.inn.| |an.inn.|   for.inn.   an.inn.  for.spread  an.spread
    ------------------------------------------------------------------------------------------
    Global
           SLA           652   0.0769     0.0731     0.0218     0.0191     0.0387     0.0213  
             j1          272   0.0731      0.081     0.0228      0.026     0.0434     0.0239  
             n1          380   0.0797     0.0675     0.0211     0.0142     0.0353     0.0194  
           SST          9554    0.456      0.443     -0.148     -0.158      0.352      0.194  
             ESACCI     8386    0.457       0.44     -0.128     -0.134      0.354      0.195  
             WindSat    1168    0.451      0.459      -0.29     -0.324      0.343      0.189  
           TEM            39    0.387      0.392     0.0609     0.0976      0.287      0.158  
             WMO851        3    0.817      0.919      0.817      0.919      0.283      0.156  
             WMO846        2     1.36       1.55     -0.158      0.642      0.447      0.246  
             WMO999       34    0.292      0.278    0.00707   -0.00692      0.278      0.153  
             0-50m        35    0.318      0.333     0.0411     0.0559      0.283      0.156  
             50-500m       4    0.991      0.916      0.234      0.462      0.326      0.179  
             500-9999m     0     -nan       -nan       -nan       -nan       -nan       -nan  
           SAL             5    0.101       0.11      0.075       0.11      0.031     0.0171  
             WMO851        3    0.113      0.106     0.0713      0.106     0.0322     0.0177  
             WMO846        2   0.0841      0.115     0.0806      0.115     0.0292     0.0161  
             0-50m         1    0.165      0.181      0.165      0.181     0.0228     0.0126  
             50-500m       4   0.0853     0.0917     0.0526     0.0917     0.0331     0.0182  
             500-9999m     0     -nan       -nan       -nan       -nan       -nan       -nan  
  2024-05-05 14:34:12
  finished
