  MPI: initialised 2 process(es)
  Using MPI-3 shared memory:
    sm_comm size = 2
    node_comm size = 1
  running CALC for EnKF-C version 2.21.3:
    command = "./enkf_calc --forecast-stats-only stats.prm"
    dir = "/home/pavel/src/enkf-c/trunk/enkf/examples/1"
  2023-06-21 10:42:48
  reading system specs from "stats.prm":
    MODE = EnOI
    MODEL PRM = "model.prm"
    GRID PRM = "grid.prm"
    OBS TYPES PRM = "obstypes.prm"
    OBS PRM = "obs.prm"
    DATE = "6565.5 days since 1990-01-01"
    BGDIR = "background_6565"
    REGION Global: x = [0.0, 360.0], y = [-90.0, 90.0]
    NCFORMAT = NETCDF4
    NCCOMPRESSION = 0
    EnKF flags:
      enkf_exitaction  = [BACKTRACE]
      enkf_obstype     = [VALUE]
    enkf_calc compile flags:
      SHUFFLE_ROWS     = [-]
      USE_SHMEM        = [+]
      MINIMISE_ALLOC   = [+]
      OBS_SHUFFLE      = [-]
      TW_VIAFILE       = [-]
      INTERNAL_QSORT_R = [-]
      DEFLATE_ALL      = [-]
  initialising the system:
  reading observation type specs from "obstypes.prm":
    NAME = SLA
    ISSURFACE = 1
      VAR = eta_t
      ID = 0
      OFFSET = conf/eta_mean-bran.nc eta_t
      HFUNCTION = standard
      ALLOWED MIN = -1
      ALLOWED MAX = 1
      ASYNCHRONOUS = no
      LOCRAD  =
      LOCWEIGHT = 
      RFACTOR = 1
      PERMIT_LOCATION_BASED_THINNING = YES
    NAME = SST
    ISSURFACE = 1
      VAR = temp
      ID = 1
      HFUNCTION = standard
      ALLOWED MIN = -2
      ALLOWED MAX = 42
      ASYNCHRONOUS = no
      LOCRAD  =
      LOCWEIGHT = 
      RFACTOR = 16
      PERMIT_LOCATION_BASED_THINNING = NO
    NAME = TEM
    ISSURFACE = 0
      VAR = temp
      ID = 2
      HFUNCTION = standard
      ALLOWED MIN = -2
      ALLOWED MAX = 42
      ASYNCHRONOUS = no
      LOCRAD  = 800
      LOCWEIGHT =  1
      RFACTOR = 4
      PERMIT_LOCATION_BASED_THINNING = YES
    NAME = SAL
    ISSURFACE = 0
      VAR = salt
      ID = 3
      HFUNCTION = standard
      ALLOWED MIN = 28
      ALLOWED MAX = 39
      ASYNCHRONOUS = no
      LOCRAD  = 800
      LOCWEIGHT =  1
      RFACTOR = 4
      PERMIT_LOCATION_BASED_THINNING = YES
    grid prm info:
      NAME = "t-grid"
      DOMAIN = ALL
      DATA = "conf/grid_spec.nc"
      VTYPE = "z"
      VDIR = FROMSURF
      GEOGRAPHIC = yes
      ZVARNAME = "zt"
      ZCVARNAME = <none>
      DEPTHVARNAME = "depth_t"
      NUMLEVELSVARNAME = "num_levels"
      VDIR = "FROMSURF"
      XVARNAME = "lon"
      YVARNAME = "lat"
      ZSTATINTS = [0 50] [50 500] [500 9999] 
    grid info:
      size = 100 x 100 x 2
      h type = RECTANGULAR
      periodic by X = no
      longitude range = [0.000, 360.000]
      v type = Z
      v dir = FROMSURF
      STRIDE = 0
  model info:
    name = Tasman
    5 variables:
      eta_t:
        grid = "t-grid"
        inflation = 1.000 1.00
      temp:
        grid = "t-grid"
        inflation = 1.000 1.00
      salt:
        grid = "t-grid"
        inflation = 1.000 1.00
      u:
        grid = "t-grid"
        inflation = 1.000 1.00
      v:
        grid = "t-grid"
        inflation = 1.000 1.00
  setting the ensemble size:
    1 member
  reading observations from "observations.nc":
    10249 observations
    allocating 983904 bytes for array of observations
    creating kd-trees for observations:
      kdtree "SLA":
        652 nodes
        41776 bytes
      kdtree "SST":
        9554 nodes
        611504 bytes
      kdtree "TEM":
        38 nodes
        2480 bytes
      kdtree "SAL":
        5 nodes
        368 bytes
  calculating ensemble observations:
  2023-06-21 10:42:48
    allocating 81992 bytes for HE array:
    distributing 1 iterations:
      1 processes get 1 iteration, 1 processes get 0 iterations
    SLA +
    SST +
    TEM +
    SAL +
    subtracting ensemble mean:
  writing forecast innovations and spread to "observations.nc":
  2023-06-21 10:42:48
  identifying observation batches:
    SLA     9   
    SST     27  
    TEM     12  
    SAL     4   
    total:  52  
  printing observation statistics:
    region obs.type   # obs.  |for.inn.| for.inn.
    ---------------------------------------------
    Global
           SLA           652   0.0769     0.0218  
             j1          272   0.0731     0.0228  
             n1          380   0.0797     0.0211  
           SST          9554    0.456     -0.148  
             ESACCI     8386    0.457     -0.128  
             WindSat    1168    0.451      -0.29  
           TEM            38    0.395      0.062  
             WMO851        3    0.817      0.817  
             WMO846        2     1.36     -0.158  
             WMO999       33    0.298     0.0067  
             0-50m        34    0.324     0.0417  
             50-500m       4    0.991      0.234  
             500-9999m     0     -nan       -nan  
           SAL             5    0.101      0.075  
             WMO851        3    0.113     0.0713  
             WMO846        2   0.0841     0.0806  
             0-50m         1    0.165      0.165  
             50-500m       4   0.0853     0.0526  
             500-9999m     0     -nan       -nan  
  2023-06-21 10:42:48
  finished
