  running PREP for EnKF-C version 1.21:
    command = "./enkf_prep stats.prm"
    dir = "/home/pavel/src/enkf-c/trunk/enkf/examples/1"
  2015-09-04 15:48:08
  reading prep specs from "stats.prm":
    MODE = EnOI
    MODEL PRM = "model.prm"
    GRID PRM = "grid.prm"
    OBS TYPES PRM = "obs.prm"
    DATE = "6565.5 days since 1990-01-01"
    OBS PRM = "obs.prm"
    BGDIR = "background_6565"
    ENSEMBLE DIR = "(null)"
    ENSEMBLE SIZE = <FULL>
    RFACTOR BASE = 1.0
    INFLATION BASE = 1.0000
    INFLATION MODE = SPREAD LIMITED, MAX RATIO = 0.50
    KFACTOR = n/a
    LOCRAD = nan
    STRIDE = 1
    FIELDBUFFERSIZE = 1
    REGION Global: x = [0.0, 360.0], y = [-90.0, 90.0], z intervals = [0 50] [50 500] [500 9999] 
    SOBSTRIDE = 1
    EnKF flags:
      enkf_exitaction  = [BACKTRACE]
      enkf_obstype     = [VALUE]
    compile flags:
      CHECK_X5         = [-]
      CHECK_G          = [-]
      SHUFFLE_ROWS     = [-]
      HE_VIAFILE       = [-]
      GRIDNODES_WRITE  = [-]
      INTERNAL_QSORT_R = [-]
  reading observation specs from "obs.prm":
    PRODUCT = RADS
      READER = standard2
      TYPE = SLA
      File:        obsmeta.c = obs/RADS-IB/y2007/m12/??_d19.nc
      File:        obsmeta.c = obs/RADS-IB/y2007/m12/??_d20.nc
      File:        obsmeta.c = obs/RADS-IB/y2007/m12/??_d21.nc
      File:        obsmeta.c = obs/RADS-IB/y2007/m12/??_d22.nc
      File:        obsmeta.c = obs/RADS-IB/y2007/m12/??_d23.nc
    PRODUCT = NAVO
      READER = standard
      TYPE = SST
      File:        obsmeta.c = obs/NAVO/navo_20071219.nc
      File:        obsmeta.c = obs/NAVO/navo_20071220.nc
      File:        obsmeta.c = obs/NAVO/navo_20071221.nc
      File:        obsmeta.c = obs/NAVO/navo_20071222.nc
      File:        obsmeta.c = obs/NAVO/navo_20071223.nc
    PRODUCT = WindSat
      READER = standard
      TYPE = SST
      File:        obsmeta.c = obs/WINDSAT/windsat_20071219.nc
      File:        obsmeta.c = obs/WINDSAT/windsat_20071220.nc
      File:        obsmeta.c = obs/WINDSAT/windsat_20071221.nc
      File:        obsmeta.c = obs/WINDSAT/windsat_20071222.nc
      File:        obsmeta.c = obs/WINDSAT/windsat_20071223.nc
    PRODUCT = CARS
      READER = standard
      TYPE = TEM
      File:        obsmeta.c = obs/TS-SEP-2011/y2007/m12/cars_temp_d19.nc
      File:        obsmeta.c = obs/TS-SEP-2011/y2007/m12/cars_temp_d20.nc
      File:        obsmeta.c = obs/TS-SEP-2011/y2007/m12/cars_temp_d21.nc
      File:        obsmeta.c = obs/TS-SEP-2011/y2007/m12/cars_temp_d22.nc
      File:        obsmeta.c = obs/TS-SEP-2011/y2007/m12/cars_temp_d23.nc
      ERROR_STD = 0.5, operation = EQUAL
    PRODUCT = CARS
      READER = standard
      TYPE = SAL
      File:        obsmeta.c = obs/TS-SEP-2011/y2007/m12/cars_salt_d19.nc
      File:        obsmeta.c = obs/TS-SEP-2011/y2007/m12/cars_salt_d20.nc
      File:        obsmeta.c = obs/TS-SEP-2011/y2007/m12/cars_salt_d21.nc
      File:        obsmeta.c = obs/TS-SEP-2011/y2007/m12/cars_salt_d22.nc
      File:        obsmeta.c = obs/TS-SEP-2011/y2007/m12/cars_salt_d23.nc
      ERROR_STD = 0.1, operation = EQUAL
  setting the model:
    grid prm info:
      NAME = "t-grid"
      FILE = "conf/grid_spec.nc"
      XDIMNAME = "grid_x_T"
      YDIMNAME = "grid_y_T"
      ZDIMNAME = "zt"
      XVARNAME = "grid_x_T"
      YVARNAME = "grid_y_T"
      ZVARNAME = "zt"
      DEPTHVARNAME = "depth_t"
      NUMLEVELSVARNAME = "num_levels"
    grid info:
      hor type = LATLON_REGULAR
      periodic by X = no
      periodic by Y = no
      dims = 100 x 100 x 2
      longitude range = [0, 360]
      vert type = Z
    model info:
      name = Tasman
      5 variables:
        eta_t:
          inflation = 1.000 0.50
        temp:
          inflation = 1.000 0.50
        salt:
          inflation = 1.000 0.50
        u:
          inflation = 1.000 0.50
        v:
          inflation = 1.000 0.50
      0 modeldata:
  reading observation type specs from "obstypes.prm":
    NAME = SLA
      VAR = eta_t
      ID = 0
      ISSURFACE = yes
      OFFSET = conf/eta_mean-bran.nc eta_t
      HFUNCTION = standals: cannot access obs/WINDSAT/windsat_20071221.nc: No such file or directory
ls: cannot access obs/WINDSAT/windsat_20071222.nc: No such file or directory
ls: cannot access obs/WINDSAT/windsat_20071223.nc: No such file or directory
rd
      ALLOWED MIN = -1
      ALLOWED MAX = 1
      ASYNCHRONOUS = no
      LOCRAD  = nan
      RFACTOR = 1
    NAME = SST
      VAR = temp
      ID = 1
      ISSURFACE = yes
      HFUNCTION = standard
      ALLOWED MIN = -2
      ALLOWED MAX = 42
      ASYNCHRONOUS = no
      LOCRAD  = nan
      RFACTOR = 2
    NAME = TEM
      VAR = temp
      ID = 2
      ISSURFACE = no
      HFUNCTION = standard
      ALLOWED MIN = -2
      ALLOWED MAX = 42
      ASYNCHRONOUS = no
      LOCRAD  = 800
      RFACTOR = 4
    NAME = SAL
      VAR = salt
      ID = 3
      ISSURFACE = no
      HFUNCTION = standard
      ALLOWED MIN = 28
      ALLOWED MAX = 39
      ASYNCHRONOUS = no
      LOCRAD  = 800
      RFACTOR = 4
  reading observations:
    PRODUCT = RADS, TYPE = SLA, reader = standard2
      reading obs/RADS-IB/y2007/m12/e2_d19.nc:
        nobs = 5394
        error_std = 0.05
        # good obs = 0
      reading obs/RADS-IB/y2007/m12/j1_d19.nc:
        nobs = 50386
        error_std = 0.03
        # good obs = 20
      reading obs/RADS-IB/y2007/m12/n1_d19.nc:
        nobs = 40491
        error_std = 0.05
        # good obs = 238
      reading obs/RADS-IB/y2007/m12/e2_d20.nc:
        nobs = 6177
        error_std = 0.05
        # good obs = 0
      reading obs/RADS-IB/y2007/m12/j1_d20.nc:
        nobs = 50153
        error_std = 0.03
        # good obs = 0
      reading obs/RADS-IB/y2007/m12/n1_d20.nc:
        nobs = 39486
        error_std = 0.05
        # good obs = 0
      reading obs/RADS-IB/y2007/m12/e2_d21.nc:
        nobs = 5364
        error_std = 0.05
        # good obs = 0
      reading obs/RADS-IB/y2007/m12/j1_d21.nc:
        nobs = 51928
        error_std = 0.03
        # good obs = 351
      reading obs/RADS-IB/y2007/m12/n1_d21.nc:
        nobs = 39512
        error_std = 0.05
        # good obs = 25
      reading obs/RADS-IB/y2007/m12/e2_d22.nc:
        nobs = 5200
        error_std = 0.05
        # good obs = 0
      reading obs/RADS-IB/y2007/m12/j1_d22.nc:
        nobs = 51022
        error_std = 0.03
        # good obs = 68
      reading obs/RADS-IB/y2007/m12/n1_d22.nc:
        nobs = 41034
        error_std = 0.05
        # good obs = 298
      reading obs/RADS-IB/y2007/m12/e2_d23.nc:
        nobs = 6030
        error_std = 0.05
        # good obs = 0
      reading obs/RADS-IB/y2007/m12/j1_d23.nc:
        nobs = 49922
        error_std = 0.03
        # good obs = 0
      reading obs/RADS-IB/y2007/m12/n1_d23.nc:
        nobs = 38946
        error_std = 0.05
        # good obs = 0
      id = 0 - 999
      total 1000 observations
      997 valid observations
      min date = -4.000
      max date = -1.000
    PRODUCT = NAVO, TYPE = SST, reader = standard
      reading obs/NAVO/navo_20071219.nc:
        nobs = 21372
        # good obs = 740
      reading obs/NAVO/navo_20071220.nc:
        nobs = 18990
        # good obs = 1700
      reading obs/NAVO/navo_20071221.nc:
        nobs = 31481
        # good obs = 1782
      reading obs/NAVO/navo_20071222.nc:
        nobs = 20804
        # good obs = 1621
      reading obs/NAVO/navo_20071223.nc:
        nobs = 28440
        # good obs = 1373
      id = 1000 - 8215
      total 7216 observations
      7216 valid observations
      min date = -4.039
      max date = 0.453
    PRODUCT = WindSat, TYPE = SST, reader = standard
      reading obs/WINDSAT/windsat_20071219.nc:
        nobs = 320738
        # good obs = 1168
      reading obs/WINDSAT/windsat_20071220.nc:
        nobs = 29534
        # good obs = 0
      id = 8216 - 9383
      total 1168 observations
      1168 valid observations
      min date = -4.000
      max date = -4.000
    PRODUCT = CARS, TYPE = TEM, reader = standard
      reading obs/TS-SEP-2011/y2007/m12/cars_temp_d19.nc:
        # profiles = 384
        # z levels = 191
        # good obs = 176
      reading obs/TS-SEP-2011/y2007/m12/cars_temp_d20.nc:
        # profiles = 377
        # z levels = 191
        # good obs = 56
      reading obs/TS-SEP-2011/y2007/m12/cars_temp_d21.nc:
        # profiles = 329
        # z levels = 191
        # good obs = 56
      reading obs/TS-SEP-2011/y2007/m12/cars_temp_d22.nc:
        # profiles = 350
        # z levels = 191
        # good obs = 0
      reading obs/TS-SEP-2011/y2007/m12/cars_temp_d23.nc:
        # profiles = 344
        # z levels = 191
        # good obs = 0
      id = 9384 - 9671
      total 288 observations
      184 valid observations
      adding error_std = 0.5:
      min date = -4.000
      max date = -2.000
    PRODUCT = CARS, TYPE = SAL, reader = standard
      reading obs/TS-SEP-2011/y2007/m12/cars_salt_d19.nc:
        # profiles = 366
        # z levels = 191
        # good obs = 176
      reading obs/TS-SEP-2011/y2007/m12/cars_salt_d20.nc:
        # profiles = 360
        # z levels = 191
        # good obs = 56
      reading obs/TS-SEP-2011/y2007/m12/cars_salt_d21.nc:
        # profiles = 314
        # z levels = 191
        # good obs = 56
      reading obs/TS-SEP-2011/y2007/m12/cars_salt_d22.nc:
        # profiles = 323
        # z levels = 191
        # good obs = 0
      reading obs/TS-SEP-2011/y2007/m12/cars_salt_d23.nc:
        # profiles = 325
        # z levels = 191
        # good obs = 0
      id = 9672 - 9959
      total 288 observations
      184 valid observations
      adding error_std = 0.1:
      min date = -4.000
      max date = -2.000
    compacting obs:
    calculating obs stats:
  writing observations to "observations-orig.nc":
  superobing:
    3921 superobservations
    calculating obs stats:
  writing superobservations to "observations.nc":
  printing observation statistics:
    type    # used     # dropped  # outside  # land     # shallow  # badbatch # badvalue # superobs.
    ----------------------------------------------------------------------------------------
    SLA     997        3          0          0          3          0          0          652       
    SST     8384       0          0          0          0          0          0          3255      
    TEM     184        104        104        0          0          0          0          7         
    SAL     184        104        104        0          0          0          0          7         
    total   9749       211        208        0          3          0          0          3921      
  2015-09-04 15:48:09
  finished
