  MPI: initialised 2 process(es)
  running UPDATE for EnKF-C version 2.19.10:
    command = "./enkf_update --calculate-spread --output-increment enoi.prm"
    dir = "/home/pavel/src/enkf-c/trunk/enkf/examples/3"
  2023-03-22 15:51:14
  reading system specs from "enoi.prm":
    MODE = EnOI
    MODEL PRM = "model.prm"
    GRID PRM = "grid.prm"
    OBS TYPES PRM = "obstypes.prm"
    OBS PRM = "obs.prm"
    DATE = "6565.5 days since 1990-01-01"
    WINDOWMIN = -3.000
    WINDOWMAX = 0.000
    BGDIR = "background"
    ENSEMBLE DIR = "ensemble"
    ENSEMBLE SIZE = <FULL>
    RFACTOR BASE = 1.0
    INFLATION BASE = 1.0000
    INFLATION MODE = CAPPED, MAX RATIO = 1.00
    KFACTOR = n/a
    LOCRAD  = 100
    LOCWEIGHT =  1
    STRIDE = 1
    FIELDBUFFERSIZE = 1
    REGION Global: x = [0.0, 360.0], y = [-90.0, 90.0]
    NCFORMAT = NETCDF4
    NCCOMPRESSION = 0
    EnKF flags:
      enkf_exitaction  = [SEGFAULT]
      enkf_obstype     = [VALUE]
    enkf_update compile flags:
      NCW_SKIPSINGLE   = [-]
      DEFLATE_ALL      = [-]
  update specs:
    do model fields  = [+]
    do spread        = [+]
    do pointlogs     = [+]
    output increment = [+]
    separate output  = [+]
  initialising the system:
    grid prm info:
      NAME = "t-grid"
      DOMAIN = ALL
      DATA = "conf/grid.nc"
      VTYPE = "z"
      VDIR = tosurf
      GEOGRAPHIC = yes
      ZVARNAME = "z_t"
      ZCVARNAME = <none>
      DEPTHVARNAME = "depth"
      VDIR = "tosurf"
      HTYPE = "UNSTRUCTURED"
      XVARNAME = "x_t"
      YVARNAME = "y_t"
      TRIVARNAME = "triangles_t"
      TRINEIVARNAME = "neighbours_t"
      ZSTATINTS = [0 50] [50 500] [500 9999] 
    grid info:
      size = 10072 x 0 x 34
      h type = 1D (no coords)
      longitude range = any
      v type = Z
      v dir = TOSURF
    grid prm info:
      NAME = "c-grid"
      DOMAIN = ALL
      DATA = "conf/grid.nc"
      VTYPE = "z"
      VDIR = tosurf
      GEOGRAPHIC = yes
      ZVARNAME = "z_t"
      ZCVARNAME = <none>
      VDIR = "tosurf"
      HTYPE = "UNSTRUCTURED"
      XVARNAME = "x_c"
      YVARNAME = "y_c"
      TRIVARNAME = "triangles_c"
      TRINEIVARNAME = "neighbours_c"
      ZSTATINTS = [0 50] [50 500] [500 9999] 
    grid info:
      size = 30321 x 0 x 34
      h type = 1D (no coords)
      longitude range = any
      v type = Z
      v dir = TOSURF
  model info:
    name = compas
    4 variables:
      eta:
        grid = "t-grid"
        inflation = 1.000 1.00
      salt:
        grid = "t-grid"
        inflation = 1.000 1.00
      temp:
        grid = "t-grid"
        inflation = 1.000 1.00
      u1:
        grid = "c-grid"
        inflation = 1.000 1.00
  setting the ensemble size:
    19 members
  initialising pointlogs:
  updating the model state:
    allocating disk space for spread:
    2023-03-22 15:51:14
    allocating disk space for analysis:....
    processing fields for t-grid:
      2023-03-22 15:51:14
      69 fields
      distributing 69 iterations:
        2 processes get 35 or 34 iterations
      eta      0   (0: 0: 2.9%)
      temp     0   (1: 35: 2.9%)
      salt     0   (0: 1: 5.7%)
      temp     1   (1: 36: 5.9%)
      temp     2   (1: 37: 8.8%)
      salt     1   (0: 2: 8.6%)
      temp     3   (1: 38: 11.8%)
      salt     2   (0: 3: 11.4%)
      temp     4   (1: 39: 14.7%)
      salt     3   (0: 4: 14.3%)
      temp     5   (1: 40: 17.6%)
      salt     4   (0: 5: 17.1%)
      temp     6   (1: 41: 20.6%)
      salt     5   (0: 6: 20.0%)
      temp     7   (1: 42: 23.5%)
      salt     6   (0: 7: 22.9%)
      temp     8   (1: 43: 26.5%)
      salt     7   (0: 8: 25.7%)
      temp     9   (1: 44: 29.4%)
      salt     8   (0: 9: 28.6%)
      temp     10  (1: 45: 32.4%)
      salt     9   (0: 10: 31.4%)
      temp     11  (1: 46: 35.3%)
      salt     10  (0: 11: 34.3%)
      temp     12  (1: 47: 38.2%)
      salt     11  (0: 12: 37.1%)
      temp     13  (1: 48: 41.2%)
      salt     12  (0: 13: 40.0%)
      temp     14  (1: 49: 44.1%)
      salt     13  (0: 14: 42.9%)
      temp     15  (1: 50: 47.1%)
      salt     14  (0: 15: 45.7%)
      temp     16  (1: 51: 50.0%)
      salt     15  (0: 16: 48.6%)
      temp     17  (1: 52: 52.9%)
      salt     16  (0: 17: 51.4%)
      temp     18  (1: 53: 55.9%)
      salt     17  (0: 18: 54.3%)
      temp     19  (1: 54: 58.8%)
      salt     18  (0: 19: 57.1%)
      temp     20  (1: 55: 61.8%)
      salt     19  (0: 20: 60.0%)
      temp     21  (1: 56: 64.7%)
      salt     20  (0: 21: 62.9%)
      temp     22  (1: 57: 67.6%)
      salt     21  (0: 22: 65.7%)
      temp     23  (1: 58: 70.6%)
      salt     22  (0: 23: 68.6%)
      temp     24  (1: 59: 73.5%)
      salt     23  (0: 24: 71.4%)
      temp     25  (1: 60: 76.5%)
      salt     24  (0: 25: 74.3%)
      temp     26  (1: 61: 79.4%)
      salt     25  (0: 26: 77.1%)
      temp     27  (1: 62: 82.4%)
      salt     26  (0: 27: 80.0%)
      temp     28  (1: 63: 85.3%)
      salt     27  (0: 28: 82.9%)
      temp     29  (1: 64: 88.2%)
      salt     28  (0: 29: 85.7%)
      temp     30  (1: 65: 91.2%)
      salt     29  (0: 30: 88.6%)
      temp     31  (1: 66: 94.1%)
      salt     30  (0: 31: 91.4%)
      temp     32  (1: 67: 97.1%)
      salt     31  (0: 32: 94.3%)
      temp     33  (1: 68: 100.0%)
      salt     32  (0: 33: 97.1%)
      salt     33  (0: 34: 100.0%)
    processing fields for c-grid:
      2023-03-22 15:51:22
      34 fields
      distributing 34 iterations:
        2 processes get 17 iterations each
      u1       17  (1: 17: 5.9%)
      u1       0   (0: 0: 5.9%)
      u1       1   (0: 1: 11.8%)
      u1       18  (1: 18: 11.8%)
      u1       2   (0: 2: 17.6%)
      u1       19  (1: 19: 17.6%)
      u1       20  (1: 20: 23.5%)
      u1       3   (0: 3: 23.5%)
      u1       21  (1: 21: 29.4%)
      u1       4   (0: 4: 29.4%)
      u1       22  (1: 22: 35.3%)
      u1       5   (0: 5: 35.3%)
      u1       6   (0: 6: 41.2%)
      u1       23  (1: 23: 41.2%)
      u1       7   (0: 7: 47.1%)
      u1       24  (1: 24: 47.1%)
      u1       8   (0: 8: 52.9%)
      u1       25  (1: 25: 52.9%)
      u1       9   (0: 9: 58.8%)
      u1       26  (1: 26: 58.8%)
      u1       10  (0: 10: 64.7%)
      u1       27  (1: 27: 64.7%)
      u1       11  (0: 11: 70.6%)
      u1       28  (1: 28: 70.6%)
      u1       12  (0: 12: 76.5%)
      u1       29  (1: 29: 76.5%)
      u1       13  (0: 13: 82.4%)
      u1       30  (1: 30: 82.4%)
      u1       14  (0: 14: 88.2%)
      u1       31  (1: 31: 88.2%)
      u1       15  (0: 15: 94.1%)
      u1       32  (1: 32: 94.1%)
      u1       16  (0: 16: 100.0%)
      u1       33  (1: 33: 100.0%)
  2023-03-22 15:51:35
  assembling analysis:
    eta:.
    salt:..................................
    temp:..................................
    u1:..................................
  2023-03-22 15:51:37
  assembling spread:
    eta:.
    salt:..................................
    temp:..................................
    u1:..................................
  2023-03-22 15:51:40
  finished
