  MPI: initialised 2 process(es)
  Using MPI-3 shared memory:
    sm_comm size = 2
    node_comm size = 1
  running CALC for EnKF-C version 2.21.3:
    command = "./enkf_calc enoi.prm"
    dir = "/home/pavel/src/enkf-c/trunk/enkf/examples/1"
  2023-06-21 10:39:05
  reading system specs from "enoi.prm":
    MODE = EnOI
    MODEL PRM = "model.prm"
    GRID PRM = "grid.prm"
    OBS TYPES PRM = "obstypes.prm"
    OBS PRM = "obs.prm"
    DATE = "6565.5 days since 1990-01-01"
    BGDIR = "background_6565"
    ENSEMBLE DIR = "ensemble_static"
    ENSEMBLE SIZE = 144
    RFACTOR BASE = 1.0
    INFLATION BASE = 1.0000
    INFLATION MODE = CAPPED, MAX RATIO = 1.00
    KFACTOR = 999.0
    LOCRAD  = 200
    LOCWEIGHT =  1
    STRIDE = 3
    FIELDBUFFERSIZE = 4
    REGION Global: x = [0.0, 360.0], y = [-90.0, 90.0]
    POINTLOG 156.000 -32.000 
    NCFORMAT = NETCDF4
    NCCOMPRESSION = 0
    EnKF flags:
      enkf_exitaction  = [BACKTRACE]
      enkf_obstype     = [VALUE]
    enkf_calc compile flags:
      SHUFFLE_ROWS     = [-]
      USE_SHMEM        = [+]
      MINIMISE_ALLOC   = [+]
      OBS_SHUFFLE      = [-]
      TW_VIAFILE       = [-]
      INTERNAL_QSORT_R = [-]
      DEFLATE_ALL      = [-]
  initialising the system:
  reading observation type specs from "obstypes.prm":
    NAME = SLA
    ISSURFACE = 1
      VAR = eta_t
      ID = 0
      OFFSET = conf/eta_mean-bran.nc eta_t
      HFUNCTION = standard
      ALLOWED MIN = -1
      ALLOWED MAX = 1
      ASYNCHRONOUS = no
      LOCRAD  = 200
      LOCWEIGHT =  1
      RFACTOR = 1
      PERMIT_LOCATION_BASED_THINNING = YES
    NAME = SST
    ISSURFACE = 1
      VAR = temp
      ID = 1
      HFUNCTION = standard
      ALLOWED MIN = -2
      ALLOWED MAX = 42
      ASYNCHRONOUS = no
      LOCRAD  = 200
      LOCWEIGHT =  1
      RFACTOR = 16
      PERMIT_LOCATION_BASED_THINNING = NO
    NAME = TEM
    ISSURFACE = 0
      VAR = temp
      ID = 2
      HFUNCTION = standard
      ALLOWED MIN = -2
      ALLOWED MAX = 42
      ASYNCHRONOUS = no
      LOCRAD  = 800
      LOCWEIGHT =  1
      RFACTOR = 4
      PERMIT_LOCATION_BASED_THINNING = YES
    NAME = SAL
    ISSURFACE = 0
      VAR = salt
      ID = 3
      HFUNCTION = standard
      ALLOWED MIN = 28
      ALLOWED MAX = 39
      ASYNCHRONOUS = no
      LOCRAD  = 800
      LOCWEIGHT =  1
      RFACTOR = 4
      PERMIT_LOCATION_BASED_THINNING = YES
    grid prm info:
      NAME = "t-grid"
      DOMAIN = ALL
      DATA = "conf/grid_spec.nc"
      VTYPE = "z"
      VDIR = FROMSURF
      GEOGRAPHIC = yes
      ZVARNAME = "zt"
      ZCVARNAME = <none>
      DEPTHVARNAME = "depth_t"
      NUMLEVELSVARNAME = "num_levels"
      VDIR = "FROMSURF"
      XVARNAME = "lon"
      YVARNAME = "lat"
      ZSTATINTS = [0 50] [50 500] [500 9999] 
    grid info:
      size = 100 x 100 x 2
      h type = RECTANGULAR
      periodic by X = no
      longitude range = [0.000, 360.000]
      v type = Z
      v dir = FROMSURF
      STRIDE = 0
  model info:
    name = Tasman
    5 variables:
      eta_t:
        grid = "t-grid"
        inflation = 1.000 1.00
      temp:
        grid = "t-grid"
        inflation = 1.000 1.00
      salt:
        grid = "t-grid"
        inflation = 1.000 1.00
      u:
        grid = "t-grid"
        inflation = 1.000 1.00
      v:
        grid = "t-grid"
        inflation = 1.000 1.00
  setting the ensemble size:
    144 members
  initialising pointlogs:
    pointlog (156.000, -32.000):
      t-grid: (i, j) = (49.500, 49.500)
  reading observations from "observations.nc":
    10249 observations
    allocating 983904 bytes for array of observations
    creating kd-trees for observations:
      kdtree "SLA":
        652 nodes
        41776 bytes
      kdtree "SST":
        9554 nodes
        611504 bytes
      kdtree "TEM":
        38 nodes
        2480 bytes
      kdtree "SAL":
        5 nodes
        368 bytes
  calculating ensemble observations:
  2023-06-21 10:39:05
    allocating 5944420 bytes for HE array:
    allocating 5903424 bytes for HE^T array:
    distributing 144 iterations:
      2 processes get 72 iterations each
    SLA +........................................................................
    SST +........................................................................
    TEM +........................................................................
    SAL +........................................................................
    subtracting ensemble mean:
  writing forecast innovations and spread to "observations.nc":
  2023-06-21 10:39:08
  identifying observation batches:
    SLA     9   
    SST     27  
    TEM     12  
    SAL     4   
    total:  52  
  moderating observations:
    observations substantially modified:
      SLA          0 (0.0%)
      SST          0 (0.0%)
      TEM          0 (0.0%)
      SAL          0 (0.0%)
      total        0 (0.0%)
  writing modified obs errors to "observations.nc":
  calculating transforms:
  2023-06-21 10:39:08
    calculating transforms for t-grid:
      distributing 34 iterations:
        2 processes get 17 iterations each
      creating empty file "transforms.nc":
        j = 3 (1: 17: 5.9%)
      main cycle for t-grid (34 x 34 local analyses):
        j = 0 (0: 0: 5.9%)
        j = 9 (1: 18: 11.8%)
        j = 6 (0: 1: 11.8%)
        j = 15 (1: 19: 17.6%)
        j = 12 (0: 2: 17.6%)
        j = 21 (1: 20: 23.5%)
        j = 18 (0: 3: 23.5%)
        j = 27 (1: 21: 29.4%)
        j = 24 (0: 4: 29.4%)
        j = 33 (1: 22: 35.3%)
        j = 30 (0: 5: 35.3%)
        j = 39 (1: 23: 41.2%)
        j = 36 (0: 6: 41.2%)
        j = 45 (1: 24: 47.1%)
        j = 42 (0: 7: 47.1%)
        j = 51 (1: 25: 52.9%)
        j = 48 (0: 8: 52.9%)
        j = 57 (1: 26: 58.8%)
        j = 54 (0: 9: 58.8%)
        j = 63 (1: 27: 64.7%)
        j = 60 (0: 10: 64.7%)
        j = 69 (1: 28: 70.6%)
        j = 66 (0: 11: 70.6%)
        j = 75 (1: 29: 76.5%)
        j = 72 (0: 12: 76.5%)
        j = 81 (1: 30: 82.4%)
        j = 78 (0: 13: 82.4%)
        j = 87 (1: 31: 88.2%)
        j = 84 (0: 14: 88.2%)
        j = 93 (1: 32: 94.1%)
        j = 90 (0: 15: 94.1%)
        j = 99 (1: 33: 100.0%)
        j = 96 (0: 16: 100.0%)
    finished calculating transforms for t-grid
    writing stats to "enkf_diag.nc":
    summary stats on t-grid:
      # of local analyses = 1156
      average # of local obs = 1073.4
      # of inversions in obs space = 55
      # of inversions in ens space = 1101
  writing point logs:
    calculating transforms for log point (156.000,-32.000): 1473 obs
    writing transforms for point (156.000,-32.000) on grid "t-grid":
  calculating analysed observations:
  2023-06-21 10:39:34
    sorting obs by ij:
    2023-06-21 10:39:34
    updating Hx:
    distributing 10249 iterations:
      2 processes get 5125 or 5124 iterations
    2023-06-21 10:39:34
  adding analysis innovations and spread to "observations.nc":
  printing observation statistics:
    region obs.type   # obs.  |for.inn.| |an.inn.|   for.inn.   an.inn.  for.spread  an.spread
    ------------------------------------------------------------------------------------------
    Global
           SLA           652   0.0769     0.0254     0.0218   6.89e-05     0.0271     0.0271  
             j1          272   0.0731      0.022     0.0228      0.001     0.0297     0.0297  
             n1          380   0.0797     0.0279     0.0211  -0.000599     0.0253     0.0253  
           SST          9554    0.456      0.186     -0.148    -0.0321      0.415      0.415  
             ESACCI     8386    0.457      0.159     -0.128    -0.0129      0.416      0.416  
             WindSat    1168    0.451       0.38      -0.29      -0.17      0.413      0.413  
           TEM            38    0.395      0.347      0.062     0.0976      0.458      0.458  
             WMO851        3    0.817      0.454      0.817      0.454      0.304      0.304  
             WMO846        2     1.36       1.46     -0.158       1.24      0.294      0.294  
             WMO999       33    0.298       0.27     0.0067   -0.00409      0.482      0.482  
             0-50m        34    0.324      0.341     0.0417     0.0756      0.477      0.477  
             50-500m       4    0.991      0.396      0.234      0.284      0.298      0.298  
             500-9999m     0     -nan       -nan       -nan       -nan       -nan       -nan  
           SAL             5    0.101     0.0971      0.075     0.0707     0.0242     0.0242  
             WMO851        3    0.113     0.0809     0.0713     0.0368      0.026      0.026  
             WMO846        2   0.0841      0.121     0.0806      0.121     0.0216     0.0216  
             0-50m         1    0.165      0.181      0.165      0.181     0.0188     0.0188  
             50-500m       4   0.0853     0.0762     0.0526     0.0431     0.0256     0.0256  
             500-9999m     0     -nan       -nan       -nan       -nan       -nan       -nan  
  2023-06-21 10:39:34
  finished
