  MPI: initialised 2 process(es)
  running UPDATE for EnKF-C version 2.0.7:
    command = "./enkf_update --calculate-spread --output-increment enoi.prm"
    dir = "/home/pavel/src/enkf-c/trunk/enkf/examples/1"
  2020-11-10 14:28:11
  reading system specs from "enoi.prm":
    MODE = EnOI
    MODEL PRM = "model.prm"
    GRID PRM = "grid.prm"
    OBS TYPES PRM = "obstypes.prm"
    OBS PRM = "obs.prm"
    DATE = "6565.5 days since 1990-01-01"
    BGDIR = "background_6565"
    ENSEMBLE DIR = "ensemble_static"
    ENSEMBLE SIZE = 144
    RFACTOR BASE = 1.0
    INFLATION BASE = 1.0000
    INFLATION MODE = SPREAD LIMITED, MAX RATIO = 1.00
    KFACTOR = 999.0
      LOCRAD  = 200
      LOCWEIGHT =  1
    STRIDE = 3
    FIELDBUFFERSIZE = 4
    REGION Global: x = [0.0, 360.0], y = [-90.0, 90.0]
    POINTLOG 156.000 -32.000 
    NCFORMAT = 64BIT
    NCCOMPRESSION = 0
    EnKF flags:
      enkf_exitaction  = [BACKTRACE]
      enkf_obstype     = [VALUE]
    enkf_update compile flags:
      NCW_SKIPSINGLE   = [-]
      DEFLATE_ALL      = [-]
  update specs:
    do model fields  = [+]
    do spread        = [+]
    do pointlogs     = [+]
    output increment = [+]
    separate output  = [+]
  initialising the system:
    grid prm info:
      NAME = "t-grid"
      DOMAIN = Default
      DATA = "conf/grid_spec.nc"
      VTYPE = "z"
      ZVARNAME = "zt"
      ZCVARNAME = <none>
      DEPTHVARNAME = "depth_t"
      NUMLEVELSVARNAME = "num_levels"
      VDIR = "FROMSURF"
      XVARNAME = "lon"
      YVARNAME = "lat"
      ZSTATINTS = [0 50] [50 500] [500 9999] 
    grid info:
      hor type = LATLON
      periodic by X = no
      dims = 100 x 100 x 2
      longitude range = [0.000, 360.000]
      v type = Z
      v dir = FROMSURF
      STRIDE = 0
  setting the ensemble size:
    144 members
  updating the model state:
    allocating disk space for spread:
    defining state variables in point logs:
    2020-11-10 14:28:11
    allocating disk space for analysis:.....
    processing fields for t-grid:
      2020-11-10 14:28:11
      9 fields
      distributing 9 iterations:
        2 processes get 5 or 4 iterations
      eta_t    0   (0: 0: 20.0%)
      u        0   (1: 5: 25.0%)
      temp     0   (0: 1: 40.0%)
      temp     1   (0: 2: 60.0%)
      salt     0   (0: 3: 80.0%)
      salt     1   (0: 4: 100.0%)
      u        1   (1: 6: 50.0%)
      v        0   (1: 7: 75.0%)
      v        1   (1: 8: 100.0%)
  2020-11-10 14:28:13
  assembling analysis:
    eta_t:.
    temp:..
    salt:..
    u:..
    v:..
  2020-11-10 14:28:13
  assembling spread:
    eta_t:.
    temp:..
    salt:..
    u:..
    v:..
  2020-11-10 14:28:13
  assembling state variables in point logs:
  2020-11-10 14:28:13
  finished
