  MPI: initialised 2 process(es)
  Using MPI-3 shared memory:
    sm_comm size = 2
    node_comm size = 1
  running CALC for EnKF-C version 1.116.3:
    command = "./enkf_calc enkf.prm"
    dir = "/home/pavel/src/enkf-c/trunk/enkf/examples/5"
  2020-08-24 15:46:55
  reading system specs from "enkf.prm":
    MODE = EnKF
    SCHEME = DEnKF
    MODEL PRM = "model.prm"
    GRID PRM = "grid.prm"
    OBS TYPES PRM = "obstypes.prm"
    OBS PRM = "obs.prm"
    DATE = "6565.5 days since 1990-01-01"
    ENSEMBLE DIR = "ensemble_6565"
    ENSEMBLE SIZE = 96
    RFACTOR BASE = 2.0
    INFLATION BASE = 1.1000
    INFLATION MODE = SPREAD LIMITED, MAX RATIO = 1.00
    KFACTOR = 999.0
      LOCRAD  = 200
      LOCWEIGHT =  1
    STRIDE = 3
    FIELDBUFFERSIZE = 4
    REGION Global: x = [0.0, 360.0], y = [-90.0, 90.0]
    POINTLOG 156.000 -32.000 
    NCFORMAT = 64BIT
    NCCOMPRESSION = 0
    EnKF flags:
      enkf_exitaction  = [SEGFAULT]
      enkf_obstype     = [VALUE]
    enkf_calc compile flags:
      SHUFFLE_ROWS     = [-]
      USE_SHMEM        = [+]
      MINIMISE_ALLOC   = [+]
      OBS_SHUFFLE      = [-]
      X5_VIAFILE       = [-]
      INTERNAL_QSORT_R = [-]
      DEFLATE_ALL      = [-]
  initialising the system:
  reading observation type specs from "obstypes.prm":
    NAME = SLA
    ISSURFACE = 1
      VAR = eta_t
      ID = 0
      OFFSET = conf/eta_mean-bran.nc eta_t
      HFUNCTION = standard
      ALLOWED MIN = -1
      ALLOWED MAX = 1
      ASYNCHRONOUS = no
      LOCRAD  = 200
      LOCWEIGHT =  1
      RFACTOR = 2
    NAME = SST
    ISSURFACE = 1
      VAR = temp
      ID = 1
      HFUNCTION = standard
      ALLOWED MIN = -2
      ALLOWED MAX = 42
      ASYNCHRONOUS = no
      LOCRAD  = 200
      LOCWEIGHT =  1
      RFACTOR = 4
    NAME = SST2
    ISSURFACE = 1
      VAR = temp
      ID = 2
      HFUNCTION = standard
      ALLOWED MIN = -2
      ALLOWED MAX = 42
      ASYNCHRONOUS = no
      LOCRAD  = 200
      LOCWEIGHT =  1
      RFACTOR = 4
    NAME = TEM
    ISSURFACE = 0
      VAR = temp
      ID = 3
      HFUNCTION = standard
      ALLOWED MIN = -2
      ALLOWED MAX = 42
      ASYNCHRONOUS = no
      LOCRAD  = 800
      LOCWEIGHT =  1
      RFACTOR = 8
    NAME = SAL
    ISSURFACE = 0
      VAR = salt
      ID = 4
      HFUNCTION = standard
      ALLOWED MIN = 28
      ALLOWED MAX = 39
      ASYNCHRONOUS = no
      LOCRAD  = 800
      LOCWEIGHT =  1
      RFACTOR = 8
    grid prm info:
      NAME = "t-grid"
      DOMAIN = Default
      DATA = "conf/grid_spec.nc"
      VTYPE = "z"
      ZVARNAME = "zt"
      ZCVARNAME = <none>
      DEPTHVARNAME = "depth_t"
      NUMLEVELSVARNAME = "num_levels"
      VDIR = "FROMSURF"
      XVARNAME = "lon"
      YVARNAME = "lat"
      ZSTATINTS = [0 50] [50 500] [500 9999] 
    grid info:
      hor type = LATLON
      periodic by X = no
      dims = 100 x 100 x 2
      longitude range = [0.000, 360.000]
      v type = Z
      v dir = FROMSURF
      STRIDE = 0
  setting the ensemble size:
    96 members
  initialising pointlogs:
    pointlog (156.000, -32.000):
      t-grid: (i, j) = (49.500, 49.500)
  reading observations from "observations.nc":
    10220 observations
    allocating 1226400 bytes for array of observations
    creating kd-trees for observations:
      kdtree "SLA":
        652 nodes
        41776 bytes
      kdtree "SST":
        8386 nodes
        536752 bytes
      kdtree "SST2":
        1168 nodes
        74800 bytes
      kdtree "TEM":
        7 nodes
        496 bytes
      kdtree "SAL":
        7 nodes
        496 bytes
  calculating ensemble observations:
  2020-08-24 15:46:55
    allocating 3924480 bytes for HE array:
    allocating 3924480 bytes for HE^T array:
    distributing 96 iterations:
      2 processes get 48 iterations each
    SLA ................................................
    SST ................................................
    SST2 ................................................
    TEM ................................................
    SAL ................................................
  adding forecast innovations and spread to "observations.nc":
  2020-08-24 15:46:56
  moderating observations:
    observations substantially modified:
      SLA          0 (0.0%)
      SST          0 (0.0%)
      SST2          0 (0.0%)
      TEM          0 (0.0%)
      SAL          0 (0.0%)
      total        0 (0.0%)
  writing modified obs errors to "observations.nc":
  calculating transforms:
  2020-08-24 15:46:56
    calculating transforms for t-grid:
      distributing 34 iterations:
        2 processes get 17 iterations each
      creating empty file "X5.nc":
      main cycle for t-grid (34 x 34 local analyses):
        j = 0 (0: 0: 5.9%)
        j = 3 (1: 17: 5.9%)
        j = 9 (1: 18: 11.8%)
        j = 6 (0: 1: 11.8%)
        j = 15 (1: 19: 17.6%)
        j = 12 (0: 2: 17.6%)
        j = 21 (1: 20: 23.5%)
        j = 18 (0: 3: 23.5%)
        j = 27 (1: 21: 29.4%)
        j = 24 (0: 4: 29.4%)
        j = 33 (1: 22: 35.3%)
        j = 30 (0: 5: 35.3%)
        j = 39 (1: 23: 41.2%)
        j = 36 (0: 6: 41.2%)
        j = 45 (1: 24: 47.1%)
        j = 42 (0: 7: 47.1%)
        j = 51 (1: 25: 52.9%)
        j = 48 (0: 8: 52.9%)
        j = 57 (1: 26: 58.8%)
        j = 54 (0: 9: 58.8%)
        j = 63 (1: 27: 64.7%)
        j = 60 (0: 10: 64.7%)
        j = 69 (1: 28: 70.6%)
        j = 66 (0: 11: 70.6%)
        j = 75 (1: 29: 76.5%)
        j = 72 (0: 12: 76.5%)
        j = 81 (1: 30: 82.4%)
        j = 78 (0: 13: 82.4%)
        j = 87 (1: 31: 88.2%)
        j = 84 (0: 14: 88.2%)
        j = 93 (1: 32: 94.1%)
        j = 90 (0: 15: 94.1%)
        j = 99 (1: 33: 100.0%)
        j = 96 (0: 16: 100.0%)
    finished calculating transforms for t-grid
    writing stats to "enkf_diag.nc":
    summary stats on t-grid:
      # of local analyses = 1156
      average # of local obs = 1049.3
      # of inversions in obs space = 47
      # of inversions in ens space = 1109
  writing point logs:
    calculating transforms for log point (156.000,-32.000): 1444 obs
    writing log for point (156.000,-32.000) on grid "t-grid":
  calculating analysed observations:
  2020-08-24 15:47:13
    sorting obs by ij:
    2020-08-24 15:47:13
    updating HE:
    distributing 10220 iterations:
      2 processes get 5110 iterations each
    2020-08-24 15:47:13
  adding analysis innovations and spread to "observations.nc":
  printing observation statistics:
    region obs.type   # obs.  |for.inn.| |an.inn.|   for.inn.   an.inn.  for.spread  an.spread
    ------------------------------------------------------------------------------------------
    Global
           SLA           652    0.077      0.034      0.022      0.001      0.039      0.023  
             j1          272    0.073      0.030      0.023      0.002      0.043      0.026  
             n1          380    0.080      0.038      0.021      0.001      0.035      0.021  
           SST          8386    0.496      0.184     -0.113     -0.006      0.354      0.204  
             ESACCI     8386    0.496      0.184     -0.113     -0.006      0.354      0.204  
           SST2          1168    0.451      0.367     -0.290     -0.180      0.343      0.197  
             WindSat    1168    0.451      0.367     -0.290     -0.180      0.343      0.197  
           TEM             7    1.015      1.017      0.512      0.705      0.318      0.197  
             ARGO          7    1.015      1.017      0.512      0.705      0.318      0.197  
             0-50m         2    1.471      2.462      1.471      2.462      0.321      0.183  
             50-500m       5    0.832      0.439      0.129      0.002      0.316      0.203  
             500-9999m     0     -nan       -nan       -nan       -nan       -nan       -nan  
           SAL             7    0.077      0.083      0.055      0.050      0.029      0.020  
             ARGO          7    0.077      0.083      0.055      0.050      0.029      0.020  
             0-50m         2    0.088      0.097      0.074      0.074      0.023      0.015  
             50-500m       5    0.072      0.077      0.047      0.040      0.032      0.022  
             500-9999m     0     -nan       -nan       -nan       -nan       -nan       -nan  
  2020-08-24 15:47:13
  finished
