  MPI: initialised 2 processes
  MPI: rank = 0, PID = 25966
  MPI: rank = 1, PID = 25967
  running POST for EnKF version 0.74:
  2014-08-28 08:55:38
  reading system specs from "singleob.prm":
    MODE = EnOI
    MODEL PRM = "model.prm"
    GRID PRM = "grid.prm"
    OBS TYPES PRM = "(null)"
    DATE = "6565.5 days since 1990-01-01"
    OBS PRM = "(null)"
    BGDIR = "background_6565"
    ENSEMBLE DIR = "ensemble_6565"
    ENSEMBLE SIZE = 96
    RFACTOR BASE = 1.0
    INFLATION BASE = 1.0000
    KFACTOR = 999.0
    LOCRAD = 500
    STRIDE = 3
    FIELDBUFFERSIZE = 4
    REGION Global: x = [0.0, 360.0], y = [-90.0, 90.0]
    POINTLOG 30 30
    SOBSTRIDE = 1
    EnKF flags:
      enkf_exitaction  = [BACKTRACE]
      enkf_obstype     = [VALUE]
      enkf_separateout = [+]
      enkf_directwrite = [-]
    compile flags:
      CHECK_X5         = [-]
      CHECK_G          = [-]
      SHUFFLE_ROWS     = [-]
      HE_VIAFILE       = [-]
  initialising the system:
    grid dimensions = 100 x 100 x 2
  grid prm info:
    name = "t-grid"
    file = "conf/grid_spec.nc"
    xdimname = "grid_x_T"
    ydimname = "grid_y_T"
    zdimname = "zt"
    xvarname = "grid_x_T"
    yvarname = "grid_y_T"
    zvarname = "zt"
    depthvarname = "depth_t"
    numlevelsvarname = "num_levels"
  grid info:
    type = LATLON_REGULAR
    periodic by X = no
    periodic by Y = no
    dims = 100 x 100 x 2
    longitude range = [0, 360]
  model info:
    name = Tasman
    type = z-model
    5 variables:
      eta_t:
        inflation = 1.000
      temp:
        inflation = 1.000
      salt:
        inflation = 1.000
      u:
        inflation = 1.000
      v:
        inflation = 1.000
    1 modeldata:
      MSL
  zmodel info:
    MSL file = conf/eta_mean-bran.nc
    MSL variable = eta_t
  using assembled write
  updating the model state:
    96 members
    9 fields
    defining state variables in point logs:
    allocating disk space for the analysis:    2014-08-28 08:55:38
.....
    2014-08-28 08:55:38
    distributing iterations:
      processes get 5 or 4 iterations
      process 0: 0 - 4
    processing fields:
      eta_t    0   (0: 0: 20.0%)
      u        0   (1: 5: 25.0%)
      u        1   (1: 6: 50.0%)
      temp     0   (0: 1: 40.0%)
      v        0   (1: 7: 75.0%)
      temp     1   (0: 2: 60.0%)
      v        1   (1: 8: 100.0%)
      salt     0   (0: 3: 80.0%)
      salt     1   (0: 4: 100.0%)

  2014-08-28 08:55:38
  assembling analysis:
    eta_t:.
    temp:..
    salt:..
    u:..
    v:..
  assembling state variables in point logs:
    distributing iterations:
      processes get 1 or 0 iterations
      process 0: 0 - 0
    distributing iterations:
      processes get 5 or 4 iterations
      process 0: 0 - 4
  2014-08-28 08:55:38
  finished
