  MPI: initialised 4 process(es)
  running UPDATE for EnKF-C version 2.36.0:
    command = "./enkf_update --output-increment singleob.prm"
    dir = "/home/599/pxs599/src/enkf-c/enkf/examples/1"
  2025-06-05 10:14:22
  reading system specs from "singleob.prm":
    MODE = EnOI
    MODEL PRM = "model.prm"
    GRID PRM = "grid.prm"
    BGDIR = "background_6565"
    ENSEMBLE DIR = "ensemble_6565"
    ENSEMBLE SIZE = 96
    INFLATION BASE = 1.0000
    INFLATION MODE = CAPPED, MAX RATIO = 1.00
    STRIDE = 3
    FIELDBUFFERSIZE = 4
    POINTLOG 156.000 -32.000 
    NCFORMAT = NETCDF4
    NCCOMPRESSION = 0
    EnKF flags:
      enkf_exitaction  = [BACKTRACE]
      enkf_obstype     = [VALUE]
    enkf_update compile flags:
      NCW_SKIPSINGLE   = [-]
      USE_MPIQUEUE     = [+]
      DEFLATE_ALL      = [-]
  update specs:
    do model fields   = [+]
    do spread         = [-]
    do pointlogs      = [+]
    output increment  = [+]
    separate output   = [+]
  initialising the system:
    grid prm info:
      NAME = "t-grid"
      DOMAIN = ALL
      DATA = "conf/grid_spec.nc"
      VTYPE = "z"
      VDIR = FROMSURF
      GEOGRAPHIC = 1
      ZVARNAME = "zt"
      ZCVARNAME = <none>
      DEPTHVARNAME = "depth_t"
      NUMLEVELSVARNAME = "num_levels"
      VDIR = "FROMSURF"
      XVARNAME = "lon"
      YVARNAME = "lat"
      ZSTATINTS = [0 50] [50 500] [500 9999] 
    grid info:
      size = 100 x 100 x 2
      h type = RECTANGULAR
      periodic by X = no
      longitude range = any
      v type = Z
      v dir = FROMSURF
      STRIDE = 0
  model info:
    name = Tasman
    5 variables:
      eta_t:
        grid = "t-grid"
        inflation = 1.000 1.00
      temp:
        grid = "t-grid"
        inflation = 1.000 1.00
      salt:
        grid = "t-grid"
        inflation = 1.000 1.00
      u:
        grid = "t-grid"
        inflation = 1.000 1.00
      v:
        grid = "t-grid"
        inflation = 1.000 1.00
  setting the ensemble size:
    96 members
  initialising pointlogs:
    pointlog (156.000, -32.000):
      t-grid: (i, j) = (49.500, 49.500)
  updating the model state:
    defining state variables in point logs:
    2025-06-05 10:14:23
    allocating disk space for analysis:.....
    updating 9 fields using 4 processes:
      eta_t    0   (1: 0: 11.1%)
      temp     0   (2: 1: 22.2%)
      temp     1   (3: 2: 33.3%)
      salt     0   (2: 3: 44.4%)
      salt     1   (3: 4: 55.6%)
      u        0   (1: 5: 66.7%)
      u        1   (2: 6: 77.8%)
      v        0   (3: 7: 88.9%)
      v        1   (1: 8: 100.0%)
  2025-06-05 10:14:24
  assembling analysis:
    eta_t:.
    temp:..
    salt:..
    u:..
    v:..
  2025-06-05 10:14:24
  assembling state variables in point logs:
    distributing 1 iterations:
      1 processes get 1 iteration, 3 processes get 0 iterations
    deleting tiles:
      distributing 9 iterations:
        4 processes get 3 or 2 iterations
  2025-06-05 10:14:24
  finished
