  MPI: initialised 2 process(es)
  Using MPI-3 shared memory:
    sm_comm size = 2
    node_comm size = 1
  running CALC for EnKF-C version 2.7.8:
    command = "./enkf_calc enkf.prm"
    dir = "/home/pavel/src/enkf-c/trunk/enkf/examples/6"
  2021-03-09 11:28:33
  reading system specs from "enkf.prm":
    MODE = EnKF
    SCHEME = DEnKF
    MODEL PRM = "model.prm"
    GRID PRM = "grid.prm"
    OBS TYPES PRM = "obstypes.prm"
    OBS PRM = "obs.prm"
    DATE = "6565.5 days since 1990-01-01"
    ENSEMBLE DIR = "ensemble_6565"
    ENSEMBLE SIZE = 96
    RFACTOR BASE = 2.0
    INFLATION BASE = 1.1000
    INFLATION MODE = CAPPED, MAX RATIO = 1.00
    KFACTOR = 999.0
      LOCRAD  = 200
      LOCWEIGHT =  1
    STRIDE = 3
    FIELDBUFFERSIZE = 4
    REGION Global: x = [0.0, 360.0], y = [-90.0, 90.0]
    POINTLOG 156.000 -32.000 
    NCFORMAT = NETCDF4
    NCCOMPRESSION = 0
    EnKF flags:
      enkf_exitaction  = [SEGFAULT]
      enkf_obstype     = [VALUE]
    enkf_calc compile flags:
      SHUFFLE_ROWS     = [-]
      USE_SHMEM        = [+]
      MINIMISE_ALLOC   = [+]
      OBS_SHUFFLE      = [+]
      TW_VIAFILE       = [-]
      INTERNAL_QSORT_R = [-]
      DEFLATE_ALL      = [-]
  initialising the system:
  reading observation type specs from "obstypes.prm":
    NAME = SLA
    ISSURFACE = 1
      VAR = eta_t
      ID = 0
      OFFSET = conf/eta_mean-bran.nc eta_t
      HFUNCTION = standard
      ALLOWED MIN = -1
      ALLOWED MAX = 1
      ASYNCHRONOUS = no
      LOCRAD  = 200
      LOCWEIGHT =  1
      RFACTOR = 2
      PERMIT_LOCATION_BASED_THINNING = YES
    NAME = SST
    ISSURFACE = 1
      VAR = temp
      ID = 1
      HFUNCTION = standard
      ALLOWED MIN = -2
      ALLOWED MAX = 42
      ASYNCHRONOUS = no
      LOCRAD  = 200
      LOCWEIGHT =  1
      RFACTOR = 32
      PERMIT_LOCATION_BASED_THINNING = NO
    NAME = TEM
    ISSURFACE = 0
      VAR = temp
      ID = 2
      HFUNCTION = standard
      ALLOWED MIN = -2
      ALLOWED MAX = 42
      ASYNCHRONOUS = no
      LOCRAD  = 800
      LOCWEIGHT =  1
      RFACTOR = 8
      PERMIT_LOCATION_BASED_THINNING = YES
    NAME = SAL
    ISSURFACE = 0
      VAR = salt
      ID = 3
      HFUNCTION = standard
      ALLOWED MIN = 28
      ALLOWED MAX = 39
      ASYNCHRONOUS = no
      LOCRAD  = 800
      LOCWEIGHT =  1
      RFACTOR = 8
      PERMIT_LOCATION_BASED_THINNING = YES
    grid prm info:
      NAME = "t-grid"
      DOMAIN = Default
      DATA = "conf4/grid_spec.nc"
      VTYPE = "none"
      DEPTHVARNAME = "depth_t"
      MASKVARNAME = "num_levels"
      XVARNAME = "lont"
      YVARNAME = "latt"
    grid info:
      hor type = LATLON
      periodic by X = no
      dims = 100 x 100 x 1
      longitude range = [0.000, 360.000]
      v type = NONE
      STRIDE = 0
    grid prm info:
      NAME = "t-grid2"
      DOMAIN = Default
      DATA = "conf4/grid_spec.nc"
      VTYPE = "z"
      ZVARNAME = "zt"
      ZCVARNAME = <none>
      DEPTHVARNAME = "depth_t"
      NUMLEVELSVARNAME = "num_levels"
      VDIR = "FROMSURF"
      HGRIDFROM = "t-grid"
      ZSTATINTS = [0 50] [50 500] [500 9999] 
    grid info:
      horizontal grid -- aliased to grid #0
      v type = Z
      v dir = FROMSURF
      STRIDE = 0
    grid prm info:
      NAME = "c-grid"
      DOMAIN = Default
      DATA = "conf4/grid_spec.nc"
      VTYPE = "z"
      ZVARNAME = "zt"
      ZCVARNAME = <none>
      NUMLEVELSVARNAME = "num_levels"
      VDIR = "FROMSURF"
      XVARNAME = "lonc"
      YVARNAME = "latc"
      ZSTATINTS = [0 50] [50 500] [500 9999] 
    grid info:
      hor type = LATLON
      periodic by X = no
      dims = 100 x 100 x 2
      longitude range = [0.000, 360.000]
      v type = Z
      v dir = FROMSURF
      STRIDE = 0
  model info:
    name = Tasman
    5 variables:
      eta_t:
        grid = "t-grid"
        inflation = 1.100 1.00
      temp:
        grid = "t-grid2"
        inflation = 1.100 1.00
      salt:
        grid = "t-grid2"
        inflation = 1.100 1.00
      u:
        grid = "c-grid"
        inflation = 1.100 1.00
      v:
        grid = "c-grid"
        inflation = 1.100 1.00
  setting the ensemble size:
    96 members
  initialising pointlogs:
    pointlog (156.000, -32.000):
      t-grid: (i, j) = (49.500, 49.500)
      t-grid2: (i, j) = (49.500, 49.500)
      c-grid: (i, j) = (49.000, 49.000)
  reading observations from "observations.nc":
    10220 observations
    allocating 1226400 bytes for array of observations
    creating kd-trees for observations:
      kdtree "SLA":
        652 nodes
        41776 bytes
      kdtree "SST":
        9554 nodes
        611504 bytes
      kdtree "TEM":
        7 nodes
        496 bytes
      kdtree "SAL":
        7 nodes
        496 bytes
  calculating ensemble observations:
  2021-03-09 11:28:33
    allocating 3924480 bytes for HE array:
    allocating 3924480 bytes for HE^T array:
    distributing 96 iterations:
      2 processes get 48 iterations each
    SLA ................................................
    SST ................................................
    TEM ................................................
    SAL ................................................
  writing forecast innovations and spread to "observations.nc":
  2021-03-09 11:28:33
  moderating observations:
    observations substantially modified:
      SLA          0 (0.0%)
      SST          0 (0.0%)
      TEM          0 (0.0%)
      SAL          0 (0.0%)
      total        0 (0.0%)
  writing modified obs errors to "observations.nc":
  calculating transforms:
  2021-03-09 11:28:34
    calculating transforms for t-grid:
      distributing 34 iterations:
        2 processes get 17 iterations each
      creating empty file "transforms-0.nc":
      main cycle for t-grid (34 x 34 local analyses):
        j = 0 (0: 0: 5.9%)
        j = 3 (1: 17: 5.9%)
        j = 9 (1: 18: 11.8%)
        j = 6 (0: 1: 11.8%)
        j = 15 (1: 19: 17.6%)
        j = 12 (0: 2: 17.6%)
        j = 21 (1: 20: 23.5%)
        j = 18 (0: 3: 23.5%)
        j = 27 (1: 21: 29.4%)
        j = 24 (0: 4: 29.4%)
        j = 33 (1: 22: 35.3%)
        j = 30 (0: 5: 35.3%)
        j = 39 (1: 23: 41.2%)
        j = 36 (0: 6: 41.2%)
        j = 45 (1: 24: 47.1%)
        j = 42 (0: 7: 47.1%)
        j = 51 (1: 25: 52.9%)
        j = 48 (0: 8: 52.9%)
        j = 57 (1: 26: 58.8%)
        j = 54 (0: 9: 58.8%)
        j = 63 (1: 27: 64.7%)
        j = 60 (0: 10: 64.7%)
        j = 69 (1: 28: 70.6%)
        j = 66 (0: 11: 70.6%)
        j = 75 (1: 29: 76.5%)
        j = 72 (0: 12: 76.5%)
        j = 81 (1: 30: 82.4%)
        j = 78 (0: 13: 82.4%)
        j = 87 (1: 31: 88.2%)
        j = 84 (0: 14: 88.2%)
        j = 93 (1: 32: 94.1%)
        j = 90 (0: 15: 94.1%)
        j = 99 (1: 33: 100.0%)
        j = 96 (0: 16: 100.0%)
    finished calculating transforms for t-grid
    writing stats to "enkf_diag-0.nc":
    summary stats on t-grid:
      # of local analyses = 1156
      average # of local obs = 1049.4
      # of inversions in obs space = 47
      # of inversions in ens space = 1109
    calculating transforms for c-grid:
      distributing 34 iterations:
        2 processes get 17 iterations each
      creating empty file "transforms-2.nc":
        j = 3 (1: 17: 5.9%)
      main cycle for c-grid (34 x 34 local analyses):
        j = 0 (0: 0: 5.9%)
        j = 9 (1: 18: 11.8%)
        j = 6 (0: 1: 11.8%)
        j = 15 (1: 19: 17.6%)
        j = 12 (0: 2: 17.6%)
        j = 21 (1: 20: 23.5%)
        j = 18 (0: 3: 23.5%)
        j = 27 (1: 21: 29.4%)
        j = 24 (0: 4: 29.4%)
        j = 33 (1: 22: 35.3%)
        j = 30 (0: 5: 35.3%)
        j = 39 (1: 23: 41.2%)
        j = 36 (0: 6: 41.2%)
        j = 45 (1: 24: 47.1%)
        j = 42 (0: 7: 47.1%)
        j = 51 (1: 25: 52.9%)
        j = 48 (0: 8: 52.9%)
        j = 57 (1: 26: 58.8%)
        j = 54 (0: 9: 58.8%)
        j = 63 (1: 27: 64.7%)
        j = 60 (0: 10: 64.7%)
        j = 69 (1: 28: 70.6%)
        j = 66 (0: 11: 70.6%)
        j = 75 (1: 29: 76.5%)
        j = 72 (0: 12: 76.5%)
        j = 81 (1: 30: 82.4%)
        j = 78 (0: 13: 82.4%)
        j = 87 (1: 31: 88.2%)
        j = 84 (0: 14: 88.2%)
        j = 93 (1: 32: 94.1%)
        j = 90 (0: 15: 94.1%)
        j = 99 (1: 33: 100.0%)
        j = 96 (0: 16: 100.0%)
    finished calculating transforms for c-grid
    writing stats to "enkf_diag-2.nc":
    summary stats on c-grid:
      # of local analyses = 1156
      average # of local obs = 1052.6
      # of inversions in obs space = 46
      # of inversions in ens space = 1110
  writing point logs:
    calculating transforms for log point (156.000,-32.000): 1444 obs
    writing log for point (156.000,-32.000) on grid "t-grid":
    writing log for point (156.000,-32.000) on grid "t-grid2":
    writing log for point (156.000,-32.000) on grid "c-grid":
  calculating analysed observations:
  2021-03-09 11:29:08
    sorting obs by ij:
    2021-03-09 11:29:08
    updating HE:
    distributing 10220 iterations:
      2 processes get 5110 iterations each
    2021-03-09 11:29:08
  adding analysis innovations and spread to "observations.nc":
  printing observation statistics:
    region obs.type   # obs.  |for.inn.| |an.inn.|   for.inn.   an.inn.  for.spread  an.spread
    ------------------------------------------------------------------------------------------
    Global
           SLA           652   0.0769     0.0306     0.0218   0.000273     0.0387     0.0232  
             j1          272   0.0731     0.0267     0.0228   4.59e-05     0.0434     0.0257  
             n1          380   0.0797     0.0334     0.0211   0.000436     0.0353     0.0214  
           SST          9554    0.456      0.205     -0.148    -0.0423      0.352      0.212  
             ESACCI     8386    0.457       0.18     -0.128    -0.0232      0.354      0.212  
             WindSat    1168    0.451       0.38      -0.29     -0.179      0.343      0.205  
           TEM             7     1.01      0.983      0.512      0.706      0.318      0.201  
             ARGO          7     1.01      0.983      0.512      0.706      0.318      0.201  
             0-50m         2     1.47       2.33       1.47       2.33      0.321      0.186  
             50-500m       5    0.832      0.444      0.129     0.0554      0.316      0.207  
             500-9999m     0     -nan       -nan       -nan       -nan       -nan       -nan  
           SAL             7   0.0768     0.0887     0.0546     0.0459     0.0293     0.0204  
             ARGO          7   0.0768     0.0887     0.0546     0.0459     0.0293     0.0204  
             0-50m         2   0.0881      0.115     0.0739      0.072     0.0225     0.0157  
             50-500m       5   0.0723     0.0782     0.0469     0.0355      0.032     0.0223  
             500-9999m     0     -nan       -nan       -nan       -nan       -nan       -nan  
  2021-03-09 11:29:08
  finished
