  running PREP for EnKF-C version 2.19.1:
    command = "./enkf_prep enkf.prm"
    dir = "/home/pavel/src/enkf-c/trunk/enkf/examples/6"
  2023-02-22 12:52:03
  reading prep specs from "enkf.prm":
    MODE = EnKF
    SCHEME = DEnKF
    MODEL PRM = "model.prm"
    GRID PRM = "grid.prm"
    OBS TYPES PRM = "obstypes.prm"
    OBS PRM = "obs.prm"
    DATE = "6565.5 days since 1990-01-01"
    ENSEMBLE DIR = "ensemble_6565"
    ENSEMBLE SIZE = 96
    RFACTOR BASE = 2.0
    INFLATION BASE = 1.1000
    INFLATION MODE = CAPPED, MAX RATIO = 1.00
    KFACTOR = 999.0
    LOCRAD  = 200
    LOCWEIGHT =  1
    STRIDE = 3
    FIELDBUFFERSIZE = 4
    REGION Global: x = [0.0, 360.0], y = [-90.0, 90.0]
    NCFORMAT = NETCDF4
    NCCOMPRESSION = 0
    EnKF flags:
      enkf_exitaction  = [SEGFAULT]
      enkf_obstype     = [VALUE]
    enkf_prep compile flags:
      INTERNAL_QSORT_R = [-]
  reading observation specs from "obs.prm":
    PRODUCT = RADS
      READER = scattered
      TYPE = SLA
        File: obs/RADS/2007/??_200712{19,20,21,22,23}.nc
      PARAMETER VARNAME = sla
      PARAMETER BATCHNAME = pass
      PARAMETER ZVALUE = NaN
      PARAMETER MINDEPTH = 100
    PRODUCT = ESACCI
      READER = scattered
      TYPE = SST
        File: obs/ESACCI/2007/200712{19,20,21,22,23}-*.nc
      PARAMETER VARNAME = sst
      PARAMETER ZVALUE = 0
      PARAMETER VARSHIFT = -273.15
    PRODUCT = WindSat
      READER = windsat
      TYPE = SST
        File: obs/WINDSAT/2007/windsat_200712{19,20,21,22,23}.nc
    PRODUCT = CARS
      READER = cars
      TYPE = TEM
        File: obs/TS-SEP-2011/y2007/m12/cars_temp_d{19,20,21,22,23}.nc
      ERROR_STD = 0.5, operation = EQUAL
    PRODUCT = CARS
      READER = cars
      TYPE = SAL
        File: obs/TS-SEP-2011/y2007/m12/cars_salt_d{19,20,21,22,23}.nc
      ERROR_STD = 0.1, operation = EQUAL
  creating model and observations:
    grid prm info:
      NAME = "t-grid"
      DOMAIN = ALL
      DATA = "conf4/grid_spec.nc"
      VTYPE = "none"
      VDIR = FROMSURF
      GEOGRAPHIC = yes
      DEPTHVARNAME = "depth_t"
      MASKVARNAME = "num_levels"
      VDIR = "FROMSURF"
      XVARNAME = "lont"
      YVARNAME = "latt"
    grid info:
      size = 100 x 100 x 1
      h type = RECTANGULAR
      periodic by X = no
      longitude range = [0.000, 360.000]
      v type = NONE
      v dir = FROMSURF
      STRIDE = 0
    grid prm info:
      NAME = "t-grid2"
      DOMAIN = ALL
      DATA = "conf4/grid_spec.nc"
      VTYPE = "z"
      VDIR = FROMSURF
      GEOGRAPHIC = yes
      ZVARNAME = "zt"
      ZCVARNAME = <none>
      DEPTHVARNAME = "depth_t"
      NUMLEVELSVARNAME = "num_levels"
      VDIR = "FROMSURF"
      HGRIDFROM = "t-grid"
      ZSTATINTS = [0 50] [50 500] [500 9999] 
    grid info:
      size = 100 x 100 x 2
      horizontal grid -- aliased to grid #0
      v type = Z
      v dir = FROMSURF
      STRIDE = 0
    grid prm info:
      NAME = "c-grid"
      DOMAIN = ALL
      DATA = "conf4/grid_spec.nc"
      VTYPE = "z"
      VDIR = FROMSURF
      GEOGRAPHIC = yes
      ZVARNAME = "zt"
      ZCVARNAME = <none>
      NUMLEVELSVARNAME = "num_levels"
      VDIR = "FROMSURF"
      XVARNAME = "lonc"
      YVARNAME = "latc"
      ZSTATINTS = [0 50] [50 500] [500 9999] 
    grid info:
      size = 100 x 100 x 2
      h type = RECTANGULAR
      periodic by X = no
      longitude range = [0.000, 360.000]
      v type = Z
      v dir = FROMSURF
      STRIDE = 0
  model info:
    name = Tasman
    5 variables:
      eta_t:
        grid = "t-grid"
        inflation = 1.100 1.00
      temp:
        grid = "t-grid2"
        inflation = 1.100 1.00
      salt:
        grid = "t-grid2"
        inflation = 1.100 1.00
      u:
        grid = "c-grid"
        inflation = 1.100 1.00
      v:
        grid = "c-grid"
        inflation = 1.100 1.00
  reading observation type specs from "obstypes.prm":
    NAME = SLA
    ISSURFACE = 1
      VAR = eta_t
      ID = 0
      OFFSET = conf/eta_mean-bran.nc eta_t
      HFUNCTION = standard
      ALLOWED MIN = -1
      ALLOWED MAX = 1
      ASYNCHRONOUS = no
      LOCRAD  = 200
      LOCWEIGHT =  1
      RFACTOR = 2
      PERMIT_LOCATION_BASED_THINNING = YES
    NAME = SST
    ISSURFACE = 1
      VAR = temp
      ID = 1
      HFUNCTION = standard
      ALLOWED MIN = -2
      ALLOWED MAX = 42
      ASYNCHRONOUS = no
      LOCRAD  = 200
      LOCWEIGHT =  1
      RFACTOR = 32
      PERMIT_LOCATION_BASED_THINNING = NO
    NAME = TEM
    ISSURFACE = 0
      VAR = temp
      ID = 2
      HFUNCTION = standard
      ALLOWED MIN = -2
      ALLOWED MAX = 42
      ASYNCHRONOUS = no
      LOCRAD  = 800
      LOCWEIGHT =  1
      RFACTOR = 8
      PERMIT_LOCATION_BASED_THINNING = YES
    NAME = SAL
    ISSURFACE = 0
      VAR = salt
      ID = 3
      HFUNCTION = standard
      ALLOWED MIN = 28
      ALLOWED MAX = 39
      ASYNCHRONOUS = no
      LOCRAD  = 800
      LOCWEIGHT =  1
      RFACTOR = 8
      PERMIT_LOCATION_BASED_THINNING = YES
  reading observations:
    PRODUCT = RADS, TYPE = SLA, reader = scattered
      reading obs/RADS/2007/j1_20071219.nc:
        VARNAME = sla
        LONNAME = lon
        LATNAME = lat
        nobs = 19
        # obs added = 14
      reading obs/RADS/2007/n1_20071219.nc:
        VARNAME = sla
        LONNAME = lon
        LATNAME = lat
        nobs = 240
        # obs added = 229
      reading obs/RADS/2007/j1_20071221.nc:
        VARNAME = sla
        LONNAME = lon
        LATNAME = lat
        nobs = 355
        # obs added = 342
      reading obs/RADS/2007/n1_20071221.nc:
        VARNAME = sla
        LONNAME = lon
        LATNAME = lat
        nobs = 23
        # obs added = 20
      reading obs/RADS/2007/j1_20071222.nc:
        VARNAME = sla
        LONNAME = lon
        LATNAME = lat
        nobs = 73
        # obs added = 73
      reading obs/RADS/2007/n1_20071222.nc:
        VARNAME = sla
        LONNAME = lon
        LATNAME = lat
        nobs = 296
        # obs added = 292
      id = 0 - 969
        1 observations in shallow areas
      total 970 observations
      969 valid observations
      min day = -4.264
      max day = -0.540
    PRODUCT = ESACCI, TYPE = SST, reader = scattered
      reading obs/ESACCI/2007/20071219-ESACCI-L3C-SSTdepth-AATSR-01-1d.nc:
        VARNAME = sst
        LONNAME = lon
        LATNAME = lat
        nobs = 4721
        # obs added = 4657
      reading obs/ESACCI/2007/20071219-ESACCI-L3C-SSTdepth-AATSR-03-1d.nc:
        VARNAME = sst
        LONNAME = lon
        LATNAME = lat
        nobs = 9136
        # obs added = 8667
      reading obs/ESACCI/2007/20071219-ESACCI-L3C-SSTdepth-AVHRR15-01-1d.nc:
        VARNAME = sst
        LONNAME = lon
        LATNAME = lat
        nobs = 3439
        # obs added = 3328
      reading obs/ESACCI/2007/20071219-ESACCI-L3C-SSTdepth-AVHRR15-03-1d.nc:
        VARNAME = sst
        LONNAME = lon
        LATNAME = lat
        nobs = 3706
        # obs added = 3601
      reading obs/ESACCI/2007/20071219-ESACCI-L3C-SSTdepth-AVHRR17-01-1d.nc:
        VARNAME = sst
        LONNAME = lon
        LATNAME = lat
        nobs = 277
        # obs added = 258
      reading obs/ESACCI/2007/20071219-ESACCI-L3C-SSTdepth-AVHRR17-02-1d.nc:
        VARNAME = sst
        LONNAME = lon
        LATNAME = lat
        nobs = 898
        # obs added = 892
      reading obs/ESACCI/2007/20071219-ESACCI-L3C-SSTdepth-AVHRR17-03-1d.nc:
        VARNAME = sst
        LONNAME = lon
        LATNAME = lat
        nobs = 196
        # obs added = 178
      reading obs/ESACCI/2007/20071219-ESACCI-L3C-SSTdepth-AVHRR18-00-1d.nc:
        VARNAME = sst
        LONNAME = lon
        LATNAME = lat
        nobs = 949
        # obs added = 936
      reading obs/ESACCI/2007/20071219-ESACCI-L3C-SSTdepth-AVHRR18-02-1d.nc:
        VARNAME = sst
        LONNAME = lon
        LATNAME = lat
        nobs = 3850
        # obs added = 3800
      reading obs/ESACCI/2007/20071219-ESACCI-L3C-SSTdepth-AVHRRMTA-01-1d.nc:
        VARNAME = sst
        LONNAME = lon
        LATNAME = lat
        nobs = 1594
        # obs added = 1548
      reading obs/ESACCI/2007/20071219-ESACCI-L3C-SSTdepth-AVHRRMTA-02-1d.nc:
        VARNAME = sst
        LONNAME = lon
        LATNAME = lat
        nobs = 4
        # obs added = 4
      reading obs/ESACCI/2007/20071219-ESACCI-L3C-SSTdepth-AVHRRMTA-03-1d.nc:
        VARNAME = sst
        LONNAME = lon
        LATNAME = lat
        nobs = 6764
        # obs added = 6519
      reading obs/ESACCI/2007/20071220-ESACCI-L3C-SSTdepth-AVHRR15-01-1d.nc:
        VARNAME = sst
        LONNAME = lon
        LATNAME = lat
        nobs = 4415
        # obs added = 3873
      reading obs/ESACCI/2007/20071220-ESACCI-L3C-SSTdepth-AVHRR15-02-1d.nc:
        VARNAME = sst
        LONNAME = lon
        LATNAME = lat
        nobs = 2347
        # obs added = 2343
      reading obs/ESACCI/2007/20071220-ESACCI-L3C-SSTdepth-AVHRR15-03-1d.nc:
        VARNAME = sst
        LONNAME = lon
        LATNAME = lat
        nobs = 127
        # obs added = 122
      reading obs/ESACCI/2007/20071220-ESACCI-L3C-SSTdepth-AVHRR17-02-1d.nc:
        VARNAME = sst
        LONNAME = lon
        LATNAME = lat
        nobs = 2040
        # obs added = 2030
      reading obs/ESACCI/2007/20071220-ESACCI-L3C-SSTdepth-AVHRR17-03-1d.nc:
        VARNAME = sst
        LONNAME = lon
        LATNAME = lat
        nobs = 9749
        # obs added = 9404
      reading obs/ESACCI/2007/20071220-ESACCI-L3C-SSTdepth-AVHRR18-00-1d.nc:
        VARNAME = sst
        LONNAME = lon
        LATNAME = lat
        nobs = 4094
        # obs added = 3918
      reading obs/ESACCI/2007/20071220-ESACCI-L3C-SSTdepth-AVHRR18-02-1d.nc:
        VARNAME = sst
        LONNAME = lon
        LATNAME = lat
        nobs = 3263
        # obs added = 3157
      reading obs/ESACCI/2007/20071220-ESACCI-L3C-SSTdepth-AVHRRMTA-01-1d.nc:
        VARNAME = sst
        LONNAME = lon
        LATNAME = lat
        nobs = 508
        # obs added = 434
      reading obs/ESACCI/2007/20071220-ESACCI-L3C-SSTdepth-AVHRRMTA-02-1d.nc:
        VARNAME = sst
        LONNAME = lon
        LATNAME = lat
        nobs = 544
        # obs added = 544
      reading obs/ESACCI/2007/20071220-ESACCI-L3C-SSTdepth-AVHRRMTA-03-1d.nc:
        VARNAME = sst
        LONNAME = lon
        LATNAME = lat
        nobs = 982
        # obs added = 913
      reading obs/ESACCI/2007/20071221-ESACCI-L3C-SSTdepth-AATSR-03-1d.nc:
        VARNAME = sst
        LONNAME = lon
        LATNAME = lat
        nobs = 13
        # obs added = 13
      reading obs/ESACCI/2007/20071221-ESACCI-L3C-SSTdepth-AVHRR15-01-1d.nc:
        VARNAME = sst
        LONNAME = lon
        LATNAME = lat
        nobs = 4798
        # obs added = 4360
      reading obs/ESACCI/2007/20071221-ESACCI-L3C-SSTdepth-AVHRR15-02-1d.nc:
        VARNAME = sst
        LONNAME = lon
        LATNAME = lat
        nobs = 95
        # obs added = 84
      reading obs/ESACCI/2007/20071221-ESACCI-L3C-SSTdepth-AVHRR17-01-1d.nc:
        VARNAME = sst
        LONNAME = lon
        LATNAME = lat
        nobs = 3582
        # obs added = 3153
      reading obs/ESACCI/2007/20071221-ESACCI-L3C-SSTdepth-AVHRR17-03-1d.nc:
        VARNAME = sst
        LONNAME = lon
        LATNAME = lat
        nobs = 1805
        # obs added = 1599
      reading obs/ESACCI/2007/20071221-ESACCI-L3C-SSTdepth-AVHRR18-00-1d.nc:
        VARNAME = sst
        LONNAME = lon
        LATNAME = lat
        nobs = 26273
        # obs added = 25659
      reading obs/ESACCI/2007/20071221-ESACCI-L3C-SSTdepth-AVHRR18-02-1d.nc:
        VARNAME = sst
        LONNAME = lon
        LATNAME = lat
        nobs = 712
        # obs added = 616
      reading obs/ESACCI/2007/20071221-ESACCI-L3C-SSTdepth-AVHRRMTA-01-1d.nc:
        VARNAME = sst
        LONNAME = lon
        LATNAME = lat
        nobs = 1029
        # obs added = 906
      reading obs/ESACCI/2007/20071221-ESACCI-L3C-SSTdepth-AVHRRMTA-03-1d.nc:
        VARNAME = sst
        LONNAME = lon
        LATNAME = lat
        nobs = 404
        # obs added = 369
      reading obs/ESACCI/2007/20071222-ESACCI-L3C-SSTdepth-AATSR-01-1d.nc:
        VARNAME = sst
        LONNAME = lon
        LATNAME = lat
        nobs = 1224
        # obs added = 1092
      reading obs/ESACCI/2007/20071222-ESACCI-L3C-SSTdepth-AATSR-03-1d.nc:
        VARNAME = sst
        LONNAME = lon
        LATNAME = lat
        nobs = 6329
        # obs added = 6107
      reading obs/ESACCI/2007/20071222-ESACCI-L3C-SSTdepth-AVHRR15-01-1d.nc:
        VARNAME = sst
        LONNAME = lon
        LATNAME = lat
        nobs = 227
        # obs added = 167
      reading obs/ESACCI/2007/20071222-ESACCI-L3C-SSTdepth-AVHRR15-03-1d.nc:
        VARNAME = sst
        LONNAME = lon
        LATNAME = lat
        nobs = 345
        # obs added = 337
      reading obs/ESACCI/2007/20071222-ESACCI-L3C-SSTdepth-AVHRR17-01-1d.nc:
        VARNAME = sst
        LONNAME = lon
        LATNAME = lat
        nobs = 845
        # obs added = 755
      reading obs/ESACCI/2007/20071222-ESACCI-L3C-SSTdepth-AVHRR17-02-1d.nc:
        VARNAME = sst
        LONNAME = lon
        LATNAME = lat
        nobs = 6
        # obs added = 1
      reading obs/ESACCI/2007/20071222-ESACCI-L3C-SSTdepth-AVHRR17-03-1d.nc:
        VARNAME = sst
        LONNAME = lon
        LATNAME = lat
        nobs = 4895
        # obs added = 4700
      reading obs/ESACCI/2007/20071222-ESACCI-L3C-SSTdepth-AVHRR18-00-1d.nc:
        VARNAME = sst
        LONNAME = lon
        LATNAME = lat
        nobs = 1288
        # obs added = 1117
      reading obs/ESACCI/2007/20071222-ESACCI-L3C-SSTdepth-AVHRR18-02-1d.nc:
        VARNAME = sst
        LONNAME = lon
        LATNAME = lat
        nobs = 5499
        # obs added = 5274
      reading obs/ESACCI/2007/20071222-ESACCI-L3C-SSTdepth-AVHRRMTA-01-1d.nc:
        VARNAME = sst
        LONNAME = lon
        LATNAME = lat
        nobs = 2143
        # obs added = 1932
      reading obs/ESACCI/2007/20071222-ESACCI-L3C-SSTdepth-AVHRRMTA-03-1d.nc:
        VARNAME = sst
        LONNAME = lon
        LATNAME = lat
        nobs = 7966
        # obs added = 7690
      reading obs/ESACCI/2007/20071223-ESACCI-L3C-SSTdepth-AVHRR15-01-1d.nc:
        VARNAME = sst
        LONNAME = lon
        LATNAME = lat
        nobs = 6400
        # obs added = 6208
      reading obs/ESACCI/2007/20071223-ESACCI-L3C-SSTdepth-AVHRR15-03-1d.nc:
        VARNAME = sst
        LONNAME = lon
        LATNAME = lat
        nobs = 587
        # obs added = 587
      reading obs/ESACCI/2007/20071223-ESACCI-L3C-SSTdepth-AVHRR17-01-1d.nc:
        VARNAME = sst
        LONNAME = lon
        LATNAME = lat
        nobs = 477
        # obs added = 423
      reading obs/ESACCI/2007/20071223-ESACCI-L3C-SSTdepth-AVHRR17-02-1d.nc:
        VARNAME = sst
        LONNAME = lon
        LATNAME = lat
        nobs = 102
        # obs added = 102
      reading obs/ESACCI/2007/20071223-ESACCI-L3C-SSTdepth-AVHRR17-03-1d.nc:
        VARNAME = sst
        LONNAME = lon
        LATNAME = lat
        nobs = 1855
        # obs added = 1661
      reading obs/ESACCI/2007/20071223-ESACCI-L3C-SSTdepth-AVHRR18-00-1d.nc:
        VARNAME = sst
        LONNAME = lon
        LATNAME = lat
        nobs = 7760
        # obs added = 7520
      reading obs/ESACCI/2007/20071223-ESACCI-L3C-SSTdepth-AVHRR18-02-1d.nc:
        VARNAME = sst
        LONNAME = lon
        LATNAME = lat
        nobs = 2389
        # obs added = 2364
      reading obs/ESACCI/2007/20071223-ESACCI-L3C-SSTdepth-AVHRRMTA-01-1d.nc:
        VARNAME = sst
        LONNAME = lon
        LATNAME = lat
        nobs = 1500
        # obs added = 1377
      reading obs/ESACCI/2007/20071223-ESACCI-L3C-SSTdepth-AVHRRMTA-03-1d.nc:
        VARNAME = sst
        LONNAME = lon
        LATNAME = lat
        nobs = 8570
        # obs added = 8202
      id = 970 - 156470
      total 155501 observations
      155501 valid observations
      min day = -4.330
      max day = 0.437
    PRODUCT = WindSat, TYPE = SST, reader = windsat
      reading obs/WINDSAT/2007/windsat_20071219.nc:
        nobs = 320738
        nobs = 320738
        # obs added = 1168
      reading obs/WINDSAT/2007/windsat_20071220.nc:
        nobs = 29534
        nobs = 29534
        # obs added = 0
      id = 156471 - 157638
      total 1168 observations
      1168 valid observations
      min day = -4.000
      max day = -4.000
    PRODUCT = CARS, TYPE = TEM, reader = cars
      reading obs/TS-SEP-2011/y2007/m12/cars_temp_d19.nc:
        # profiles = 384
        # z levels = 191
        nobs = 548
        # unique locations = 383
        # obs added = 176
      reading obs/TS-SEP-2011/y2007/m12/cars_temp_d20.nc:
        # profiles = 377
        # z levels = 191
        nobs = 429
        # unique locations = 377
        # obs added = 56
      reading obs/TS-SEP-2011/y2007/m12/cars_temp_d21.nc:
        # profiles = 329
        # z levels = 191
        nobs = 376
        # unique locations = 329
        # obs added = 56
      reading obs/TS-SEP-2011/y2007/m12/cars_temp_d22.nc:
        # profiles = 350
        # z levels = 191
        nobs = 345
        # unique locations = 350
        # obs added = 0
      reading obs/TS-SEP-2011/y2007/m12/cars_temp_d23.nc:
        # profiles = 344
        # z levels = 191
        nobs = 336
        # unique locations = 344
        # obs added = 0
      id = 157639 - 157926
      total 288 observations
      184 valid observations
      setting error_std to 0.5
      min day = -4.000
      max day = -2.000
    PRODUCT = CARS, TYPE = SAL, reader = cars
      reading obs/TS-SEP-2011/y2007/m12/cars_salt_d19.nc:
        # profiles = 366
        # z levels = 191
        nobs = 530
        # unique locations = 365
        # obs added = 176
      reading obs/TS-SEP-2011/y2007/m12/cars_salt_d20.nc:
        # profiles = 360
        # z levels = 191
        nobs = 412
        # unique locations = 360
        # obs added = 56
      reading obs/TS-SEP-2011/y2007/m12/cars_salt_d21.nc:
        # profiles = 314
        # z levels = 191
        nobs = 362
        # unique locations = 314
        # obs added = 56
      reading obs/TS-SEP-2011/y2007/m12/cars_salt_d22.nc:
        # profiles = 323
        # z levels = 191
        nobs = 318
        # unique locations = 323
        # obs added = 0
      reading obs/TS-SEP-2011/y2007/m12/cars_salt_d23.nc:
        # profiles = 325
        # z levels = 191
        nobs = 317
        # unique locations = 325
        # obs added = 0
      id = 157927 - 158214
      total 288 observations
      184 valid observations
      setting error_std to 0.1
      min day = -4.000
      max day = -2.000
  2023-02-22 12:52:03
  compacting obs:
  2023-02-22 12:52:03
  sorting:
  2023-02-22 12:52:03
  superobing:
    10220 superobservations
  2023-02-22 12:52:03
  checking for superobs on land:
    all good
  2023-02-22 12:52:03
  writing superobservations to "observations.nc":
  printing observation summary:
    type    #used    #dropped #out_grd #out_obs #out_wnd #land    #shallow #badbatch#badvalue#thinned #excluded#superobs
    -----------------------------------------------------------------------------------------------------------
    SLA     969      1        0        0        0        0        1        0        0        0        0        652     
    SST     156669   0        0        0        0        0        0        0        0        0        0        9554    
    TEM     184      104      104      0        0        0        0        0        0        0        0        7       
    SAL     184      104      104      0        0        0        0        0        0        0        0        7       
    total   158006   209      208      0        0        0        1        0        0        0        0        10220   
  2023-02-22 12:52:03
  finished
