  MPI: initialised 2 process(es)
  MPI: rank = 1, PID = 5544
  MPI: rank = 0, PID = 5543
  running UPDATE for EnKF-C version 1.110.1:
    command = "./enkf_update --calculate-spread enoi.prm"
    dir = "/home/pavel/src/enkf-c/trunk/enkf/examples/4"
  2020-03-11 13:10:13
  reading system specs from "enoi.prm":
    MODE = EnOI
    MODEL PRM = "model.prm"
    GRID PRM = "grid.prm"
    OBS TYPES PRM = "obstypes.prm"
    OBS PRM = "obs.prm"
    DATE = "6565.5 days since 1990-01-01"
    BGDIR = "background_6565"
    ENSEMBLE DIR = "ensemble_static"
    ENSEMBLE SIZE = 144
    RFACTOR BASE = 1.0
    INFLATION BASE = 1.0000
    INFLATION MODE = SPREAD LIMITED, MAX RATIO = 1.00
    KFACTOR = 999.0
      LOCRAD  = 200
      LOCWEIGHT =  1
    STRIDE = 3
    FIELDBUFFERSIZE = 4
    REGION Global: x = [0.0, 360.0], y = [-90.0, 90.0]
    POINTLOG 156.000 -32.000 
    NCFORMAT = 64BIT
    NCCOMPRESSION = 0
    EnKF flags:
      enkf_exitaction  = [BACKTRACE]
      enkf_obstype     = [VALUE]
    compile flags:
      NCW_SKIPSINGLE = [-]
  update specs:
    do model fields  = [+]
    do spread        = [+]
    do pointlogs     = [+]
    separate output  = [+]
  initialising the system:
    grid prm info:
      NAME = "t-grid"
      DOMAIN = Default
      DATA = "conf4/grid_spec.nc"
      VTYPE = "z"
      ZVARNAME = "zt"
      ZCVARNAME = <none>
      DEPTHVARNAME = "depth_t"
      NUMLEVELSVARNAME = "num_levels"
      VDIR = "FROMSURF"
      XVARNAME = "lont"
      YVARNAME = "latt"
      ZSTATINTS = [0 50] [50 500] [500 9999] 
    grid info:
      hor type = LATLON
      periodic by X = no
      dims = 100 x 100 x 2
      longitude range = [0.000, 360.000]
      v type = Z
      v dir = FROMSURF
      STRIDE = 0
    grid prm info:
      NAME = "c-grid"
      DOMAIN = Default
      DATA = "conf4/grid_spec.nc"
      VTYPE = "z"
      ZVARNAME = "zt"
      ZCVARNAME = <none>
      NUMLEVELSVARNAME = "num_levels"
      VDIR = "FROMSURF"
      XVARNAME = "lonc"
      YVARNAME = "latc"
      ZSTATINTS = [0 50] [50 500] [500 9999] 
    grid info:
      hor type = LATLON
      periodic by X = no
      dims = 100 x 100 x 2
      longitude range = [0.000, 360.000]
      v type = Z
      v dir = FROMSURF
      STRIDE = 0
  setting the ensemble size:
    144 members
  updating the model state:
    allocating disk space for spread:
    defining state variables in point logs:
    2020-03-11 13:10:13
    allocating disk space for analysis:
    processing fields for t-grid:
      2020-03-11 13:10:13
      5 fields
      distributing iterations:
        2 processes get 3 or 2 iterations
      eta_t    0   (0: 0: 33.3%)
      salt     0   (1: 3: 50.0%)
      temp     0   (0: 1: 66.7%)
      salt     1   (1: 4: 100.0%)
      temp     1   (0: 2: 100.0%)
    processing fields for c-grid:
      2020-03-11 13:10:13
      4 fields
      distributing iterations:
        2 processes get 2 iterations each
      v        0   (1: 2: 50.0%)
      u        0   (0: 0: 50.0%)
      v        1   (1: 3: 100.0%)
      u        1   (0: 1: 100.0%)
  2020-03-11 13:10:13
  assembling analysis:
    eta_t:.
    temp:..
    salt:..
    u:..
    v:..
  2020-03-11 13:10:13
  assembling spread:
    eta_t:.
    temp:..
    salt:..
    u:..
    v:..
  2020-03-11 13:10:13
  assembling state variables in point logs:
    distributing iterations:
      2 processes get 1 or 0 iterations
    deleting tiles:
      distributing iterations:
        2 processes get 5 or 4 iterations
  2020-03-11 13:10:13
  finished
