  MPI: initialised 2 process(es)
  MPI: rank = 1, PID = 5610
  MPI: rank = 0, PID = 5609
  running CALC for EnKF-C version 1.110.1:
    command = "./enkf_calc enoi.prm"
    dir = "/home/pavel/src/enkf-c/trunk/enkf/examples/5"
  2020-03-11 13:10:52
  reading system specs from "enoi.prm":
    MODE = EnOI
    MODEL PRM = "model.prm"
    GRID PRM = "grid.prm"
    OBS TYPES PRM = "obstypes.prm"
    OBS PRM = "obs.prm"
    DATE = "6565.5 days since 1990-01-01"
    BGDIR = "background_6565"
    ENSEMBLE DIR = "ensemble_static"
    ENSEMBLE SIZE = 144
    RFACTOR BASE = 1.0
    INFLATION BASE = 1.0000
    INFLATION MODE = SPREAD LIMITED, MAX RATIO = 1.00
    KFACTOR = 999.0
      LOCRAD  = 200
      LOCWEIGHT =  1
    STRIDE = 3
    FIELDBUFFERSIZE = 4
    REGION Global: x = [0.0, 360.0], y = [-90.0, 90.0]
    POINTLOG 156.000 -32.000 
    NCFORMAT = 64BIT
    NCCOMPRESSION = 0
    EnKF flags:
      enkf_exitaction  = [BACKTRACE]
      enkf_obstype     = [VALUE]
    compile flags:
      SHUFFLE_ROWS     = [-]
      HE_VIASHMEM      = [+]
      MINIMISE_ALLOC   = [+]
      OBS_SHUFFLE      = [-]
      INTERNAL_QSORT_R = [-]
  initialising the system:
  reading observation type specs from "obstypes.prm":
    NAME = SLA
    ISSURFACE = 1
      VAR = eta_t
      ID = 0
      OFFSET = conf/eta_mean-bran.nc eta_t
      HFUNCTION = standard
      ALLOWED MIN = -1
      ALLOWED MAX = 1
      ASYNCHRONOUS = no
      LOCRAD  = 200
      LOCWEIGHT =  1
      RFACTOR = 1
    NAME = SST
    ISSURFACE = 1
      VAR = temp
      ID = 1
      HFUNCTION = standard
      ALLOWED MIN = -2
      ALLOWED MAX = 42
      ASYNCHRONOUS = no
      LOCRAD  = 200
      LOCWEIGHT =  1
      RFACTOR = 2
    NAME = SST2
    ISSURFACE = 1
      VAR = temp
      ID = 2
      HFUNCTION = standard
      ALLOWED MIN = -2
      ALLOWED MAX = 42
      ASYNCHRONOUS = no
      LOCRAD  = 200
      LOCWEIGHT =  1
      RFACTOR = 2
    NAME = TEM
    ISSURFACE = 0
      VAR = temp
      ID = 3
      HFUNCTION = standard
      ALLOWED MIN = -2
      ALLOWED MAX = 42
      ASYNCHRONOUS = no
      LOCRAD  = 800
      LOCWEIGHT =  1
      RFACTOR = 4
    NAME = SAL
    ISSURFACE = 0
      VAR = salt
      ID = 4
      HFUNCTION = standard
      ALLOWED MIN = 28
      ALLOWED MAX = 39
      ASYNCHRONOUS = no
      LOCRAD  = 800
      LOCWEIGHT =  1
      RFACTOR = 4
    grid prm info:
      NAME = "t-grid"
      DOMAIN = Default
      DATA = "conf/grid_spec.nc"
      VTYPE = "z"
      ZVARNAME = "zt"
      ZCVARNAME = <none>
      DEPTHVARNAME = "depth_t"
      NUMLEVELSVARNAME = "num_levels"
      VDIR = "FROMSURF"
      XVARNAME = "lon"
      YVARNAME = "lat"
      ZSTATINTS = [0 50] [50 500] [500 9999] 
    grid info:
      hor type = LATLON
      periodic by X = no
      dims = 100 x 100 x 2
      longitude range = [0.000, 360.000]
      v type = Z
      v dir = FROMSURF
      STRIDE = 0
  setting the ensemble size:
    144 members
  reading observations from "observations.nc":
    4112 observations
    allocating 493440 bytes for array of observations
  calculating ensemble observations:
  2020-03-11 13:10:52
    allocating 4737024 bytes for HE array:
    distributing iterations:
      2 processes get 72 iterations each
    SLA +........................................................................
    SST +........................................................................
    SST2 +........................................................................
    TEM +........................................................................
    SAL +........................................................................
  adding forecast innovations and spread to "observations.nc":
  2020-03-11 13:10:53
  moderating observations:
    observations substantially modified:
      SLA          0 (0.0%)
      SST          0 (0.0%)
      SST2          0 (0.0%)
      TEM          0 (0.0%)
      SAL          0 (0.0%)
      total        0 (0.0%)
  writing modified obs errors to "observations.nc":
  calculating transforms:
  2020-03-11 13:10:53
    creating kd-trees for observations:
      kdtree "SLA":
        645 nodes
        41280 bytes (externally allocated)
      kdtree "SST":
        2285 nodes
        146240 bytes (externally allocated)
      kdtree "SST2":
        1168 nodes
        74752 bytes (externally allocated)
      kdtree "TEM":
        7 nodes
        448 bytes (externally allocated)
      kdtree "SAL":
        7 nodes
        448 bytes (externally allocated)
    calculating transforms for t-grid:
    creating empty file "w.nc":
      distributing iterations:
        2 processes get 17 iterations each
        j = 3 (1: 17: 5.9%)
      main cycle for t-grid (34 x 34 local analyses):
        j = 0 (0: 0: 5.9%)
        j = 9 (1: 18: 11.8%)
        j = 6 (0: 1: 11.8%)
        j = 12 (0: 2: 17.6%)
        j = 15 (1: 19: 17.6%)
        j = 21 (1: 20: 23.5%)
        j = 18 (0: 3: 23.5%)
        j = 27 (1: 21: 29.4%)
        j = 24 (0: 4: 29.4%)
        j = 33 (1: 22: 35.3%)
        j = 30 (0: 5: 35.3%)
        j = 39 (1: 23: 41.2%)
        j = 36 (0: 6: 41.2%)
        j = 45 (1: 24: 47.1%)
        j = 42 (0: 7: 47.1%)
        j = 51 (1: 25: 52.9%)
        j = 48 (0: 8: 52.9%)
        j = 57 (1: 26: 58.8%)
        j = 54 (0: 9: 58.8%)
        j = 63 (1: 27: 64.7%)
        j = 60 (0: 10: 64.7%)
        j = 69 (1: 28: 70.6%)
        j = 66 (0: 11: 70.6%)
        j = 75 (1: 29: 76.5%)
        j = 72 (0: 12: 76.5%)
        j = 81 (1: 30: 82.4%)
        j = 78 (0: 13: 82.4%)
        j = 87 (1: 31: 88.2%)
        j = 84 (0: 14: 88.2%)
        j = 93 (1: 32: 94.1%)
        j = 90 (0: 15: 94.1%)
        j = 99 (1: 33: 100.0%)
        j = 96 (0: 16: 100.0%)
    finished calculating transforms for t-grid
    writing stats to "enkf_diag.nc":
    summary stats on t-grid:
      # of local analyses = 1156
      average # of local obs = 425.5
      # of inversions in obs space = 134
      # of inversions in ens space = 1022
  writing point logs:
    calculating transforms for log point (156.000,-32.000): 590 obs
    writing log for point (156.000,-32.000) on grid "t-grid":
  calculating analysed observations:
  2020-03-11 13:11:03
    sorting obs by ij:
    2020-03-11 13:11:04
    updating Hx:
    distributing iterations:
      2 processes get 2056 iterations each
    2020-03-11 13:11:04
  adding analysis innovations and spread to "observations.nc":
  printing observation statistics:
    region obs.type   # obs.  |for.inn.| |an.inn.|   for.inn.   an.inn.  for.spread  an.spread
    ------------------------------------------------------------------------------------------
    Global
           SLA           645    0.082      0.029      0.027     -0.001      0.027      0.027  
             j1          259    0.087      0.022      0.040      0.004      0.030      0.030  
             n1          370    0.077      0.035      0.015     -0.004      0.025      0.025  
             N/A          16    0.102      0.016      0.088      0.006      0.028      0.028  
           SST          2285    0.468      0.158     -0.231     -0.006      0.433      0.433  
             AVHRR      2285    0.468      0.158     -0.231     -0.006      0.433      0.433  
           SST2          1168    0.451      0.258     -0.290     -0.048      0.413      0.413  
             WindSat    1168    0.451      0.258     -0.290     -0.048      0.413      0.413  
           TEM             7    1.015      0.954      0.512      0.873      0.296      0.296  
             ARGO          7    1.015      0.954      0.512      0.873      0.296      0.296  
             0-50m         2    1.471      2.547      1.471      2.547      0.305      0.305  
             50-500m       5    0.832      0.317      0.129      0.203      0.293      0.293  
             500-9999m     0     -nan       -nan       -nan       -nan       -nan       -nan  
           SAL             7    0.077      0.077      0.055      0.049      0.023      0.023  
             ARGO          7    0.077      0.077      0.055      0.049      0.023      0.023  
             0-50m         2    0.088      0.101      0.074      0.072      0.019      0.019  
             50-500m       5    0.072      0.067      0.047      0.040      0.025      0.025  
             500-9999m     0     -nan       -nan       -nan       -nan       -nan       -nan  
  2020-03-11 13:11:04
  finished
