  running PREP for EnKF-C version 2.2.2:
    command = "./enkf_prep enoi.prm"
    dir = "/home/pavel/src/enkf-c/trunk/enkf/examples/5"
  2020-12-23 09:00:35
  reading prep specs from "enoi.prm":
    MODE = EnOI
    MODEL PRM = "model.prm"
    GRID PRM = "grid.prm"
    OBS TYPES PRM = "obstypes.prm"
    OBS PRM = "obs.prm"
    DATE = "6565.5 days since 1990-01-01"
    BGDIR = "background_6565"
    ENSEMBLE DIR = "ensemble_static"
    ENSEMBLE SIZE = 144
    RFACTOR BASE = 1.0
    INFLATION BASE = 1.0000
    INFLATION MODE = CAPPED, MAX RATIO = 1.00
    KFACTOR = 999.0
      LOCRAD  = 200
      LOCWEIGHT =  1
    STRIDE = 3
    FIELDBUFFERSIZE = 4
    REGION Global: x = [0.0, 360.0], y = [-90.0, 90.0]
    NCFORMAT = NETCDF4
    NCCOMPRESSION = 0
    EnKF flags:
      enkf_exitaction  = [BACKTRACE]
      enkf_obstype     = [VALUE]
    enkf_prep compile flags:
      INTERNAL_QSORT_R = [-]
  reading observation specs from "obs.prm":
    PRODUCT = RADS
      READER = scattered
      TYPE = SLA
        File: obs/RADS/2007/??_200712{19,20,21,22,23}.nc
      PARAMETER VARNAME = sla
      PARAMETER ZVALUE = 0
      PARAMETER MINDEPTH = 100
    PRODUCT = ESACCI
      READER = scattered
      TYPE = SST
        File: obs/ESACCI/2007/200712{19,20,21,22,23}-*.nc
      PARAMETER VARNAME = sst
      PARAMETER ZVALUE = 0
      PARAMETER VARSHIFT = -273.15
    PRODUCT = WindSat
      READER = standard
      TYPE = SST2
        File: obs/WINDSAT/2007/windsat_200712{19,20,21,22,23}.nc
    PRODUCT = CARS
      READER = standard
      TYPE = TEM
        File: obs/TS-SEP-2011/y2007/m12/cars_temp_d{19,20,21,22,23}.nc
      ERROR_STD = 0.5, operation = EQUAL
    PRODUCT = CARS
      READER = standard
      TYPE = SAL
        File: obs/TS-SEP-2011/y2007/m12/cars_salt_d{19,20,21,22,23}.nc
      ERROR_STD = 0.1, operation = EQUAL
  creating model and observations:
    grid prm info:
      NAME = "t-grid"
      DOMAIN = Default
      DATA = "conf/grid_spec.nc"
      VTYPE = "z"
      ZVARNAME = "zt"
      ZCVARNAME = <none>
      DEPTHVARNAME = "depth_t"
      NUMLEVELSVARNAME = "num_levels"
      VDIR = "FROMSURF"
      XVARNAME = "lon"
      YVARNAME = "lat"
      ZSTATINTS = [0 50] [50 500] [500 9999] 
    grid info:
      hor type = LATLON
      periodic by X = no
      dims = 100 x 100 x 2
      longitude range = [0.000, 360.000]
      v type = Z
      v dir = FROMSURF
      STRIDE = 0
  model info:
    name = Tasman
    5 variables:
      eta_t:
        grid = "t-grid"
        inflation = 1.000 1.00
      temp:
        grid = "t-grid"
        inflation = 1.000 1.00
      salt:
        grid = "t-grid"
        inflation = 1.000 1.00
      u:
        grid = "t-grid"
        inflation = 1.000 1.00
      v:
        grid = "t-grid"
        inflation = 1.000 1.00
  reading observation type specs from "obstypes.prm":
    NAME = SLA
    ISSURFACE = 1
      VAR = eta_t
      ID = 0
      OFFSET = conf/eta_mean-bran.nc eta_t
      HFUNCTION = standard
      ALLOWED MIN = -1
      ALLOWED MAX = 1
      ASYNCHRONOUS = no
      LOCRAD  = 200
      LOCWEIGHT =  1
      RFACTOR = 1
    NAME = SST
    ISSURFACE = 1
      VAR = temp
      ID = 1
      HFUNCTION = standard
      ALLOWED MIN = -2
      ALLOWED MAX = 42
      ASYNCHRONOUS = no
      LOCRAD  = 200
      LOCWEIGHT =  1
      RFACTOR = 2
    NAME = SST2
    ISSURFACE = 1
      VAR = temp
      ID = 2
      HFUNCTION = standard
      ALLOWED MIN = -2
      ALLOWED MAX = 42
      ASYNCHRONOUS = no
      LOCRAD  = 200
      LOCWEIGHT =  1
      RFACTOR = 2
    NAME = TEM
    ISSURFACE = 0
      VAR = temp
      ID = 3
      HFUNCTION = standard
      ALLOWED MIN = -2
      ALLOWED MAX = 42
      ASYNCHRONOUS = no
      LOCRAD  = 800
      LOCWEIGHT =  1
      RFACTOR = 4
    NAME = SAL
    ISSURFACE = 0
      VAR = salt
      ID = 4
      HFUNCTION = standard
      ALLOWED MIN = 28
      ALLOWED MAX = 39
      ASYNCHRONOUS = no
      LOCRAD  = 800
      LOCWEIGHT =  1
      RFACTOR = 4
  reading observations:
    PRODUCT = RADS, TYPE = SLA, reader = scattered
      reading obs/RADS/2007/j1_20071219.nc:
        VARNAME = sla
        LONNAME = lon
        LATNAME = lat
        nobs = 19
        # good obs = 14
      reading obs/RADS/2007/n1_20071219.nc:
        VARNAME = sla
        LONNAME = lon
        LATNAME = lat
        nobs = 240
        # good obs = 229
      reading obs/RADS/2007/j1_20071221.nc:
        VARNAME = sla
        LONNAME = lon
        LATNAME = lat
        nobs = 355
        # good obs = 342
      reading obs/RADS/2007/n1_20071221.nc:
        VARNAME = sla
        LONNAME = lon
        LATNAME = lat
        nobs = 23
        # good obs = 20
      reading obs/RADS/2007/j1_20071222.nc:
        VARNAME = sla
        LONNAME = lon
        LATNAME = lat
        nobs = 73
        # good obs = 73
      reading obs/RADS/2007/n1_20071222.nc:
        VARNAME = sla
        LONNAME = lon
        LATNAME = lat
        nobs = 296
        # good obs = 292
      id = 0 - 969
        1 observations in shallow areas
      total 970 observations
      969 valid observations
      min day = -4.264
      max day = -0.540
    PRODUCT = ESACCI, TYPE = SST, reader = scattered
      reading obs/ESACCI/2007/20071219-ESACCI-L3C-SSTdepth-AATSR-01-1d.nc:
        VARNAME = sst
        LONNAME = lon
        LATNAME = lat
        nobs = 4721
        # good obs = 4657
      reading obs/ESACCI/2007/20071219-ESACCI-L3C-SSTdepth-AATSR-03-1d.nc:
        VARNAME = sst
        LONNAME = lon
        LATNAME = lat
        nobs = 9136
        # good obs = 8667
      reading obs/ESACCI/2007/20071219-ESACCI-L3C-SSTdepth-AVHRR15-01-1d.nc:
        VARNAME = sst
        LONNAME = lon
        LATNAME = lat
        nobs = 3439
        # good obs = 3328
      reading obs/ESACCI/2007/20071219-ESACCI-L3C-SSTdepth-AVHRR15-03-1d.nc:
        VARNAME = sst
        LONNAME = lon
        LATNAME = lat
        nobs = 3706
        # good obs = 3601
      reading obs/ESACCI/2007/20071219-ESACCI-L3C-SSTdepth-AVHRR17-01-1d.nc:
        VARNAME = sst
        LONNAME = lon
        LATNAME = lat
        nobs = 277
        # good obs = 258
      reading obs/ESACCI/2007/20071219-ESACCI-L3C-SSTdepth-AVHRR17-02-1d.nc:
        VARNAME = sst
        LONNAME = lon
        LATNAME = lat
        nobs = 898
        # good obs = 892
      reading obs/ESACCI/2007/20071219-ESACCI-L3C-SSTdepth-AVHRR17-03-1d.nc:
        VARNAME = sst
        LONNAME = lon
        LATNAME = lat
        nobs = 196
        # good obs = 178
      reading obs/ESACCI/2007/20071219-ESACCI-L3C-SSTdepth-AVHRR18-00-1d.nc:
        VARNAME = sst
        LONNAME = lon
        LATNAME = lat
        nobs = 949
        # good obs = 936
      reading obs/ESACCI/2007/20071219-ESACCI-L3C-SSTdepth-AVHRR18-02-1d.nc:
        VARNAME = sst
        LONNAME = lon
        LATNAME = lat
        nobs = 3850
        # good obs = 3800
      reading obs/ESACCI/2007/20071219-ESACCI-L3C-SSTdepth-AVHRRMTA-01-1d.nc:
        VARNAME = sst
        LONNAME = lon
        LATNAME = lat
        nobs = 1594
        # good obs = 1548
      reading obs/ESACCI/2007/20071219-ESACCI-L3C-SSTdepth-AVHRRMTA-02-1d.nc:
        VARNAME = sst
        LONNAME = lon
        LATNAME = lat
        nobs = 4
        # good obs = 4
      reading obs/ESACCI/2007/20071219-ESACCI-L3C-SSTdepth-AVHRRMTA-03-1d.nc:
        VARNAME = sst
        LONNAME = lon
        LATNAME = lat
        nobs = 6764
        # good obs = 6519
      reading obs/ESACCI/2007/20071220-ESACCI-L3C-SSTdepth-AVHRR15-01-1d.nc:
        VARNAME = sst
        LONNAME = lon
        LATNAME = lat
        nobs = 4415
        # good obs = 3873
      reading obs/ESACCI/2007/20071220-ESACCI-L3C-SSTdepth-AVHRR15-02-1d.nc:
        VARNAME = sst
        LONNAME = lon
        LATNAME = lat
        nobs = 2347
        # good obs = 2343
      reading obs/ESACCI/2007/20071220-ESACCI-L3C-SSTdepth-AVHRR15-03-1d.nc:
        VARNAME = sst
        LONNAME = lon
        LATNAME = lat
        nobs = 127
        # good obs = 122
      reading obs/ESACCI/2007/20071220-ESACCI-L3C-SSTdepth-AVHRR17-02-1d.nc:
        VARNAME = sst
        LONNAME = lon
        LATNAME = lat
        nobs = 2040
        # good obs = 2030
      reading obs/ESACCI/2007/20071220-ESACCI-L3C-SSTdepth-AVHRR17-03-1d.nc:
        VARNAME = sst
        LONNAME = lon
        LATNAME = lat
        nobs = 9749
        # good obs = 9404
      reading obs/ESACCI/2007/20071220-ESACCI-L3C-SSTdepth-AVHRR18-00-1d.nc:
        VARNAME = sst
        LONNAME = lon
        LATNAME = lat
        nobs = 4094
        # good obs = 3918
      reading obs/ESACCI/2007/20071220-ESACCI-L3C-SSTdepth-AVHRR18-02-1d.nc:
        VARNAME = sst
        LONNAME = lon
        LATNAME = lat
        nobs = 3263
        # good obs = 3157
      reading obs/ESACCI/2007/20071220-ESACCI-L3C-SSTdepth-AVHRRMTA-01-1d.nc:
        VARNAME = sst
        LONNAME = lon
        LATNAME = lat
        nobs = 508
        # good obs = 434
      reading obs/ESACCI/2007/20071220-ESACCI-L3C-SSTdepth-AVHRRMTA-02-1d.nc:
        VARNAME = sst
        LONNAME = lon
        LATNAME = lat
        nobs = 544
        # good obs = 544
      reading obs/ESACCI/2007/20071220-ESACCI-L3C-SSTdepth-AVHRRMTA-03-1d.nc:
        VARNAME = sst
        LONNAME = lon
        LATNAME = lat
        nobs = 982
        # good obs = 913
      reading obs/ESACCI/2007/20071221-ESACCI-L3C-SSTdepth-AATSR-03-1d.nc:
        VARNAME = sst
        LONNAME = lon
        LATNAME = lat
        nobs = 13
        # good obs = 13
      reading obs/ESACCI/2007/20071221-ESACCI-L3C-SSTdepth-AVHRR15-01-1d.nc:
        VARNAME = sst
        LONNAME = lon
        LATNAME = lat
        nobs = 4798
        # good obs = 4360
      reading obs/ESACCI/2007/20071221-ESACCI-L3C-SSTdepth-AVHRR15-02-1d.nc:
        VARNAME = sst
        LONNAME = lon
        LATNAME = lat
        nobs = 95
        # good obs = 84
      reading obs/ESACCI/2007/20071221-ESACCI-L3C-SSTdepth-AVHRR17-01-1d.nc:
        VARNAME = sst
        LONNAME = lon
        LATNAME = lat
        nobs = 3582
        # good obs = 3153
      reading obs/ESACCI/2007/20071221-ESACCI-L3C-SSTdepth-AVHRR17-03-1d.nc:
        VARNAME = sst
        LONNAME = lon
        LATNAME = lat
        nobs = 1805
        # good obs = 1599
      reading obs/ESACCI/2007/20071221-ESACCI-L3C-SSTdepth-AVHRR18-00-1d.nc:
        VARNAME = sst
        LONNAME = lon
        LATNAME = lat
        nobs = 26273
        # good obs = 25659
      reading obs/ESACCI/2007/20071221-ESACCI-L3C-SSTdepth-AVHRR18-02-1d.nc:
        VARNAME = sst
        LONNAME = lon
        LATNAME = lat
        nobs = 712
        # good obs = 616
      reading obs/ESACCI/2007/20071221-ESACCI-L3C-SSTdepth-AVHRRMTA-01-1d.nc:
        VARNAME = sst
        LONNAME = lon
        LATNAME = lat
        nobs = 1029
        # good obs = 906
      reading obs/ESACCI/2007/20071221-ESACCI-L3C-SSTdepth-AVHRRMTA-03-1d.nc:
        VARNAME = sst
        LONNAME = lon
        LATNAME = lat
        nobs = 404
        # good obs = 369
      reading obs/ESACCI/2007/20071222-ESACCI-L3C-SSTdepth-AATSR-01-1d.nc:
        VARNAME = sst
        LONNAME = lon
        LATNAME = lat
        nobs = 1224
        # good obs = 1092
      reading obs/ESACCI/2007/20071222-ESACCI-L3C-SSTdepth-AATSR-03-1d.nc:
        VARNAME = sst
        LONNAME = lon
        LATNAME = lat
        nobs = 6329
        # good obs = 6107
      reading obs/ESACCI/2007/20071222-ESACCI-L3C-SSTdepth-AVHRR15-01-1d.nc:
        VARNAME = sst
        LONNAME = lon
        LATNAME = lat
        nobs = 227
        # good obs = 167
      reading obs/ESACCI/2007/20071222-ESACCI-L3C-SSTdepth-AVHRR15-03-1d.nc:
        VARNAME = sst
        LONNAME = lon
        LATNAME = lat
        nobs = 345
        # good obs = 337
      reading obs/ESACCI/2007/20071222-ESACCI-L3C-SSTdepth-AVHRR17-01-1d.nc:
        VARNAME = sst
        LONNAME = lon
        LATNAME = lat
        nobs = 845
        # good obs = 755
      reading obs/ESACCI/2007/20071222-ESACCI-L3C-SSTdepth-AVHRR17-02-1d.nc:
        VARNAME = sst
        LONNAME = lon
        LATNAME = lat
        nobs = 6
        # good obs = 1
      reading obs/ESACCI/2007/20071222-ESACCI-L3C-SSTdepth-AVHRR17-03-1d.nc:
        VARNAME = sst
        LONNAME = lon
        LATNAME = lat
        nobs = 4895
        # good obs = 4700
      reading obs/ESACCI/2007/20071222-ESACCI-L3C-SSTdepth-AVHRR18-00-1d.nc:
        VARNAME = sst
        LONNAME = lon
        LATNAME = lat
        nobs = 1288
        # good obs = 1117
      reading obs/ESACCI/2007/20071222-ESACCI-L3C-SSTdepth-AVHRR18-02-1d.nc:
        VARNAME = sst
        LONNAME = lon
        LATNAME = lat
        nobs = 5499
        # good obs = 5274
      reading obs/ESACCI/2007/20071222-ESACCI-L3C-SSTdepth-AVHRRMTA-01-1d.nc:
        VARNAME = sst
        LONNAME = lon
        LATNAME = lat
        nobs = 2143
        # good obs = 1932
      reading obs/ESACCI/2007/20071222-ESACCI-L3C-SSTdepth-AVHRRMTA-03-1d.nc:
        VARNAME = sst
        LONNAME = lon
        LATNAME = lat
        nobs = 7966
        # good obs = 7690
      reading obs/ESACCI/2007/20071223-ESACCI-L3C-SSTdepth-AVHRR15-01-1d.nc:
        VARNAME = sst
        LONNAME = lon
        LATNAME = lat
        nobs = 6400
        # good obs = 6208
      reading obs/ESACCI/2007/20071223-ESACCI-L3C-SSTdepth-AVHRR15-03-1d.nc:
        VARNAME = sst
        LONNAME = lon
        LATNAME = lat
        nobs = 587
        # good obs = 587
      reading obs/ESACCI/2007/20071223-ESACCI-L3C-SSTdepth-AVHRR17-01-1d.nc:
        VARNAME = sst
        LONNAME = lon
        LATNAME = lat
        nobs = 477
        # good obs = 423
      reading obs/ESACCI/2007/20071223-ESACCI-L3C-SSTdepth-AVHRR17-02-1d.nc:
        VARNAME = sst
        LONNAME = lon
        LATNAME = lat
        nobs = 102
        # good obs = 102
      reading obs/ESACCI/2007/20071223-ESACCI-L3C-SSTdepth-AVHRR17-03-1d.nc:
        VARNAME = sst
        LONNAME = lon
        LATNAME = lat
        nobs = 1855
        # good obs = 1661
      reading obs/ESACCI/2007/20071223-ESACCI-L3C-SSTdepth-AVHRR18-00-1d.nc:
        VARNAME = sst
        LONNAME = lon
        LATNAME = lat
        nobs = 7760
        # good obs = 7520
      reading obs/ESACCI/2007/20071223-ESACCI-L3C-SSTdepth-AVHRR18-02-1d.nc:
        VARNAME = sst
        LONNAME = lon
        LATNAME = lat
        nobs = 2389
        # good obs = 2364
      reading obs/ESACCI/2007/20071223-ESACCI-L3C-SSTdepth-AVHRRMTA-01-1d.nc:
        VARNAME = sst
        LONNAME = lon
        LATNAME = lat
        nobs = 1500
        # good obs = 1377
      reading obs/ESACCI/2007/20071223-ESACCI-L3C-SSTdepth-AVHRRMTA-03-1d.nc:
        VARNAME = sst
        LONNAME = lon
        LATNAME = lat
        nobs = 8570
        # good obs = 8202
      id = 970 - 156470
      total 155501 observations
      155501 valid observations
      min day = -4.330
      max day = 0.437
    PRODUCT = WindSat, TYPE = SST2, reader = standard
      reading obs/WINDSAT/2007/windsat_20071219.nc:
        nobs = 320738
        nobs = 320738
        # good obs = 1168
      reading obs/WINDSAT/2007/windsat_20071220.nc:
        nobs = 29534
        nobs = 29534
        # good obs = 0
      id = 156471 - 157638
      total 1168 observations
      1168 valid observations
      min day = -4.000
      max day = -4.000
    PRODUCT = CARS, TYPE = TEM, reader = standard
      reading obs/TS-SEP-2011/y2007/m12/cars_temp_d19.nc:
        # profiles = 384
        # z levels = 191
        nobs = 548
        # unique locations = 383
        # good obs = 176
      reading obs/TS-SEP-2011/y2007/m12/cars_temp_d20.nc:
        # profiles = 377
        # z levels = 191
        nobs = 429
        # unique locations = 377
        # good obs = 56
      reading obs/TS-SEP-2011/y2007/m12/cars_temp_d21.nc:
        # profiles = 329
        # z levels = 191
        nobs = 376
        # unique locations = 329
        # good obs = 56
      reading obs/TS-SEP-2011/y2007/m12/cars_temp_d22.nc:
        # profiles = 350
        # z levels = 191
        nobs = 345
        # unique locations = 350
        # good obs = 0
      reading obs/TS-SEP-2011/y2007/m12/cars_temp_d23.nc:
        # profiles = 344
        # z levels = 191
        nobs = 336
        # unique locations = 344
        # good obs = 0
      id = 157639 - 157926
      total 288 observations
      184 valid observations
      setting error_std to 0.5
      min day = -4.000
      max day = -2.000
    PRODUCT = CARS, TYPE = SAL, reader = standard
      reading obs/TS-SEP-2011/y2007/m12/cars_salt_d19.nc:
        # profiles = 366
        # z levels = 191
        nobs = 530
        # unique locations = 365
        # good obs = 176
      reading obs/TS-SEP-2011/y2007/m12/cars_salt_d20.nc:
        # profiles = 360
        # z levels = 191
        nobs = 412
        # unique locations = 360
        # good obs = 56
      reading obs/TS-SEP-2011/y2007/m12/cars_salt_d21.nc:
        # profiles = 314
        # z levels = 191
        nobs = 362
        # unique locations = 314
        # good obs = 56
      reading obs/TS-SEP-2011/y2007/m12/cars_salt_d22.nc:
        # profiles = 323
        # z levels = 191
        nobs = 318
        # unique locations = 323
        # good obs = 0
      reading obs/TS-SEP-2011/y2007/m12/cars_salt_d23.nc:
        # profiles = 325
        # z levels = 191
        nobs = 317
        # unique locations = 325
        # good obs = 0
      id = 157927 - 158214
      total 288 observations
      184 valid observations
      setting error_std to 0.1
      min day = -4.000
      max day = -2.000
  2020-12-23 09:00:35
  compacting obs:
  2020-12-23 09:00:35
  superobing:
    106423 observations thinned
    10220 superobservations
  2020-12-23 09:00:35
  writing superobservations to "observations.nc":
  reading super-observations from disk:
    10220 observations
    allocating 1226400 bytes for array of observations
  2020-12-23 09:00:35
  checking for superobs on land:
    all good
  printing observation summary:
    type    #used    #dropped #out_grd #out_obs #out_wnd #land    #shallow #badbatch#badvalue#thinned #superobs
    -----------------------------------------------------------------------------------------------------------
    SLA     969      1        0        0        0        0        1        0        0        0        652     
    SST     49078    106423   0        0        0        0        0        0        0        106423   8386    
    SST2    1168     0        0        0        0        0        0        0        0        0        1168    
    TEM     184      104      104      0        0        0        0        0        0        0        7       
    SAL     184      104      104      0        0        0        0        0        0        0        7       
    total   51583    106632   208      0        0        0        1        0        0        106423   10220   
  2020-12-23 09:00:35
  finished
