  MPI: initialised 2 process(es)
  MPI: rank = 0, PID = 24861
  running UPDATE for EnKF-C version 1.68.8:
    command = "./enkf_update --calculate-spread enoi.prm"
    dir = "/home/pavel/src/enkf-c/trunk/enkf/examples/5"
  2018-01-19 13:51:25
  reading system specs from "enoi.prm":
    MODE = EnOI
    MODEL PRM = "model.prm"
    GRID PRM = "grid.prm"
    OBS TYPES PRM = "obstypes.prm"
    OBS PRM = "obs.prm"
    DATE = "6565.5 days since 1990-01-01"
    BGDIR = "background_6565"
    ENSEMBLE DIR = "ensemble_static"
    ENSEMBLE SIZE = 144
    RFACTOR BASE = 1.0
    INFLATION BASE = 1.0000
    INFLATION MODE = SPREAD LIMITED, MAX RATIO = 1.00
    KFACTOR = 999.0
    LOCRAD = 200
    STRIDE = 3
    FIELDBUFFERSIZE = 4
    REGION Global: x = [0.0, 360.0], y = [-90.0, 90.0], z intervals = [0 50] [50 500] [500 9999] 
    POINTLOG 30 50
    SOBSTRIDE = 1
    NCFORMAT = 64BIT
    NCCOMPRESSION = 0
    EnKF flags:
      enkf_exitaction  = [BACKTRACE]
      enkf_obstype     = [VALUE]
    compile flags:
      CHECK_X5         = [-]
      CHECK_G          = [-]
      SHUFFLE_ROWS     = [-]
      HE_VIAFILE       = [-]
      GRIDNODES_WRITE  = [-]
      INTERNAL_QSORT_R = [-]
      NO_GRIDUTILS     = [-]
      OBS_SHUFFLE      = [-]
  update specs:
    do model fields  = [+]
    do spread        = [+]
    do pointlogs     = [+]
    separate output  = [+]
  initialising the system:
    grid prm info:
      NAME = "t-grid"
      DATA = "conf/grid_spec.nc"
      MAPTYPE = "B"
      VTYPE = "z"
      VDIR = "FROMSURF"
      XVARNAME = "lon"
      YVARNAME = "lat"
      ZVARNAME = "zt"
      ZCVARNAME = <none>
      DEPTHVARNAME = "depth_t"
      NUMLEVELSVARNAME = "num_levels"
    grid info:
      hor type = LATLON
      periodic by X = no
      dims = 100 x 100 x 2
      longitude range = [0.000, 360.000]
      v type = Z
      v dir = FROMSURF
    model info:
      name = Tasman
      5 variables:
        eta_t:
          grid = "t-grid"
          inflation = 1.000 1.00
        temp:
          grid = "t-grid"
          inflation = 1.000 1.00
        salt:
          grid = "t-grid"
          inflation = 1.000 1.00
        u:
          grid = "t-grid"
          inflation = 1.000 1.00
        v:
          grid = "t-grid"
          inflation = 1.000 1.00
      0 modeldata:
  updating the model state:
    144 members
    allocating disk space for spread:
    defining state variables in point logs:
    2018-01-19 13:51:25
    allocating disk space for analysis:
    2018-01-19 13:51:25
    updating fields for t-grid:
      9 fields
      distributing iterations:
        processes get 5 or 4 iterations
  MPI: rank = 1, PID = 24862
      u        0   (1: 5: 25.0%)
      eta_t    0   (0: 0: 20.0%)
      u        1   (1: 6: 50.0%)
      temp     0   (0: 1: 40.0%)
      v        0   (1: 7: 75.0%)
      temp     1   (0: 2: 60.0%)
      v        1   (1: 8: 100.0%)
      salt     0   (0: 3: 80.0%)
      salt     1   (0: 4: 100.0%)
  2018-01-19 13:51:25
  assembling analysis:
    eta_t:.
    temp:..
    salt:..
    u:..
    v:..
  2018-01-19 13:51:25
  assembling spread:
    eta_t:.
    temp:..
    salt:..
    u:..
    v:..
  2018-01-19 13:51:25
  assembling state variables in point logs:
    distributing iterations:
      processes get 1 or 0 iterations
    deleting tiles:
      distributing iterations:
        processes get 5 or 4 iterations
  2018-01-19 13:51:25
  finished
