  MPI: initialised 4 process(es)
  Using MPI-3 shared memory:
    sm_comm size = 4
    node_comm size = 1
  running CALC for EnKF-C version 2.28.6:
    command = "./enkf_calc enkf.prm"
    dir = "/home/599/pxs599/tmp/enkf-c/enkf/examples/4"
  2024-05-05 14:42:43
  reading system specs from "enkf.prm":
    MODE = EnKF
    SCHEME = DEnKF
    MODEL PRM = "model.prm"
    GRID PRM = "grid.prm"
    OBS TYPES PRM = "obstypes.prm"
    OBS PRM = "obs.prm"
    DATE = "6565.5 days since 1990-01-01"
    ENSEMBLE DIR = "ensemble_6565"
    ENSEMBLE SIZE = 96
    RFACTOR BASE = 2.0
    KFACTOR = 999.0
    LOCRAD  = 200
    LOCWEIGHT =  1
    STRIDE = 3
    REGION Global: x = [0.0, 360.0], y = [-90.0, 90.0]
    POINTLOG 156.000 -32.000 
    NCFORMAT = NETCDF4
    NCCOMPRESSION = 0
    EnKF flags:
      enkf_exitaction  = [SEGFAULT]
      enkf_obstype     = [VALUE]
    enkf_calc compile flags:
      SHUFFLE_ROWS     = [-]
      USE_SHMEM        = [+]
      MINIMISE_ALLOC   = [+]
      OBS_SHUFFLE      = [-]
      TW_VIAFILE       = [+]
      USE_MPIQUEUE     = [+]
      INTERNAL_QSORT_R = [-]
      DEFLATE_ALL      = [-]
  initialising the system:
  reading observation type specs from "obstypes.prm":
    NAME = SLA
    ISSURFACE = 1
      VAR = eta_t
      ID = 0
      OFFSET = conf/eta_mean-bran.nc eta_t
      HFUNCTION = standard
      ALLOWED MIN = -1
      ALLOWED MAX = 1
      ASYNCHRONOUS = no
      LOCRAD  = 200
      LOCWEIGHT =  1
      RFACTOR = 2
      PERMIT_LOCATION_BASED_THINNING = YES
    NAME = SST
    ISSURFACE = 1
      VAR = temp
      ID = 1
      HFUNCTION = standard
      ALLOWED MIN = -2
      ALLOWED MAX = 42
      ASYNCHRONOUS = no
      LOCRAD  = 200
      LOCWEIGHT =  1
      RFACTOR = 32
      PERMIT_LOCATION_BASED_THINNING = NO
    NAME = TEM
    ISSURFACE = 0
      VAR = temp
      ID = 2
      HFUNCTION = standard
      ALLOWED MIN = -2
      ALLOWED MAX = 42
      ASYNCHRONOUS = no
      LOCRAD  = 800
      LOCWEIGHT =  1
      RFACTOR = 8
      PERMIT_LOCATION_BASED_THINNING = YES
    NAME = SAL
    ISSURFACE = 0
      VAR = salt
      ID = 3
      HFUNCTION = standard
      ALLOWED MIN = 28
      ALLOWED MAX = 39
      ASYNCHRONOUS = no
      LOCRAD  = 800
      LOCWEIGHT =  1
      RFACTOR = 8
      PERMIT_LOCATION_BASED_THINNING = YES
    grid prm info:
      NAME = "t-grid"
      DOMAIN = ALL
      DATA = "conf4/grid_spec.nc"
      VTYPE = "z"
      VDIR = FROMSURF
      GEOGRAPHIC = yes
      ZVARNAME = "zt"
      ZCVARNAME = <none>
      DEPTHVARNAME = "depth_t"
      NUMLEVELSVARNAME = "num_levels"
      VDIR = "FROMSURF"
      XVARNAME = "lont"
      YVARNAME = "latt"
      ZSTATINTS = [0 50] [50 500] [500 9999] 
    grid info:
      size = 100 x 100 x 2
      h type = RECTANGULAR
      periodic by X = no
      longitude range = [0.000, 360.000]
      v type = Z
      v dir = FROMSURF
      STRIDE = 0
    grid prm info:
      NAME = "c-grid"
      DOMAIN = ALL
      DATA = "conf4/grid_spec.nc"
      VTYPE = "z"
      VDIR = FROMSURF
      GEOGRAPHIC = yes
      ZVARNAME = "zt"
      ZCVARNAME = <none>
      NUMLEVELSVARNAME = "num_levels"
      VDIR = "FROMSURF"
      XVARNAME = "lonc"
      YVARNAME = "latc"
      ZSTATINTS = [0 50] [50 500] [500 9999] 
    grid info:
      size = 100 x 100 x 2
      h type = RECTANGULAR
      periodic by X = no
      longitude range = [0.000, 360.000]
      v type = Z
      v dir = FROMSURF
      STRIDE = 0
  model info:
    name = Tasman
    5 variables:
      eta_t:
        grid = "t-grid"
      temp:
        grid = "t-grid"
      salt:
        grid = "t-grid"
      u:
        grid = "c-grid"
      v:
        grid = "c-grid"
  setting the ensemble size:
    96 members
  initialising pointlogs:
    pointlog (156.000, -32.000):
      t-grid: (i, j) = (49.500, 49.500)
      c-grid: (i, j) = (49.000, 49.000)
  reading observations from "observations.nc":
    10250 observations
    allocating 984000 bytes for array of observations
    creating kd-trees for observations:
      kdtree "SLA":
        652 nodes
        41776 bytes
      kdtree "SST":
        9554 nodes
        611504 bytes
      kdtree "TEM":
        39 nodes
        2544 bytes
      kdtree "SAL":
        5 nodes
        368 bytes
  calculating ensemble observations:
  2024-05-05 14:42:43
    allocating 3936000 bytes for HE array:
    allocating 3936000 bytes for HE^T array:
    distributing 96 iterations:
      4 processes get 24 iterations each
    SLA ........................
    SST ........................
    TEM ........................
    SAL ........................
  gathering:
  2024-05-05 14:42:43
  calculating innovations and spread:
  2024-05-05 14:42:43
  writing forecast innovations and spread to "observations.nc":
  2024-05-05 14:42:43
  identifying observation batches:
    SLA     9   
    SST     27  
    TEM     10  
    SAL     4   
    total:  50  
  moderating observations:
    observations substantially modified:
      SLA          0 (0.0%)
      SST          0 (0.0%)
      TEM          0 (0.0%)
      SAL          0 (0.0%)
      total        0 (0.0%)
  writing modified obs errors to "observations.nc":
  calculating transforms:
  2024-05-05 14:42:43
    calculating transforms for t-grid:
      main cycle for t-grid (34 x 34 local analyses):
        j = 3 (2: 1: 2.9%)
        j = 0 (1: 0: 0.0%)
        j = 6 (3: 2: 5.9%)
        j = 9 (1: 3: 8.8%)
        j = 12 (2: 4: 11.8%)
        j = 15 (3: 5: 14.7%)
        j = 18 (1: 6: 17.6%)
        j = 21 (2: 7: 20.6%)
        j = 24 (3: 8: 23.5%)
        j = 27 (1: 9: 26.5%)
        j = 30 (2: 10: 29.4%)
        j = 33 (3: 11: 32.4%)
        j = 36 (1: 12: 35.3%)
        j = 39 (2: 13: 38.2%)
        j = 42 (3: 14: 41.2%)
        j = 45 (1: 15: 44.1%)
        j = 48 (3: 16: 47.1%)
        j = 51 (2: 17: 50.0%)
        j = 54 (1: 18: 52.9%)
        j = 57 (2: 19: 55.9%)
        j = 60 (3: 20: 58.8%)
        j = 63 (1: 21: 61.8%)
        j = 66 (2: 22: 64.7%)
        j = 69 (3: 23: 67.6%)
        j = 72 (1: 24: 70.6%)
        j = 75 (2: 25: 73.5%)
        j = 78 (3: 26: 76.5%)
        j = 81 (1: 27: 79.4%)
        j = 84 (3: 28: 82.4%)
        j = 87 (2: 29: 85.3%)
        j = 90 (1: 30: 88.2%)
        j = 93 (2: 31: 91.2%)
        j = 96 (3: 32: 94.1%)
        j = 99 (3: 33: 97.1%)
      creating empty file "transforms-0.nc":
      assembling "transforms-0.nc":...
      assembling "enkf_diag-0.nc":...
    finished calculating transforms for t-grid
    summary stats on t-grid:
      # of local analyses = 1156
      average # of local obs = 1074.1
      # of inversions in obs space = 44
      # of inversions in ens space = 1112
    calculating transforms for c-grid:
      main cycle for c-grid (34 x 34 local analyses):
        j = 6 (3: 2: 5.9%)
        j = 3 (2: 1: 2.9%)
        j = 0 (1: 0: 0.0%)
        j = 9 (1: 3: 8.8%)
        j = 12 (2: 4: 11.8%)
        j = 15 (3: 5: 14.7%)
        j = 18 (1: 6: 17.6%)
        j = 21 (2: 7: 20.6%)
        j = 24 (3: 8: 23.5%)
        j = 27 (1: 9: 26.5%)
        j = 30 (2: 10: 29.4%)
        j = 33 (3: 11: 32.4%)
        j = 36 (1: 12: 35.3%)
        j = 39 (2: 13: 38.2%)
        j = 42 (3: 14: 41.2%)
        j = 45 (1: 15: 44.1%)
        j = 48 (2: 16: 47.1%)
        j = 51 (3: 17: 50.0%)
        j = 54 (1: 18: 52.9%)
        j = 57 (2: 19: 55.9%)
        j = 60 (3: 20: 58.8%)
        j = 63 (1: 21: 61.8%)
        j = 66 (2: 22: 64.7%)
        j = 69 (3: 23: 67.6%)
        j = 72 (1: 24: 70.6%)
        j = 75 (2: 25: 73.5%)
        j = 78 (3: 26: 76.5%)
        j = 81 (1: 27: 79.4%)
        j = 84 (2: 28: 82.4%)
        j = 87 (3: 29: 85.3%)
        j = 90 (1: 30: 88.2%)
        j = 93 (2: 31: 91.2%)
        j = 96 (3: 32: 94.1%)
        j = 99 (3: 33: 97.1%)
      creating empty file "transforms-1.nc":
      assembling "transforms-1.nc":...
      assembling "enkf_diag-1.nc":...
    finished calculating transforms for c-grid
    summary stats on c-grid:
      # of local analyses = 1156
      average # of local obs = 1077.1
      # of inversions in obs space = 42
      # of inversions in ens space = 1114
  writing point logs:
    calculating transforms for log point (156.000,-32.000): 1474 obs
    writing transforms for point (156.000,-32.000) on grid "t-grid":
    writing transforms for point (156.000,-32.000) on grid "c-grid":
  calculating analysed observations:
  2024-05-05 14:42:47
    sorting obs by ij:
    2024-05-05 14:42:47
    updating HE:
    distributing 10250 iterations:
      4 processes get 2563 or 2562 iterations
    2024-05-05 14:42:47
  adding analysis innovations and spread to "observations.nc":
  printing observation statistics:
    region obs.type   # obs.  |for.inn.| |an.inn.|   for.inn.   an.inn.  for.spread  an.spread
    ------------------------------------------------------------------------------------------
    Global
           SLA           652   0.0769     0.0309     0.0218   0.000309     0.0387     0.0232  
             j1          272   0.0731     0.0269     0.0228   0.000194     0.0434     0.0257  
             n1          380   0.0797     0.0337     0.0211   0.000391     0.0353     0.0214  
           SST          9554    0.456      0.205     -0.148    -0.0425      0.352      0.211  
             ESACCI     8386    0.457      0.181     -0.128    -0.0234      0.354      0.212  
             WindSat    1168    0.451      0.379      -0.29      -0.18      0.343      0.205  
           TEM            39    0.387      0.339     0.0609     0.0513      0.287      0.167  
             WMO851        3    0.817      0.395      0.817      0.301      0.283      0.186  
             WMO846        2     1.36       1.61     -0.158      0.988      0.447      0.257  
             WMO999       34    0.292      0.259    0.00707    -0.0258      0.278      0.159  
             0-50m        35    0.318      0.326     0.0411     0.0492      0.283      0.162  
             50-500m       4    0.991      0.452      0.234     0.0696      0.326      0.206  
             500-9999m     0     -nan       -nan       -nan       -nan       -nan       -nan  
           SAL             5    0.101      0.103      0.075     0.0629      0.031     0.0208  
             WMO851        3    0.113     0.0841     0.0713     0.0179     0.0322      0.022  
             WMO846        2   0.0841       0.13     0.0806       0.13     0.0292     0.0189  
             0-50m         1    0.165      0.189      0.165      0.189     0.0228      0.015  
             50-500m       4   0.0853      0.081     0.0526     0.0314     0.0331     0.0222  
             500-9999m     0     -nan       -nan       -nan       -nan       -nan       -nan  
  2024-05-05 14:42:47
  finished
