  MPI: initialised 2 process(es)
  MPI: rank = 0, PID = 28601
  MPI: rank = 1, PID = 28602
  running CALC for EnKF-C version 1.97.0:
    command = "./enkf_calc enoi.prm"
    dir = "/home/pavel/src/enkf-c/trunk/enkf/examples/3"
  2019-04-03 11:56:36
  reading system specs from "enoi.prm":
    MODE = EnOI
    MODEL PRM = "model.prm"
    GRID PRM = "grid.prm"
    OBS TYPES PRM = "obstypes.prm"
    OBS PRM = "obs.prm"
    DATE = "6565.5 days since 1990-01-01"
    BGDIR = "background_6565"
    ENSEMBLE DIR = "ensemble_static"
    ENSEMBLE SIZE = 144
    RFACTOR BASE = 1.0
    INFLATION BASE = 1.0000
    INFLATION MODE = SPREAD LIMITED, MAX RATIO = 1.00
    KFACTOR = 999.0
      LOCRAD  = 200
      LOCWEIGHT =  1
    STRIDE = 3
    FIELDBUFFERSIZE = 4
    REGION Global: x = [0.0, 360.0], y = [-90.0, 90.0]
    POINTLOG 30 50
    SOBSTRIDE = 1
    NCFORMAT = 64BIT
    NCCOMPRESSION = 0
    EnKF flags:
      enkf_exitaction  = [BACKTRACE]
      enkf_obstype     = [VALUE]
    compile flags:
      CHECK_X5         = [-]
      CHECK_G          = [-]
      SHUFFLE_ROWS     = [-]
      HE_VIAFILE       = [-]
      HE_VIASHMEM      = [+]
      MINIMISE_ALLOC   = [-]
      OBS_SHUFFLE      = [-]
      GRIDNODES_WRITE  = [-]
      INTERNAL_QSORT_R = [-]
      NO_GRIDUTILS     = [-]
  initialising the system:
  reading observation type specs from "obstypes.prm":
    NAME = SLA
    ISSURFACE = 1
      VAR = eta_t
      ID = 0
      OFFSET = conf/eta_mean-bran.nc eta_t
      HFUNCTION = standard
      ALLOWED MIN = -1
      ALLOWED MAX = 1
      ASYNCHRONOUS = no
      LOCRAD  = 200
      LOCWEIGHT =  1
      RFACTOR = 1
    NAME = SST
    ISSURFACE = 1
      VAR = temp
      ID = 1
      HFUNCTION = standard
      ALLOWED MIN = -2
      ALLOWED MAX = 42
      ASYNCHRONOUS = no
      LOCRAD  = 200
      LOCWEIGHT =  1
      RFACTOR = 2
    NAME = TEM
    ISSURFACE = 0
      VAR = temp
      ID = 2
      HFUNCTION = standard
      ALLOWED MIN = -2
      ALLOWED MAX = 42
      ASYNCHRONOUS = no
      LOCRAD  = 800
      LOCWEIGHT =  1
      RFACTOR = 4
    NAME = SAL
    ISSURFACE = 0
      VAR = salt
      ID = 3
      HFUNCTION = standard
      ALLOWED MIN = 28
      ALLOWED MAX = 39
      ASYNCHRONOUS = no
      LOCRAD  = 800
      LOCWEIGHT =  1
      RFACTOR = 4
    grid prm info:
      NAME = "t-grid-full"
      DOMAIN = Default
      DATA = "conf3/grid_spec.nc"
      MAPTYPE = "B"
      VTYPE = "z"
      ZVARNAME = "zt"
      ZCVARNAME = <none>
      DEPTHVARNAME = "depth_t"
      NUMLEVELSVARNAME = "num_levels"
      VDIR = "FROMSURF"
      XVARNAME = "lon"
      YVARNAME = "lat"
      ZSTATINTS = [0 50] [50 500] [500 9999] 
    grid info:
      hor type = CURVILINEAR
      map type = BINARY TREE
      dims = 100 x 100 x 2
      longitude range = [0.000, 360.000]
      v type = Z
      v dir = FROMSURF
  setting the ensemble size:
    144 members
  reading observations from "observations.nc":
    2919 observations
    allocating 350280 bytes for array of observations
  calculating ensemble observations:
  2019-04-03 11:56:36
    allocating 3362688 bytes for HE array:
    distributing iterations:
      2 processes get 72 iterations each
    SLA +........................................................................
    SST +........................................................................
    TEM +........................................................................
    SAL +........................................................................
  adding forecast innovations and spread to "observations.nc":
  2019-04-03 11:56:36
  moderating observations:
    observations substantially modified:
      SLA          0 (0.0%)
      SST          0 (0.0%)
      TEM          0 (0.0%)
      SAL          0 (0.0%)
      total        0 (0.0%)
  writing modified obs errors to "observations.nc":
  calculating transforms:
  2019-04-03 11:56:36
        j = 3 (1: 17: 5.9%)
    creating kd-trees for observations:
    calculating transforms for t-grid-full:
    creating empty file "w.nc":
      distributing iterations:
        2 processes get 17 iterations each
      main cycle for t-grid-full (34 x 34 local analyses):
        j = 0 (0: 0: 5.9%)
        j = 6 (0: 1: 11.8%)
        j = 9 (1: 18: 11.8%)
        j = 12 (0: 2: 17.6%)
        j = 15 (1: 19: 17.6%)
        j = 21 (1: 20: 23.5%)
        j = 18 (0: 3: 23.5%)
        j = 27 (1: 21: 29.4%)
        j = 24 (0: 4: 29.4%)
        j = 33 (1: 22: 35.3%)
        j = 30 (0: 5: 35.3%)
        j = 39 (1: 23: 41.2%)
        j = 36 (0: 6: 41.2%)
        j = 45 (1: 24: 47.1%)
        j = 42 (0: 7: 47.1%)
        j = 51 (1: 25: 52.9%)
        j = 48 (0: 8: 52.9%)
        j = 57 (1: 26: 58.8%)
        j = 54 (0: 9: 58.8%)
        j = 63 (1: 27: 64.7%)
        j = 60 (0: 10: 64.7%)
        j = 69 (1: 28: 70.6%)
        j = 66 (0: 11: 70.6%)
        j = 75 (1: 29: 76.5%)
        j = 72 (0: 12: 76.5%)
        j = 81 (1: 30: 82.4%)
        j = 78 (0: 13: 82.4%)
        j = 87 (1: 31: 88.2%)
        j = 84 (0: 14: 88.2%)
        j = 93 (1: 32: 94.1%)
        j = 90 (0: 15: 94.1%)
        j = 99 (1: 33: 100.0%)
        j = 96 (0: 16: 100.0%)
    finished calculating transforms for t-grid-full
    writing stats to "enkf_diag.nc":
    summary stats on t-grid-full:
      # of local analyses = 1156
      average # of local obs = 294.1
      # of inversions in obs space = 277
      # of inversions in ens space = 879
  writing point logs:
    calculating transform for log point (30, 50): 509 obs
    writing the log for point (30, 50) on grid "t-grid-full":
  calculating analysed observations:
  2019-04-03 11:56:44
    sorting obs by ij:
    2019-04-03 11:56:44
    updating Hx:
    distributing iterations:
      2 processes get 1460 or 1459 iterations
    2019-04-03 11:56:44
  adding analysis innovations and spread to "observations.nc":
  printing observation statistics:
    region obs.type   # obs.  |for.inn.| |an.inn.|   for.inn.   an.inn.  for.spread  an.spread
    ------------------------------------------------------------------------------------------
    Global
           SLA           384    0.072      0.027      0.027      0.001      0.026      0.026  
             j1          162    0.083      0.023      0.045      0.001      0.029      0.029  
             n1          211    0.062      0.031      0.009      0.000      0.023      0.023  
             N/A          11    0.102      0.015      0.102      0.005      0.029      0.029  
           SST          2529    0.462      0.179     -0.256     -0.012      0.428      0.428  
             AVHRR      1692    0.472      0.159     -0.227     -0.005      0.436      0.436  
             WindSat     593    0.461      0.263     -0.325     -0.029      0.403      0.403  
             N/A         244    0.391      0.118     -0.288     -0.019      0.432      0.432  
           TEM             3    0.801      0.453      0.801      0.415      0.304      0.304  
             ARGO          3    0.801      0.453      0.801      0.415      0.304      0.304  
             0-50m         0     -nan       -nan       -nan       -nan       -nan       -nan  
             50-500m       3    0.801      0.453      0.801      0.415      0.304      0.304  
             500-9999m     0     -nan       -nan       -nan       -nan       -nan       -nan  
           SAL             3    0.111      0.077      0.072      0.033      0.026      0.026  
             ARGO          3    0.111      0.077      0.072      0.033      0.026      0.026  
             0-50m         0     -nan       -nan       -nan       -nan       -nan       -nan  
             50-500m       3    0.111      0.077      0.072      0.033      0.026      0.026  
             500-9999m     0     -nan       -nan       -nan       -nan       -nan       -nan  
  2019-04-03 11:56:44
  finished
