  running PREP for EnKF-C version 2.28.6:
    command = "./enkf_prep enoi.prm"
    dir = "/home/599/pxs599/tmp/enkf-c/enkf/examples/2"
  2024-05-05 14:36:43
  reading prep specs from "enoi.prm":
    MODEL PRM = "model.prm"
    GRID PRM = "grid.prm"
    OBS TYPES PRM = "obstypes.prm"
    OBS PRM = "obs.prm"
    DATE = "6565.5 days since 1990-01-01"
    BGDIR = "background_6565"
    ENSEMBLE DIR = "ensemble_static"
    ENSEMBLE SIZE = 144
    NCFORMAT = NETCDF4
    NCCOMPRESSION = 0
    EnKF flags:
      enkf_exitaction  = [BACKTRACE]
      enkf_obstype     = [VALUE]
    enkf_prep compile flags:
      INTERNAL_QSORT_R = [-]
  reading observation specs from "obs.prm":
    PRODUCT = RADS
      READER = scattered
      TYPE = SLA
        File: obs/RADS/2007/??_200712{19,20,21,22,23}.nc
      PARAMETER VARNAME = sla
      PARAMETER BATCHNAME = pass
      PARAMETER ZVALUE = NaN
      PARAMETER MINDEPTH = 100
    PRODUCT = ESACCI
      READER = scattered
      TYPE = SST
        File: obs/ESACCI/2007/200712{19,20,21,22,23}-*.nc
      PARAMETER VARNAME = sst
      PARAMETER ZVALUE = 0
      PARAMETER VARSHIFT = -273.15
    PRODUCT = WindSat
      READER = windsat
      TYPE = SST
        File: obs/WINDSAT/2007/windsat_200712{19,20,21,22,23}.nc
    PRODUCT = CMEMS
      READER = cmems
      TYPE = TEM
        File: obs/CORA52/2007/*_200712{19,20,21,22,23}_*.nc
      ERROR_STD = 0.4, operation = EQUAL
    PRODUCT = CMEMS
      READER = cmems
      TYPE = SAL
        File: obs/CORA52/2007/*_200712{19,20,21,22,23}_*.nc
      ERROR_STD = 0.075, operation = EQUAL
  creating model and observations:
    grid prm info:
      NAME = "t-grid"
      DOMAIN = ALL
      DATA = "conf2/grid_spec.nc"
      VTYPE = "z"
      VDIR = FROMSURF
      GEOGRAPHIC = yes
      ZVARNAME = "zt"
      ZCVARNAME = <none>
      DEPTHVARNAME = "depth_t"
      NUMLEVELSVARNAME = "num_levels"
      VDIR = "FROMSURF"
      XVARNAME = "lon"
      YVARNAME = "lat"
      ZSTATINTS = [0 50] [50 500] [500 9999] 
    grid info:
      size = 100 x 100 x 2
      h type = CURVILINEAR
      geographic = yes
      longitude range = [0.000, 360.000]
      kdtree "t-grid_XY":
        10000 nodes
        640048 bytes
      v type = Z
      v dir = FROMSURF
      STRIDE = 0
  model info:
    name = Tasman
    5 variables:
      eta_t:
        grid = "t-grid"
      temp:
        grid = "t-grid"
      salt:
        grid = "t-grid"
      u:
        grid = "t-grid"
      v:
        grid = "t-grid"
  reading observation type specs from "obstypes.prm":
    NAME = SLA
    ISSURFACE = 1
      VAR = eta_t
      ID = 0
      OFFSET = conf/eta_mean-bran.nc eta_t
      HFUNCTION = standard
      ALLOWED MIN = -1
      ALLOWED MAX = 1
      ASYNCHRONOUS = no
      LOCRAD  = 200
      LOCWEIGHT =  1
      RFACTOR = 1
      PERMIT_LOCATION_BASED_THINNING = YES
    NAME = SST
    ISSURFACE = 1
      VAR = temp
      ID = 1
      HFUNCTION = standard
      ALLOWED MIN = -2
      ALLOWED MAX = 42
      ASYNCHRONOUS = no
      LOCRAD  = 200
      LOCWEIGHT =  1
      RFACTOR = 16
      PERMIT_LOCATION_BASED_THINNING = NO
    NAME = TEM
    ISSURFACE = 0
      VAR = temp
      ID = 2
      HFUNCTION = standard
      ALLOWED MIN = -2
      ALLOWED MAX = 42
      ASYNCHRONOUS = no
      LOCRAD  = 800
      LOCWEIGHT =  1
      RFACTOR = 4
      PERMIT_LOCATION_BASED_THINNING = YES
    NAME = SAL
    ISSURFACE = 0
      VAR = salt
      ID = 3
      HFUNCTION = standard
      ALLOWED MIN = 28
      ALLOWED MAX = 39
      ASYNCHRONOUS = no
      LOCRAD  = 800
      LOCWEIGHT =  1
      RFACTOR = 4
      PERMIT_LOCATION_BASED_THINNING = YES
  reading observations:
    PRODUCT = RADS, TYPE = SLA, reader = scattered
      reading obs/RADS/2007/j1_20071219.nc:
        VARNAME = sla
        LONNAME = lon
        LATNAME = lat
        nobs = 19
        # obs added = 14
      reading obs/RADS/2007/n1_20071219.nc:
        VARNAME = sla
        LONNAME = lon
        LATNAME = lat
        nobs = 240
        # obs added = 229
      reading obs/RADS/2007/j1_20071221.nc:
        VARNAME = sla
        LONNAME = lon
        LATNAME = lat
        nobs = 355
        # obs added = 342
      reading obs/RADS/2007/n1_20071221.nc:
        VARNAME = sla
        LONNAME = lon
        LATNAME = lat
        nobs = 23
        # obs added = 20
      reading obs/RADS/2007/j1_20071222.nc:
        VARNAME = sla
        LONNAME = lon
        LATNAME = lat
        nobs = 73
        # obs added = 73
      reading obs/RADS/2007/n1_20071222.nc:
        VARNAME = sla
        LONNAME = lon
        LATNAME = lat
        nobs = 296
        # obs added = 292
      Section summary:
        id = 0 - 969
          1 observations in shallow areas
        total 970 observations
        969 valid observations
        min day = -4.264
        max day = -0.540
    PRODUCT = ESACCI, TYPE = SST, reader = scattered
      reading obs/ESACCI/2007/20071219-ESACCI-L3C-SSTdepth-AATSR-01-1d.nc:
        VARNAME = sst
        LONNAME = lon
        LATNAME = lat
        nobs = 4721
        # obs added = 4657
      reading obs/ESACCI/2007/20071219-ESACCI-L3C-SSTdepth-AATSR-03-1d.nc:
        VARNAME = sst
        LONNAME = lon
        LATNAME = lat
        nobs = 9136
        # obs added = 8667
      reading obs/ESACCI/2007/20071219-ESACCI-L3C-SSTdepth-AVHRR15-01-1d.nc:
        VARNAME = sst
        LONNAME = lon
        LATNAME = lat
        nobs = 3439
        # obs added = 3328
      reading obs/ESACCI/2007/20071219-ESACCI-L3C-SSTdepth-AVHRR15-03-1d.nc:
        VARNAME = sst
        LONNAME = lon
        LATNAME = lat
        nobs = 3706
        # obs added = 3601
      reading obs/ESACCI/2007/20071219-ESACCI-L3C-SSTdepth-AVHRR17-01-1d.nc:
        VARNAME = sst
        LONNAME = lon
        LATNAME = lat
        nobs = 277
        # obs added = 258
      reading obs/ESACCI/2007/20071219-ESACCI-L3C-SSTdepth-AVHRR17-02-1d.nc:
        VARNAME = sst
        LONNAME = lon
        LATNAME = lat
        nobs = 898
        # obs added = 892
      reading obs/ESACCI/2007/20071219-ESACCI-L3C-SSTdepth-AVHRR17-03-1d.nc:
        VARNAME = sst
        LONNAME = lon
        LATNAME = lat
        nobs = 196
        # obs added = 178
      reading obs/ESACCI/2007/20071219-ESACCI-L3C-SSTdepth-AVHRR18-00-1d.nc:
        VARNAME = sst
        LONNAME = lon
        LATNAME = lat
        nobs = 949
        # obs added = 936
      reading obs/ESACCI/2007/20071219-ESACCI-L3C-SSTdepth-AVHRR18-02-1d.nc:
        VARNAME = sst
        LONNAME = lon
        LATNAME = lat
        nobs = 3850
        # obs added = 3800
      reading obs/ESACCI/2007/20071219-ESACCI-L3C-SSTdepth-AVHRRMTA-01-1d.nc:
        VARNAME = sst
        LONNAME = lon
        LATNAME = lat
        nobs = 1594
        # obs added = 1548
      reading obs/ESACCI/2007/20071219-ESACCI-L3C-SSTdepth-AVHRRMTA-02-1d.nc:
        VARNAME = sst
        LONNAME = lon
        LATNAME = lat
        nobs = 4
        # obs added = 4
      reading obs/ESACCI/2007/20071219-ESACCI-L3C-SSTdepth-AVHRRMTA-03-1d.nc:
        VARNAME = sst
        LONNAME = lon
        LATNAME = lat
        nobs = 6764
        # obs added = 6519
      reading obs/ESACCI/2007/20071220-ESACCI-L3C-SSTdepth-AVHRR15-01-1d.nc:
        VARNAME = sst
        LONNAME = lon
        LATNAME = lat
        nobs = 4415
        # obs added = 3873
      reading obs/ESACCI/2007/20071220-ESACCI-L3C-SSTdepth-AVHRR15-02-1d.nc:
        VARNAME = sst
        LONNAME = lon
        LATNAME = lat
        nobs = 2347
        # obs added = 2343
      reading obs/ESACCI/2007/20071220-ESACCI-L3C-SSTdepth-AVHRR15-03-1d.nc:
        VARNAME = sst
        LONNAME = lon
        LATNAME = lat
        nobs = 127
        # obs added = 122
      reading obs/ESACCI/2007/20071220-ESACCI-L3C-SSTdepth-AVHRR17-02-1d.nc:
        VARNAME = sst
        LONNAME = lon
        LATNAME = lat
        nobs = 2040
        # obs added = 2030
      reading obs/ESACCI/2007/20071220-ESACCI-L3C-SSTdepth-AVHRR17-03-1d.nc:
        VARNAME = sst
        LONNAME = lon
        LATNAME = lat
        nobs = 9749
        # obs added = 9404
      reading obs/ESACCI/2007/20071220-ESACCI-L3C-SSTdepth-AVHRR18-00-1d.nc:
        VARNAME = sst
        LONNAME = lon
        LATNAME = lat
        nobs = 4094
        # obs added = 3918
      reading obs/ESACCI/2007/20071220-ESACCI-L3C-SSTdepth-AVHRR18-02-1d.nc:
        VARNAME = sst
        LONNAME = lon
        LATNAME = lat
        nobs = 3263
        # obs added = 3157
      reading obs/ESACCI/2007/20071220-ESACCI-L3C-SSTdepth-AVHRRMTA-01-1d.nc:
        VARNAME = sst
        LONNAME = lon
        LATNAME = lat
        nobs = 508
        # obs added = 434
      reading obs/ESACCI/2007/20071220-ESACCI-L3C-SSTdepth-AVHRRMTA-02-1d.nc:
        VARNAME = sst
        LONNAME = lon
        LATNAME = lat
        nobs = 544
        # obs added = 544
      reading obs/ESACCI/2007/20071220-ESACCI-L3C-SSTdepth-AVHRRMTA-03-1d.nc:
        VARNAME = sst
        LONNAME = lon
        LATNAME = lat
        nobs = 982
        # obs added = 913
      reading obs/ESACCI/2007/20071221-ESACCI-L3C-SSTdepth-AATSR-03-1d.nc:
        VARNAME = sst
        LONNAME = lon
        LATNAME = lat
        nobs = 13
        # obs added = 13
      reading obs/ESACCI/2007/20071221-ESACCI-L3C-SSTdepth-AVHRR15-01-1d.nc:
        VARNAME = sst
        LONNAME = lon
        LATNAME = lat
        nobs = 4798
        # obs added = 4360
      reading obs/ESACCI/2007/20071221-ESACCI-L3C-SSTdepth-AVHRR15-02-1d.nc:
        VARNAME = sst
        LONNAME = lon
        LATNAME = lat
        nobs = 95
        # obs added = 84
      reading obs/ESACCI/2007/20071221-ESACCI-L3C-SSTdepth-AVHRR17-01-1d.nc:
        VARNAME = sst
        LONNAME = lon
        LATNAME = lat
        nobs = 3582
        # obs added = 3153
      reading obs/ESACCI/2007/20071221-ESACCI-L3C-SSTdepth-AVHRR17-03-1d.nc:
        VARNAME = sst
        LONNAME = lon
        LATNAME = lat
        nobs = 1805
        # obs added = 1599
      reading obs/ESACCI/2007/20071221-ESACCI-L3C-SSTdepth-AVHRR18-00-1d.nc:
        VARNAME = sst
        LONNAME = lon
        LATNAME = lat
        nobs = 26273
        # obs added = 25659
      reading obs/ESACCI/2007/20071221-ESACCI-L3C-SSTdepth-AVHRR18-02-1d.nc:
        VARNAME = sst
        LONNAME = lon
        LATNAME = lat
        nobs = 712
        # obs added = 616
      reading obs/ESACCI/2007/20071221-ESACCI-L3C-SSTdepth-AVHRRMTA-01-1d.nc:
        VARNAME = sst
        LONNAME = lon
        LATNAME = lat
        nobs = 1029
        # obs added = 906
      reading obs/ESACCI/2007/20071221-ESACCI-L3C-SSTdepth-AVHRRMTA-03-1d.nc:
        VARNAME = sst
        LONNAME = lon
        LATNAME = lat
        nobs = 404
        # obs added = 369
      reading obs/ESACCI/2007/20071222-ESACCI-L3C-SSTdepth-AATSR-01-1d.nc:
        VARNAME = sst
        LONNAME = lon
        LATNAME = lat
        nobs = 1224
        # obs added = 1092
      reading obs/ESACCI/2007/20071222-ESACCI-L3C-SSTdepth-AATSR-03-1d.nc:
        VARNAME = sst
        LONNAME = lon
        LATNAME = lat
        nobs = 6329
        # obs added = 6107
      reading obs/ESACCI/2007/20071222-ESACCI-L3C-SSTdepth-AVHRR15-01-1d.nc:
        VARNAME = sst
        LONNAME = lon
        LATNAME = lat
        nobs = 227
        # obs added = 167
      reading obs/ESACCI/2007/20071222-ESACCI-L3C-SSTdepth-AVHRR15-03-1d.nc:
        VARNAME = sst
        LONNAME = lon
        LATNAME = lat
        nobs = 345
        # obs added = 337
      reading obs/ESACCI/2007/20071222-ESACCI-L3C-SSTdepth-AVHRR17-01-1d.nc:
        VARNAME = sst
        LONNAME = lon
        LATNAME = lat
        nobs = 845
        # obs added = 755
      reading obs/ESACCI/2007/20071222-ESACCI-L3C-SSTdepth-AVHRR17-02-1d.nc:
        VARNAME = sst
        LONNAME = lon
        LATNAME = lat
        nobs = 6
        # obs added = 1
      reading obs/ESACCI/2007/20071222-ESACCI-L3C-SSTdepth-AVHRR17-03-1d.nc:
        VARNAME = sst
        LONNAME = lon
        LATNAME = lat
        nobs = 4895
        # obs added = 4700
      reading obs/ESACCI/2007/20071222-ESACCI-L3C-SSTdepth-AVHRR18-00-1d.nc:
        VARNAME = sst
        LONNAME = lon
        LATNAME = lat
        nobs = 1288
        # obs added = 1117
      reading obs/ESACCI/2007/20071222-ESACCI-L3C-SSTdepth-AVHRR18-02-1d.nc:
        VARNAME = sst
        LONNAME = lon
        LATNAME = lat
        nobs = 5499
        # obs added = 5274
      reading obs/ESACCI/2007/20071222-ESACCI-L3C-SSTdepth-AVHRRMTA-01-1d.nc:
        VARNAME = sst
        LONNAME = lon
        LATNAME = lat
        nobs = 2143
        # obs added = 1932
      reading obs/ESACCI/2007/20071222-ESACCI-L3C-SSTdepth-AVHRRMTA-03-1d.nc:
        VARNAME = sst
        LONNAME = lon
        LATNAME = lat
        nobs = 7966
        # obs added = 7690
      reading obs/ESACCI/2007/20071223-ESACCI-L3C-SSTdepth-AVHRR15-01-1d.nc:
        VARNAME = sst
        LONNAME = lon
        LATNAME = lat
        nobs = 6400
        # obs added = 6208
      reading obs/ESACCI/2007/20071223-ESACCI-L3C-SSTdepth-AVHRR15-03-1d.nc:
        VARNAME = sst
        LONNAME = lon
        LATNAME = lat
        nobs = 587
        # obs added = 587
      reading obs/ESACCI/2007/20071223-ESACCI-L3C-SSTdepth-AVHRR17-01-1d.nc:
        VARNAME = sst
        LONNAME = lon
        LATNAME = lat
        nobs = 477
        # obs added = 423
      reading obs/ESACCI/2007/20071223-ESACCI-L3C-SSTdepth-AVHRR17-02-1d.nc:
        VARNAME = sst
        LONNAME = lon
        LATNAME = lat
        nobs = 102
        # obs added = 102
      reading obs/ESACCI/2007/20071223-ESACCI-L3C-SSTdepth-AVHRR17-03-1d.nc:
        VARNAME = sst
        LONNAME = lon
        LATNAME = lat
        nobs = 1855
        # obs added = 1661
      reading obs/ESACCI/2007/20071223-ESACCI-L3C-SSTdepth-AVHRR18-00-1d.nc:
        VARNAME = sst
        LONNAME = lon
        LATNAME = lat
        nobs = 7760
        # obs added = 7520
      reading obs/ESACCI/2007/20071223-ESACCI-L3C-SSTdepth-AVHRR18-02-1d.nc:
        VARNAME = sst
        LONNAME = lon
        LATNAME = lat
        nobs = 2389
        # obs added = 2364
      reading obs/ESACCI/2007/20071223-ESACCI-L3C-SSTdepth-AVHRRMTA-01-1d.nc:
        VARNAME = sst
        LONNAME = lon
        LATNAME = lat
        nobs = 1500
        # obs added = 1377
      reading obs/ESACCI/2007/20071223-ESACCI-L3C-SSTdepth-AVHRRMTA-03-1d.nc:
        VARNAME = sst
        LONNAME = lon
        LATNAME = lat
        nobs = 8570
        # obs added = 8202
      Section summary:
        id = 970 - 156470
        total 155501 observations
        155501 valid observations
        min day = -4.330
        max day = 0.437
    PRODUCT = WindSat, TYPE = SST, reader = windsat
      reading obs/WINDSAT/2007/windsat_20071219.nc:
        nobs = 320738
        nobs = 320738
        # obs added = 1168
      reading obs/WINDSAT/2007/windsat_20071220.nc:
        nobs = 29534
        nobs = 29534
        # obs added = 0
      Section summary:
        id = 156471 - 157638
        total 1168 observations
        1168 valid observations
        min day = -4.000
        max day = -4.000
    PRODUCT = CMEMS, TYPE = TEM, reader = cmems
      reading obs/CORA52/2007/CO_DMQCGL01_20071219_PR_PF.nc:
        # profiles = 3
        # levels = 967
        # profiles with data to process = 2
        # unique locations = 2
        nobs = 126
        # of processed obs by quality flags:
          1: 126 obs
        # obs added = 126
      reading obs/CORA52/2007/CO_DMQCGL01_20071219_TS_DB.nc:
        # profiles = 45
        # levels = 45
        processed 22 adjusted profiles
        processed 23 non-adjusted profiles
        # profiles with data to process = 45
        # unique locations = 39
        nobs = 45
        # of processed obs by quality flags:
          1: 45 obs
        # obs added = 45
      reading obs/CORA52/2007/CO_DMQCGL01_20071219_TS_MO.nc:
        # profiles = 96
        # levels = 60
        processed 48 adjusted profiles
        processed 48 non-adjusted profiles
        # profiles with data to process = 96
        # unique locations = 2
        nobs = 96
        # of processed obs by quality flags:
          1: 96 obs
        # obs added = 96
      reading obs/CORA52/2007/CO_DMQCGL01_20071220_PR_PF.nc:
        # profiles = 1
        # levels = 952
        # profiles with data to process = 1
        nobs = 56
        # of processed obs by quality flags:
          1: 56 obs
        # obs added = 56
      reading obs/CORA52/2007/CO_DMQCGL01_20071220_TS_DB.nc:
        # profiles = 37
        # levels = 33
        processed 16 adjusted profiles
        processed 21 non-adjusted profiles
        # profiles with data to process = 37
        # unique locations = 33
        nobs = 37
        # of processed obs by quality flags:
          1: 37 obs
        # obs added = 37
      reading obs/CORA52/2007/CO_DMQCGL01_20071220_TS_MO.nc:
        # profiles = 96
        # levels = 60
        processed 48 adjusted profiles
        processed 48 non-adjusted profiles
        # profiles with data to process = 96
        # unique locations = 2
        nobs = 96
        # of processed obs by quality flags:
          1: 96 obs
        # obs added = 96
      reading obs/CORA52/2007/CO_DMQCGL01_20071221_PR_PF.nc:
        # profiles = 1
        # levels = 974
        # profiles with data to process = 1
        nobs = 56
        # of processed obs by quality flags:
          1: 56 obs
        # obs added = 56
      reading obs/CORA52/2007/CO_DMQCGL01_20071221_TS_DB.nc:
        # profiles = 38
        # levels = 48
        processed 16 adjusted profiles
        processed 22 non-adjusted profiles
        # profiles with data to process = 38
        # unique locations = 33
        nobs = 38
        # of processed obs by quality flags:
          1: 38 obs
        # obs added = 38
      reading obs/CORA52/2007/CO_DMQCGL01_20071221_TS_MO.nc:
        # profiles = 96
        # levels = 60
        processed 48 adjusted profiles
        processed 48 non-adjusted profiles
        # profiles with data to process = 96
        # unique locations = 2
        nobs = 96
        # of processed obs by quality flags:
          1: 96 obs
        # obs added = 96
      reading obs/CORA52/2007/CO_DMQCGL01_20071222_TS_DB.nc:
        # profiles = 43
        # levels = 48
        processed 21 adjusted profiles
        processed 22 non-adjusted profiles
        # profiles with data to process = 43
        # unique locations = 36
        nobs = 43
        # of processed obs by quality flags:
          1: 43 obs
        # obs added = 43
      reading obs/CORA52/2007/CO_DMQCGL01_20071222_TS_MO.nc:
        # profiles = 96
        # levels = 60
        processed 48 adjusted profiles
        processed 48 non-adjusted profiles
        # profiles with data to process = 96
        # unique locations = 2
        nobs = 96
        # of processed obs by quality flags:
          1: 96 obs
        # obs added = 96
      reading obs/CORA52/2007/CO_DMQCGL01_20071223_TS_DB.nc:
        # profiles = 45
        # levels = 33
        processed 23 adjusted profiles
        processed 22 non-adjusted profiles
        # profiles with data to process = 45
        # unique locations = 42
        nobs = 45
        # of processed obs by quality flags:
          1: 45 obs
        # obs added = 45
      reading obs/CORA52/2007/CO_DMQCGL01_20071223_TS_MO.nc:
        # profiles = 96
        # levels = 60
        processed 48 adjusted profiles
        processed 48 non-adjusted profiles
        # profiles with data to process = 96
        # unique locations = 2
        nobs = 96
        # of processed obs by quality flags:
          1: 96 obs
        # obs added = 96
      Section summary:
        id = 157639 - 158564
        total 926 observations
        831 valid observations
        min day = -4.500
        max day = 0.479
      setting error_std to 0.4
    PRODUCT = CMEMS, TYPE = SAL, reader = cmems
      reading obs/CORA52/2007/CO_DMQCGL01_20071219_PR_PF.nc:
        # profiles = 3
        # levels = 967
        # profiles with data to process = 2
        # unique locations = 2
        nobs = 126
        # of processed obs by quality flags:
          1: 126 obs
        # obs added = 126
      reading obs/CORA52/2007/CO_DMQCGL01_20071219_TS_DB.nc:
        # profiles = 45
        # levels = 45
        no data of specified type
        # obs added = 0
      reading obs/CORA52/2007/CO_DMQCGL01_20071219_TS_MO.nc:
        # profiles = 96
        # levels = 60
        no data of specified type
        # obs added = 0
      reading obs/CORA52/2007/CO_DMQCGL01_20071220_PR_PF.nc:
        # profiles = 1
        # levels = 952
        # profiles with data to process = 1
        nobs = 56
        # of processed obs by quality flags:
          1: 56 obs
        # obs added = 56
      reading obs/CORA52/2007/CO_DMQCGL01_20071220_TS_DB.nc:
        # profiles = 37
        # levels = 33
        no data of specified type
        # obs added = 0
      reading obs/CORA52/2007/CO_DMQCGL01_20071220_TS_MO.nc:
        # profiles = 96
        # levels = 60
        no data of specified type
        # obs added = 0
      reading obs/CORA52/2007/CO_DMQCGL01_20071221_PR_PF.nc:
        # profiles = 1
        # levels = 974
        # profiles with data to process = 1
        nobs = 56
        # of processed obs by quality flags:
          1: 56 obs
        # obs added = 56
      reading obs/CORA52/2007/CO_DMQCGL01_20071221_TS_DB.nc:
        # profiles = 38
        # levels = 48
        no data of specified type
        # obs added = 0
      reading obs/CORA52/2007/CO_DMQCGL01_20071221_TS_MO.nc:
        # profiles = 96
        # levels = 60
        no data of specified type
        # obs added = 0
      reading obs/CORA52/2007/CO_DMQCGL01_20071222_TS_DB.nc:
        # profiles = 43
        # levels = 48
        no data of specified type
        # obs added = 0
      reading obs/CORA52/2007/CO_DMQCGL01_20071222_TS_MO.nc:
        # profiles = 96
        # levels = 60
        no data of specified type
        # obs added = 0
      reading obs/CORA52/2007/CO_DMQCGL01_20071223_TS_DB.nc:
        # profiles = 45
        # levels = 33
        no data of specified type
        # obs added = 0
      reading obs/CORA52/2007/CO_DMQCGL01_20071223_TS_MO.nc:
        # profiles = 96
        # levels = 60
        no data of specified type
        # obs added = 0
      Section summary:
        id = 158565 - 158802
        total 238 observations
        143 valid observations
        min day = -3.733
        max day = -1.742
      setting error_std to 0.075
  2024-05-05 14:36:44
  compacting obs:
  2024-05-05 14:36:44
  sorting:
  2024-05-05 14:36:44
  superobing:
    504 observations thinned
    10250 superobservations
  2024-05-05 14:36:44
  checking for superobs on land:
    all good
  2024-05-05 14:36:44
  writing superobservations to "observations.nc":
  printing observation summary:
    type    #used    #dropped #out_grd #out_obs #out_wnd #land    #shallow #badbatch#badvalue#thinned #excluded#superobs
    -----------------------------------------------------------------------------------------------------------
    SLA     969      1        0        0        0        0        1        0        0        0        0        652     
    SST     156669   0        0        0        0        0        0        0        0        0        0        9554    
    TEM     327      599      95       0        0        0        0        0        0        504      0        39      
    SAL     143      95       95       0        0        0        0        0        0        0        0        5       
    total   158108   695      190      0        0        0        1        0        0        504      0        10250   
  2024-05-05 14:36:44
  finished
