[sparse:04862] mca: base: component_find: unable to open /usr/lib64/mpi/gcc/openmpi/lib64/openmpi/mca_btl_usnic: libpsm_infinipath.so.1: cannot open shared object file: No such file or directory (ignored)
[sparse:04862] mca: base: component_find: unable to open /usr/lib64/mpi/gcc/openmpi/lib64/openmpi/mca_mtl_psm: libpsm_infinipath.so.1: cannot open shared object file: No such file or directory (ignored)
[sparse:04863] mca: base: component_find: unable to open /usr/lib64/mpi/gcc/openmpi/lib64/openmpi/mca_btl_usnic: libpsm_infinipath.so.1: cannot open shared object file: No such file or directory (ignored)
[sparse:04863] mca: base: component_find: unable to open /usr/lib64/mpi/gcc/openmpi/lib64/openmpi/mca_mtl_psm: libpsm_infinipath.so.1: cannot open shared object file: No such file or directory (ignored)
[sparse:04862] mca: base: component_find: unable to open /usr/lib64/mpi/gcc/openmpi/lib64/openmpi/mca_mtl_ofi: libpsm_infinipath.so.1: cannot open shared object file: No such file or directory (ignored)
[sparse:04863] mca: base: component_find: unable to open /usr/lib64/mpi/gcc/openmpi/lib64/openmpi/mca_mtl_ofi: libpsm_infinipath.so.1: cannot open shared object file: No such file or directory (ignored)
  MPI: initialised 2 process(es)
  MPI: rank = 0, PID = 4862
  MPI: rank = 1, PID = 4863
  running UPDATE for EnKF-C version 1.76.0:
    command = "./enkf_update --calculate-spread enoi.prm"
    dir = "/home/pavel/src/enkf-c/trunk/enkf/examples/2"
  2018-04-27 14:56:51
  reading system specs from "enoi.prm":
    MODE = EnOI
    MODEL PRM = "model.prm"
    GRID PRM = "grid.prm"
    OBS TYPES PRM = "obstypes.prm"
    OBS PRM = "obs.prm"
    DATE = "6565.5 days since 1990-01-01"
    BGDIR = "background_6565"
    ENSEMBLE DIR = "ensemble_static"
    ENSEMBLE SIZE = 144
    RFACTOR BASE = 1.0
    INFLATION BASE = 1.0000
    INFLATION MODE = SPREAD LIMITED, MAX RATIO = 1.00
    KFACTOR = 999.0
    LOCRAD = 200
    STRIDE = 3
    FIELDBUFFERSIZE = 4
    REGION Global: x = [0.0, 360.0], y = [-90.0, 90.0], z intervals = 
    POINTLOG 30 50
    SOBSTRIDE = 1
    NCFORMAT = 64BIT
    NCCOMPRESSION = 0
    EnKF flags:
      enkf_exitaction  = [BACKTRACE]
      enkf_obstype     = [VALUE]
    compile flags:
  update specs:
    do model fields  = [+]
    do spread        = [+]
    do pointlogs     = [+]
    separate output  = [+]
  initialising the system:
    grid prm info:
      NAME = "t-grid"
      DATA = "conf2/grid_spec.nc"
      MAPTYPE = "B"
      VTYPE = "z"
      ZVARNAME = "zt"
      ZCVARNAME = <none>
      DEPTHVARNAME = "depth_t"
      NUMLEVELSVARNAME = "num_levels"
      VDIR = "FROMSURF"
      XVARNAME = "lon"
      YVARNAME = "lat"
      ZSTATINTS = [0 50] [50 500] [500 9999] 
    grid info:
      hor type = CURVILINEAR
      map type = BINARY TREE
      dims = 100 x 100 x 2
      longitude range = [0.000, 360.000]
      v type = Z
      v dir = FROMSURF
    model info:
      name = Tasman
      5 variables:
        eta_t:
          grid = "t-grid"
          inflation = 1.000 1.00
        temp:
          grid = "t-grid"
          inflation = 1.000 1.00
        salt:
          grid = "t-grid"
          inflation = 1.000 1.00
        u:
          grid = "t-grid"
          inflation = 1.000 1.00
        v:
          grid = "t-grid"
          inflation = 1.000 1.00
      0 modeldata:
  updating the model state:
    144 members
    allocating disk space for spread:
    defining state variables in point logs:
    2018-04-27 14:56:51
    allocating disk space for analysis:.....
    updating fields for t-grid:
      2018-04-27 14:56:51
      9 fields
      distributing iterations:
        2 processes get 5 or 4 iterations
      u        0   (1: 5: 25.0%)
      eta_t    0   (0: 0: 20.0%)
      temp     0   (0: 1: 40.0%)
      temp     1   (0: 2: 60.0%)
      u        1   (1: 6: 50.0%)
      salt     0   (0: 3: 80.0%)
      v        0   (1: 7: 75.0%)
      salt     1   (0: 4: 100.0%)
      v        1   (1: 8: 100.0%)
  2018-04-27 14:56:52
  assembling analysis:
    eta_t:.
    temp:..
    salt:..
    u:..
    v:..
  2018-04-27 14:56:52
  assembling spread:
    eta_t:.
    temp:..
    salt:..
    u:..
    v:..
  2018-04-27 14:56:52
  assembling state variables in point logs:
    distributing iterations:
      2 processes get 1 or 0 iterations
    deleting tiles:
      distributing iterations:
        2 processes get 5 or 4 iterations
  2018-04-27 14:56:52
  finished
