  MPI: initialised 4 process(es)
  running UPDATE for EnKF-C version 2.28.6:
    command = "./enkf_update --calculate-spread --write-inflation enkf.prm"
    dir = "/home/599/pxs599/tmp/enkf-c/enkf/examples/2"
  2024-05-05 14:36:25
  reading system specs from "enkf.prm":
    MODE = EnKF
    SCHEME = DEnKF
    MODEL PRM = "model.prm"
    GRID PRM = "grid.prm"
    ENSEMBLE DIR = "ensemble_6565"
    ENSEMBLE SIZE = 96
    INFLATION BASE = 1.1000
    INFLATION MODE = CAPPED, MAX RATIO = 1.00
    STRIDE = 3
    FIELDBUFFERSIZE = 4
    POINTLOG 156.000 -32.000 
    NCFORMAT = NETCDF4
    NCCOMPRESSION = 0
    EnKF flags:
      enkf_exitaction  = [SEGFAULT]
      enkf_obstype     = [VALUE]
    enkf_update compile flags:
      NCW_SKIPSINGLE   = [-]
      USE_MPIQUEUE     = [+]
      DEFLATE_ALL      = [-]
  update specs:
    do model fields   = [+]
    do spread         = [+]
    do pointlogs      = [+]
    separate output   = [+]
  initialising the system:
    grid prm info:
      NAME = "t-grid"
      DOMAIN = ALL
      DATA = "conf2/grid_spec.nc"
      VTYPE = "z"
      VDIR = FROMSURF
      GEOGRAPHIC = yes
      ZVARNAME = "zt"
      ZCVARNAME = <none>
      DEPTHVARNAME = "depth_t"
      NUMLEVELSVARNAME = "num_levels"
      VDIR = "FROMSURF"
      XVARNAME = "lon"
      YVARNAME = "lat"
      ZSTATINTS = [0 50] [50 500] [500 9999] 
    grid info:
      size = 100 x 100 x 2
      h type = 2D (no coords)
      longitude range = any
      v type = Z
      v dir = FROMSURF
      STRIDE = 0
  model info:
    name = Tasman
    5 variables:
      eta_t:
        grid = "t-grid"
        inflation = 1.100 1.00
      temp:
        grid = "t-grid"
        inflation = 1.100 1.00
      salt:
        grid = "t-grid"
        inflation = 1.100 1.00
      u:
        grid = "t-grid"
        inflation = 1.100 1.00
      v:
        grid = "t-grid"
        inflation = 1.100 1.00
  setting the ensemble size:
    96 members
  initialising pointlogs:
    pointlog (156.000, -32.000):
      t-grid: (i, j) = (49.500, 49.500)
  updating the ensemble:
    allocating disk space for spread:
    allocating disk space for inflation:
    defining state variables in point logs:
    distributing 96 iterations:
      4 processes get 24 iterations each
    2024-05-05 14:36:25
    allocating disk space for analysis:................................................................................................................................................................................................................................................................................................................................................................................................................................................................................................
      temp     1   (3: 2: 33.3%)
      temp     0   (2: 1: 22.2%)
      eta_t    0   (1: 0: 11.1%)
      salt     0   (2: 3: 44.4%)
      salt     1   (3: 4: 55.6%)
      u        0   (1: 5: 66.7%)
      v        0   (3: 7: 88.9%)
      u        1   (2: 6: 77.8%)
      v        1   (1: 8: 100.0%)
  2024-05-05 14:36:28
  assembling analysis:
    distributing 96 iterations:
      4 processes get 24 iterations each
    eta_t:........................
    temp:........................
    salt:........................
    u:........................
    v:........................
  2024-05-05 14:36:30
  assembling spread:
    eta_t:.
    eta_t_an:.
    temp:..
    temp_an:..
    salt:..
    salt_an:..
    u:..
    u_an:..
    v:..
    v_an:..
  2024-05-05 14:36:30
  assembling inflation:
    eta_t:.
    temp:..
    salt:..
    u:..
    v:..
  2024-05-05 14:36:30
  assembling state variables in point logs:
    distributing 1 iterations:
      1 processes get 1 iteration, 3 processes get 0 iterations
    deleting tiles:
      distributing 9 iterations:
        4 processes get 3 or 2 iterations
  2024-05-05 14:36:30
  finished
